2017/10/06 15:28:55 INFO  - jmeter.util.JMeterUtils: Setting Locale to en_US 
2017/10/06 15:28:55 INFO  - jmeter.JMeter: Loading user properties from: C:\Users\Administrator\Desktop\apache-jmeter-3.1\apache-jmeter-3.1\bin\user.properties 
2017/10/06 15:28:55 INFO  - jmeter.JMeter: Loading system properties from: C:\Users\Administrator\Desktop\apache-jmeter-3.1\apache-jmeter-3.1\bin\system.properties 
2017/10/06 15:28:55 INFO  - jmeter.JMeter: Copyright (c) 1998-2016 The Apache Software Foundation 
2017/10/06 15:28:55 INFO  - jmeter.JMeter: Version 3.1 r1770033 
2017/10/06 15:28:55 INFO  - jmeter.JMeter: java.version=1.7.0_60 
2017/10/06 15:28:55 INFO  - jmeter.JMeter: java.vm.name=Java HotSpot(TM) 64-Bit Server VM 
2017/10/06 15:28:55 INFO  - jmeter.JMeter: os.name=Windows Server 2012 R2 
2017/10/06 15:28:55 INFO  - jmeter.JMeter: os.arch=amd64 
2017/10/06 15:28:55 INFO  - jmeter.JMeter: os.version=6.3 
2017/10/06 15:28:55 INFO  - jmeter.JMeter: file.encoding=Cp1252 
2017/10/06 15:28:55 INFO  - jmeter.JMeter: Max memory     =523763712 
2017/10/06 15:28:55 INFO  - jmeter.JMeter: Available Processors =4 
2017/10/06 15:28:55 INFO  - jmeter.JMeter: Default Locale=English (United States) 
2017/10/06 15:28:55 INFO  - jmeter.JMeter: JMeter  Locale=English (United States) 
2017/10/06 15:28:55 INFO  - jmeter.JMeter: JMeterHome=C:\Users\Administrator\Desktop\apache-jmeter-3.1\apache-jmeter-3.1 
2017/10/06 15:28:55 INFO  - jmeter.JMeter: user.dir  =C:\perf_project_git\EAS_4.6\Jmeter_scripts\List_Organizations\20Users 
2017/10/06 15:28:55 INFO  - jmeter.JMeter: PWD       =C:\perf_project_git\EAS_4.6\Jmeter_scripts\List_Organizations\20Users 
2017/10/06 15:28:55 INFO  - jmeter.JMeter: IP: 10.10.3.15 Name: ESCM-APP FullName: ESCM-APP 
2017/10/06 15:28:55 INFO  - jmeter.services.FileServer: Default base='C:\perf_project_git\EAS_4.6\Jmeter_scripts\List_Organizations\20Users' 
2017/10/06 15:28:55 INFO  - jmeter.services.FileServer: Set new base='C:\perf_project_git\EAS_4.6\Jmeter_scripts\List_Organizations\20Users' 
2017/10/06 15:28:56 INFO  - jmeter.save.SaveService: Testplan (JMX) version: 2.2. Testlog (JTL) version: 2.2 
2017/10/06 15:28:56 INFO  - jmeter.save.SaveService: Using SaveService properties file encoding UTF-8 
2017/10/06 15:28:56 INFO  - jmeter.save.SaveService: Using SaveService properties version 3.1 
2017/10/06 15:28:56 INFO  - jmeter.save.SaveService: All converter versions present and correct 
2017/10/06 15:28:56 INFO  - jmeter.save.SaveService: Loading file: List_organizations.jmx 
2017/10/06 15:28:56 INFO  - jmeter.protocol.http.sampler.HTTPSamplerBase: Parser for text/html is org.apache.jmeter.protocol.http.parser.LagartoBasedHtmlParser 
2017/10/06 15:28:56 INFO  - jmeter.protocol.http.sampler.HTTPSamplerBase: Parser for application/xhtml+xml is org.apache.jmeter.protocol.http.parser.LagartoBasedHtmlParser 
2017/10/06 15:28:56 INFO  - jmeter.protocol.http.sampler.HTTPSamplerBase: Parser for application/xml is org.apache.jmeter.protocol.http.parser.LagartoBasedHtmlParser 
2017/10/06 15:28:56 INFO  - jmeter.protocol.http.sampler.HTTPSamplerBase: Parser for text/xml is org.apache.jmeter.protocol.http.parser.LagartoBasedHtmlParser 
2017/10/06 15:28:56 INFO  - jmeter.protocol.http.sampler.HTTPSamplerBase: Parser for text/vnd.wap.wml is org.apache.jmeter.protocol.http.parser.RegexpHTMLParser 
2017/10/06 15:28:56 INFO  - jmeter.protocol.http.sampler.HTTPSamplerBase: Parser for text/css is org.apache.jmeter.protocol.http.parser.CssParser 
2017/10/06 15:28:57 INFO  - jmeter.protocol.http.control.CacheManager: Will only cache the following methods: [GET] 
2017/10/06 15:28:57 INFO  - jmeter.protocol.http.control.CookieManager: Settings: Delete null: true Check: true Allow variable: true Save: false Prefix: COOKIE_ 
2017/10/06 15:28:58 INFO  - jmeter.JMeter: Creating summariser <summary> 
2017/10/06 15:28:58 INFO  - jmeter.engine.StandardJMeterEngine: Running the test! 
2017/10/06 15:28:58 INFO  - jmeter.samplers.SampleEvent: List of sample_variables: [] 
2017/10/06 15:28:58 INFO  - jmeter.samplers.SampleEvent: List of sample_variables: [] 
2017/10/06 15:28:58 INFO  - jmeter.engine.util.CompoundVariable: Note: Function class names must contain the string: '.functions.' 
2017/10/06 15:28:58 INFO  - jmeter.engine.util.CompoundVariable: Note: Function class names must not contain the string: '.gui.' 
2017/10/06 15:28:59 INFO  - jmeter.JMeter: Running test (1507283939398) 
2017/10/06 15:28:59 INFO  - jmeter.engine.StandardJMeterEngine: Starting ThreadGroup: 1 : Thread Group 
2017/10/06 15:28:59 INFO  - jmeter.engine.StandardJMeterEngine: Starting 20 threads for group Thread Group. 
2017/10/06 15:28:59 INFO  - jmeter.engine.StandardJMeterEngine: Thread will continue on error 
2017/10/06 15:28:59 INFO  - jmeter.threads.ThreadGroup: Starting thread group number 1 threads 20 ramp-up 20 perThread 1000.0 delayedStart=false 
2017/10/06 15:28:59 INFO  - jmeter.samplers.SampleResult: Note: Sample TimeStamps are START times 
2017/10/06 15:28:59 INFO  - jmeter.samplers.SampleResult: sampleresult.default.encoding is set to ISO-8859-1 
2017/10/06 15:28:59 INFO  - jmeter.samplers.SampleResult: sampleresult.useNanoTime=true 
2017/10/06 15:28:59 INFO  - jmeter.samplers.SampleResult: sampleresult.nanoThreadSleep=5000 
2017/10/06 15:28:59 INFO  - jmeter.threads.JMeterThread: Thread started: Thread Group 1-1 
2017/10/06 15:28:59 INFO  - jmeter.services.FileServer: Stored: user.csv 
2017/10/06 15:28:59 INFO  - jmeter.protocol.http.sampler.HTTPHCAbstractImpl: Local host = ESCM-APP 
2017/10/06 15:28:59 INFO  - jmeter.protocol.http.sampler.HTTPHC4Impl: HTTP request retry count = 0 
2017/10/06 15:29:00 INFO  - jmeter.threads.ThreadGroup: Started thread group number 1 
2017/10/06 15:29:00 INFO  - jmeter.engine.StandardJMeterEngine: All thread groups have been started 
2017/10/06 15:29:00 INFO  - jmeter.reporters.Summariser: summary +      1 in 00:00:01 =    0.7/s Avg:   620 Min:   620 Max:   620 Err:     0 (0.00%) Active: 1 Started: 1 Finished: 0 
2017/10/06 15:29:01 INFO  - jmeter.threads.JMeterThread: Thread started: Thread Group 1-2 
2017/10/06 15:29:02 INFO  - jmeter.threads.JMeterThread: Thread started: Thread Group 1-3 
2017/10/06 15:29:03 INFO  - jmeter.threads.JMeterThread: Thread started: Thread Group 1-4 
2017/10/06 15:29:04 INFO  - jmeter.threads.JMeterThread: Thread started: Thread Group 1-5 
2017/10/06 15:29:05 INFO  - jmeter.threads.JMeterThread: Thread started: Thread Group 1-6 
2017/10/06 15:29:06 INFO  - jmeter.threads.JMeterThread: Thread started: Thread Group 1-7 
2017/10/06 15:29:07 INFO  - jmeter.threads.JMeterThread: Thread started: Thread Group 1-8 
2017/10/06 15:29:08 INFO  - jmeter.threads.JMeterThread: Thread started: Thread Group 1-9 
2017/10/06 15:29:09 INFO  - jmeter.threads.JMeterThread: Thread started: Thread Group 1-10 
2017/10/06 15:29:10 INFO  - jmeter.threads.JMeterThread: Thread started: Thread Group 1-11 
2017/10/06 15:29:11 INFO  - jmeter.threads.JMeterThread: Thread started: Thread Group 1-12 
2017/10/06 15:29:12 INFO  - jmeter.threads.JMeterThread: Thread started: Thread Group 1-13 
2017/10/06 15:29:13 INFO  - jmeter.threads.JMeterThread: Thread started: Thread Group 1-14 
2017/10/06 15:29:14 INFO  - jmeter.threads.JMeterThread: Thread started: Thread Group 1-15 
2017/10/06 15:29:15 INFO  - jmeter.threads.JMeterThread: Thread started: Thread Group 1-16 
2017/10/06 15:29:16 INFO  - jmeter.threads.JMeterThread: Thread started: Thread Group 1-17 
2017/10/06 15:29:17 INFO  - jmeter.threads.JMeterThread: Thread started: Thread Group 1-18 
2017/10/06 15:29:18 INFO  - jmeter.threads.JMeterThread: Thread started: Thread Group 1-19 
2017/10/06 15:29:19 INFO  - jmeter.threads.JMeterThread: Thread started: Thread Group 1-20 
2017/10/06 15:29:54 INFO  - jmeter.threads.JMeterThread: Thread is done: Thread Group 1-2 
2017/10/06 15:29:54 INFO  - jmeter.threads.JMeterThread: Thread finished: Thread Group 1-2 
2017/10/06 15:29:54 INFO  - jmeter.threads.JMeterThread: Thread is done: Thread Group 1-1 
2017/10/06 15:29:54 INFO  - jmeter.threads.JMeterThread: Thread finished: Thread Group 1-1 
2017/10/06 15:29:58 INFO  - jmeter.threads.JMeterThread: Thread is done: Thread Group 1-3 
2017/10/06 15:29:58 INFO  - jmeter.threads.JMeterThread: Thread finished: Thread Group 1-3 
2017/10/06 15:30:00 INFO  - jmeter.reporters.Summariser: summary +    831 in 00:00:59 =   14.0/s Avg:  1061 Min:     4 Max: 42055 Err:    18 (2.17%) Active: 17 Started: 20 Finished: 3 
2017/10/06 15:30:00 INFO  - jmeter.reporters.Summariser: summary =    832 in 00:01:01 =   13.7/s Avg:  1061 Min:     4 Max: 42055 Err:    18 (2.16%) 
2017/10/06 15:30:04 INFO  - jmeter.threads.JMeterThread: Thread is done: Thread Group 1-4 
2017/10/06 15:30:04 INFO  - jmeter.threads.JMeterThread: Thread finished: Thread Group 1-4 
2017/10/06 15:30:08 INFO  - jmeter.threads.JMeterThread: Thread is done: Thread Group 1-5 
2017/10/06 15:30:08 INFO  - jmeter.threads.JMeterThread: Thread finished: Thread Group 1-5 
2017/10/06 15:30:14 INFO  - jmeter.threads.JMeterThread: Thread is done: Thread Group 1-6 
2017/10/06 15:30:14 INFO  - jmeter.threads.JMeterThread: Thread finished: Thread Group 1-6 
2017/10/06 15:30:16 INFO  - jmeter.threads.JMeterThread: Thread is done: Thread Group 1-7 
2017/10/06 15:30:16 INFO  - jmeter.threads.JMeterThread: Thread finished: Thread Group 1-7 
2017/10/06 15:30:18 INFO  - jmeter.threads.JMeterThread: Thread is done: Thread Group 1-8 
2017/10/06 15:30:18 INFO  - jmeter.threads.JMeterThread: Thread finished: Thread Group 1-8 
2017/10/06 15:30:19 INFO  - jmeter.threads.JMeterThread: Thread is done: Thread Group 1-9 
2017/10/06 15:30:19 INFO  - jmeter.threads.JMeterThread: Thread finished: Thread Group 1-9 
2017/10/06 15:30:22 INFO  - jmeter.threads.JMeterThread: Thread is done: Thread Group 1-10 
2017/10/06 15:30:22 INFO  - jmeter.threads.JMeterThread: Thread finished: Thread Group 1-10 
2017/10/06 15:30:22 INFO  - jmeter.threads.JMeterThread: Thread is done: Thread Group 1-11 
2017/10/06 15:30:22 INFO  - jmeter.threads.JMeterThread: Thread finished: Thread Group 1-11 
2017/10/06 15:30:23 INFO  - jmeter.threads.JMeterThread: Thread is done: Thread Group 1-12 
2017/10/06 15:30:23 INFO  - jmeter.threads.JMeterThread: Thread finished: Thread Group 1-12 
2017/10/06 15:30:27 INFO  - jmeter.threads.JMeterThread: Thread is done: Thread Group 1-14 
2017/10/06 15:30:27 INFO  - jmeter.threads.JMeterThread: Thread finished: Thread Group 1-14 
2017/10/06 15:30:27 INFO  - jmeter.threads.JMeterThread: Thread is done: Thread Group 1-15 
2017/10/06 15:30:27 INFO  - jmeter.threads.JMeterThread: Thread finished: Thread Group 1-15 
2017/10/06 15:30:27 INFO  - jmeter.threads.JMeterThread: Thread is done: Thread Group 1-13 
2017/10/06 15:30:27 INFO  - jmeter.threads.JMeterThread: Thread finished: Thread Group 1-13 
2017/10/06 15:30:27 INFO  - jmeter.threads.JMeterThread: Thread is done: Thread Group 1-16 
2017/10/06 15:30:27 INFO  - jmeter.threads.JMeterThread: Thread finished: Thread Group 1-16 
2017/10/06 15:30:28 INFO  - jmeter.threads.JMeterThread: Thread is done: Thread Group 1-17 
2017/10/06 15:30:28 INFO  - jmeter.threads.JMeterThread: Thread finished: Thread Group 1-17 
2017/10/06 15:30:28 INFO  - jmeter.threads.JMeterThread: Thread is done: Thread Group 1-18 
2017/10/06 15:30:28 INFO  - jmeter.threads.JMeterThread: Thread finished: Thread Group 1-18 
2017/10/06 15:30:29 INFO  - jmeter.threads.JMeterThread: Thread is done: Thread Group 1-19 
2017/10/06 15:30:29 INFO  - jmeter.threads.JMeterThread: Thread finished: Thread Group 1-19 
2017/10/06 15:30:29 INFO  - jmeter.threads.JMeterThread: Thread is done: Thread Group 1-20 
2017/10/06 15:30:29 INFO  - jmeter.threads.JMeterThread: Thread finished: Thread Group 1-20 
2017/10/06 15:30:29 INFO  - jmeter.engine.StandardJMeterEngine: Notifying test listeners of end of test 
2017/10/06 15:30:29 INFO  - jmeter.services.FileServer: Close: user.csv 
2017/10/06 15:30:29 INFO  - kg.apc.jmeter.PluginsCMDWorker: Using JMeterPluginsCMD v. N/A 
2017/10/06 15:30:29 WARN  - kg.apc.jmeter.JMeterPluginsUtils: JMeter env exists. No one should see this normally. 
2017/10/06 15:30:30 INFO  - kg.apc.jmeter.vizualizers.SynthesisReportGui: Saving CSV to C:\perf_project_git\EAS_4.6\Output\List_Organizations\20user\JmeterResults\SynthesisReportGui.csv 
2017/10/06 15:30:30 INFO  - kg.apc.jmeter.listener.GraphsGeneratorListener: Successful generation of file C:\perf_project_git\EAS_4.6\Output\List_Organizations\20user\JmeterResults\SynthesisReportGui by plugin:SynthesisReportGui 
2017/10/06 15:30:30 INFO  - kg.apc.jmeter.PluginsCMDWorker: Using JMeterPluginsCMD v. N/A 
2017/10/06 15:30:30 WARN  - kg.apc.jmeter.JMeterPluginsUtils: JMeter env exists. No one should see this normally. 
2017/10/06 15:30:30 WARN  - jorphan.gui.ObjectTableModel: Header count=13 but classes count=11 
2017/10/06 15:30:30 WARN  - jorphan.gui.ObjectTableModel: Header count=13 but writeFunctor count=11 
2017/10/06 15:30:31 INFO  - kg.apc.jmeter.vizualizers.AggregateReportGui: Saving CSV to C:\perf_project_git\EAS_4.6\Output\List_Organizations\20user\JmeterResults\AggregateReportGui.csv 
2017/10/06 15:30:32 INFO  - kg.apc.jmeter.listener.GraphsGeneratorListener: Successful generation of file C:\perf_project_git\EAS_4.6\Output\List_Organizations\20user\JmeterResults\AggregateReportGui by plugin:AggregateReportGui 
2017/10/06 15:30:32 INFO  - kg.apc.jmeter.PluginsCMDWorker: Using JMeterPluginsCMD v. N/A 
2017/10/06 15:30:32 WARN  - kg.apc.jmeter.JMeterPluginsUtils: JMeter env exists. No one should see this normally. 
2017/10/06 15:30:32 INFO  - kg.apc.charting.GraphPanelChart: Saving PNG to C:\perf_project_git\EAS_4.6\Output\List_Organizations\20user\JmeterResults\ResponseTimesOverTime.png 
2017/10/06 15:30:33 INFO  - kg.apc.jmeter.listener.GraphsGeneratorListener: Successful generation of file C:\perf_project_git\EAS_4.6\Output\List_Organizations\20user\JmeterResults\ResponseTimesOverTime by plugin:ResponseTimesOverTime 
2017/10/06 15:30:33 INFO  - kg.apc.jmeter.PluginsCMDWorker: Using JMeterPluginsCMD v. N/A 
2017/10/06 15:30:33 WARN  - kg.apc.jmeter.JMeterPluginsUtils: JMeter env exists. No one should see this normally. 
2017/10/06 15:30:33 INFO  - kg.apc.charting.GraphPanelChart: Saving PNG to C:\perf_project_git\EAS_4.6\Output\List_Organizations\20user\JmeterResults\HitsPerSecond.png 
2017/10/06 15:30:34 INFO  - kg.apc.jmeter.listener.GraphsGeneratorListener: Successful generation of file C:\perf_project_git\EAS_4.6\Output\List_Organizations\20user\JmeterResults\HitsPerSecond by plugin:HitsPerSecond 
2017/10/06 15:30:34 INFO  - kg.apc.jmeter.PluginsCMDWorker: Using JMeterPluginsCMD v. N/A 
2017/10/06 15:30:34 WARN  - kg.apc.jmeter.JMeterPluginsUtils: JMeter env exists. No one should see this normally. 
2017/10/06 15:30:34 INFO  - kg.apc.charting.GraphPanelChart: Saving PNG to C:\perf_project_git\EAS_4.6\Output\List_Organizations\20user\JmeterResults\BytesThroughputOverTime.png 
2017/10/06 15:30:35 INFO  - kg.apc.jmeter.listener.GraphsGeneratorListener: Successful generation of file C:\perf_project_git\EAS_4.6\Output\List_Organizations\20user\JmeterResults\BytesThroughputOverTime by plugin:BytesThroughputOverTime 
2017/10/06 15:30:35 INFO  - kg.apc.jmeter.PluginsCMDWorker: Using JMeterPluginsCMD v. N/A 
2017/10/06 15:30:35 WARN  - kg.apc.jmeter.JMeterPluginsUtils: JMeter env exists. No one should see this normally. 
2017/10/06 15:30:35 INFO  - kg.apc.charting.GraphPanelChart: Saving PNG to C:\perf_project_git\EAS_4.6\Output\List_Organizations\20user\JmeterResults\LatenciesOverTime.png 
2017/10/06 15:30:35 INFO  - kg.apc.jmeter.listener.GraphsGeneratorListener: Successful generation of file C:\perf_project_git\EAS_4.6\Output\List_Organizations\20user\JmeterResults\LatenciesOverTime by plugin:LatenciesOverTime 
2017/10/06 15:30:35 INFO  - kg.apc.jmeter.PluginsCMDWorker: Using JMeterPluginsCMD v. N/A 
2017/10/06 15:30:35 WARN  - kg.apc.jmeter.JMeterPluginsUtils: JMeter env exists. No one should see this normally. 
2017/10/06 15:30:35 INFO  - kg.apc.charting.GraphPanelChart: Saving PNG to C:\perf_project_git\EAS_4.6\Output\List_Organizations\20user\JmeterResults\ResponseCodesPerSecond.png 
2017/10/06 15:30:36 INFO  - kg.apc.jmeter.listener.GraphsGeneratorListener: Successful generation of file C:\perf_project_git\EAS_4.6\Output\List_Organizations\20user\JmeterResults\ResponseCodesPerSecond by plugin:ResponseCodesPerSecond 
2017/10/06 15:30:36 INFO  - kg.apc.jmeter.PluginsCMDWorker: Using JMeterPluginsCMD v. N/A 
2017/10/06 15:30:36 WARN  - kg.apc.jmeter.JMeterPluginsUtils: JMeter env exists. No one should see this normally. 
2017/10/06 15:30:36 INFO  - kg.apc.charting.GraphPanelChart: Saving PNG to C:\perf_project_git\EAS_4.6\Output\List_Organizations\20user\JmeterResults\TransactionsPerSecond.png 
2017/10/06 15:30:36 INFO  - kg.apc.jmeter.listener.GraphsGeneratorListener: Successful generation of file C:\perf_project_git\EAS_4.6\Output\List_Organizations\20user\JmeterResults\TransactionsPerSecond by plugin:TransactionsPerSecond 
2017/10/06 15:30:36 INFO  - kg.apc.jmeter.PluginsCMDWorker: Using JMeterPluginsCMD v. N/A 
2017/10/06 15:30:36 WARN  - kg.apc.jmeter.JMeterPluginsUtils: JMeter env exists. No one should see this normally. 
2017/10/06 15:30:36 INFO  - kg.apc.charting.GraphPanelChart: Saving PNG to C:\perf_project_git\EAS_4.6\Output\List_Organizations\20user\JmeterResults\ResponseTimesDistribution.png 
2017/10/06 15:30:37 INFO  - kg.apc.jmeter.listener.GraphsGeneratorListener: Successful generation of file C:\perf_project_git\EAS_4.6\Output\List_Organizations\20user\JmeterResults\ResponseTimesDistribution by plugin:ResponseTimesDistribution 
2017/10/06 15:30:37 INFO  - kg.apc.jmeter.PluginsCMDWorker: Using JMeterPluginsCMD v. N/A 
2017/10/06 15:30:37 WARN  - kg.apc.jmeter.JMeterPluginsUtils: JMeter env exists. No one should see this normally. 
2017/10/06 15:30:37 INFO  - kg.apc.charting.GraphPanelChart: Saving PNG to C:\perf_project_git\EAS_4.6\Output\List_Organizations\20user\JmeterResults\ResponseTimesPercentiles.png 
2017/10/06 15:30:37 INFO  - kg.apc.jmeter.listener.GraphsGeneratorListener: Successful generation of file C:\perf_project_git\EAS_4.6\Output\List_Organizations\20user\JmeterResults\ResponseTimesPercentiles by plugin:ResponseTimesPercentiles 
2017/10/06 15:30:37 INFO  - kg.apc.jmeter.PluginsCMDWorker: Using JMeterPluginsCMD v. N/A 
2017/10/06 15:30:37 WARN  - kg.apc.jmeter.JMeterPluginsUtils: JMeter env exists. No one should see this normally. 
2017/10/06 15:30:38 INFO  - kg.apc.charting.GraphPanelChart: Saving PNG to C:\perf_project_git\EAS_4.6\Output\List_Organizations\20user\JmeterResults\ThreadsStateOverTime.png 
2017/10/06 15:30:38 INFO  - kg.apc.jmeter.listener.GraphsGeneratorListener: Successful generation of file C:\perf_project_git\EAS_4.6\Output\List_Organizations\20user\JmeterResults\ThreadsStateOverTime by plugin:ThreadsStateOverTime 
2017/10/06 15:30:38 INFO  - kg.apc.jmeter.PluginsCMDWorker: Using JMeterPluginsCMD v. N/A 
2017/10/06 15:30:38 WARN  - kg.apc.jmeter.JMeterPluginsUtils: JMeter env exists. No one should see this normally. 
2017/10/06 15:30:38 INFO  - kg.apc.charting.GraphPanelChart: Saving PNG to C:\perf_project_git\EAS_4.6\Output\List_Organizations\20user\JmeterResults\TimesVsThreads.png 
2017/10/06 15:30:38 INFO  - kg.apc.jmeter.listener.GraphsGeneratorListener: Successful generation of file C:\perf_project_git\EAS_4.6\Output\List_Organizations\20user\JmeterResults\TimesVsThreads by plugin:TimesVsThreads 
2017/10/06 15:30:38 INFO  - kg.apc.jmeter.PluginsCMDWorker: Using JMeterPluginsCMD v. N/A 
2017/10/06 15:30:38 WARN  - kg.apc.jmeter.JMeterPluginsUtils: JMeter env exists. No one should see this normally. 
2017/10/06 15:30:38 INFO  - kg.apc.charting.GraphPanelChart: Saving PNG to C:\perf_project_git\EAS_4.6\Output\List_Organizations\20user\JmeterResults\ThroughputVsThreads.png 
2017/10/06 15:30:39 INFO  - kg.apc.jmeter.listener.GraphsGeneratorListener: Successful generation of file C:\perf_project_git\EAS_4.6\Output\List_Organizations\20user\JmeterResults\ThroughputVsThreads by plugin:ThroughputVsThreads 
2017/10/06 15:30:39 INFO  - jmeter.reporters.Summariser: summary +   2088 in 00:00:40 =   52.8/s Avg:   230 Min:     3 Max: 42015 Err:     2 (0.10%) Active: 0 Started: 20 Finished: 20 
2017/10/06 15:30:39 INFO  - jmeter.reporters.Summariser: summary =   2920 in 00:01:40 =   29.1/s Avg:   467 Min:     3 Max: 42055 Err:    20 (0.68%) 
