2017/08/02 16:30:15 INFO  - jmeter.util.JMeterUtils: Setting Locale to en_US 
2017/08/02 16:30:16 INFO  - jmeter.JMeter: Loading user properties from: C:\Users\Administrator\Desktop\apache-jmeter-3.1\apache-jmeter-3.1\bin\user.properties 
2017/08/02 16:30:16 INFO  - jmeter.JMeter: Loading system properties from: C:\Users\Administrator\Desktop\apache-jmeter-3.1\apache-jmeter-3.1\bin\system.properties 
2017/08/02 16:30:16 INFO  - jmeter.JMeter: Copyright (c) 1998-2016 The Apache Software Foundation 
2017/08/02 16:30:16 INFO  - jmeter.JMeter: Version 3.1 r1770033 
2017/08/02 16:30:16 INFO  - jmeter.JMeter: java.version=1.7.0_60 
2017/08/02 16:30:16 INFO  - jmeter.JMeter: java.vm.name=Java HotSpot(TM) 64-Bit Server VM 
2017/08/02 16:30:16 INFO  - jmeter.JMeter: os.name=Windows Server 2012 R2 
2017/08/02 16:30:16 INFO  - jmeter.JMeter: os.arch=amd64 
2017/08/02 16:30:16 INFO  - jmeter.JMeter: os.version=6.3 
2017/08/02 16:30:16 INFO  - jmeter.JMeter: file.encoding=Cp1252 
2017/08/02 16:30:16 INFO  - jmeter.JMeter: Max memory     =523763712 
2017/08/02 16:30:16 INFO  - jmeter.JMeter: Available Processors =4 
2017/08/02 16:30:16 INFO  - jmeter.JMeter: Default Locale=English (United States) 
2017/08/02 16:30:16 INFO  - jmeter.JMeter: JMeter  Locale=English (United States) 
2017/08/02 16:30:16 INFO  - jmeter.JMeter: JMeterHome=C:\Users\Administrator\Desktop\apache-jmeter-3.1\apache-jmeter-3.1 
2017/08/02 16:30:16 INFO  - jmeter.JMeter: user.dir  =C:\perf_project_git\EAS_4.6\Jmeter_scripts\Offer-search_by_offerid\20users 
2017/08/02 16:30:16 INFO  - jmeter.JMeter: PWD       =C:\perf_project_git\EAS_4.6\Jmeter_scripts\Offer-search_by_offerid\20users 
2017/08/02 16:30:16 INFO  - jmeter.JMeter: IP: 10.10.3.15 Name: ESCM-APP FullName: ESCM-APP 
2017/08/02 16:30:16 INFO  - jmeter.services.FileServer: Default base='C:\perf_project_git\EAS_4.6\Jmeter_scripts\Offer-search_by_offerid\20users' 
2017/08/02 16:30:16 INFO  - jmeter.services.FileServer: Set new base='C:\perf_project_git\EAS_4.6\Jmeter_scripts\Offer-search_by_offerid\20users' 
2017/08/02 16:30:16 INFO  - jmeter.save.SaveService: Testplan (JMX) version: 2.2. Testlog (JTL) version: 2.2 
2017/08/02 16:30:16 INFO  - jmeter.save.SaveService: Using SaveService properties file encoding UTF-8 
2017/08/02 16:30:16 INFO  - jmeter.save.SaveService: Using SaveService properties version 3.1 
2017/08/02 16:30:16 INFO  - jmeter.save.SaveService: All converter versions present and correct 
2017/08/02 16:30:16 INFO  - jmeter.save.SaveService: Loading file: Search_Offer_by_offerid.jmx 
2017/08/02 16:30:17 INFO  - jmeter.protocol.http.control.CacheManager: Will only cache the following methods: [GET] 
2017/08/02 16:30:17 INFO  - jmeter.protocol.http.control.CookieManager: Settings: Delete null: true Check: true Allow variable: true Save: false Prefix: COOKIE_ 
2017/08/02 16:30:17 INFO  - jmeter.protocol.http.sampler.HTTPSamplerBase: Parser for text/html is org.apache.jmeter.protocol.http.parser.LagartoBasedHtmlParser 
2017/08/02 16:30:17 INFO  - jmeter.protocol.http.sampler.HTTPSamplerBase: Parser for application/xhtml+xml is org.apache.jmeter.protocol.http.parser.LagartoBasedHtmlParser 
2017/08/02 16:30:17 INFO  - jmeter.protocol.http.sampler.HTTPSamplerBase: Parser for application/xml is org.apache.jmeter.protocol.http.parser.LagartoBasedHtmlParser 
2017/08/02 16:30:17 INFO  - jmeter.protocol.http.sampler.HTTPSamplerBase: Parser for text/xml is org.apache.jmeter.protocol.http.parser.LagartoBasedHtmlParser 
2017/08/02 16:30:17 INFO  - jmeter.protocol.http.sampler.HTTPSamplerBase: Parser for text/vnd.wap.wml is org.apache.jmeter.protocol.http.parser.RegexpHTMLParser 
2017/08/02 16:30:17 INFO  - jmeter.protocol.http.sampler.HTTPSamplerBase: Parser for text/css is org.apache.jmeter.protocol.http.parser.CssParser 
2017/08/02 16:30:18 INFO  - jmeter.JMeter: Creating summariser <summary> 
2017/08/02 16:30:18 INFO  - jmeter.engine.StandardJMeterEngine: Running the test! 
2017/08/02 16:30:18 INFO  - jmeter.samplers.SampleEvent: List of sample_variables: [] 
2017/08/02 16:30:18 INFO  - jmeter.samplers.SampleEvent: List of sample_variables: [] 
2017/08/02 16:30:18 INFO  - jmeter.engine.util.CompoundVariable: Note: Function class names must contain the string: '.functions.' 
2017/08/02 16:30:18 INFO  - jmeter.engine.util.CompoundVariable: Note: Function class names must not contain the string: '.gui.' 
2017/08/02 16:30:20 INFO  - kg.apc.jmeter.perfmon.PerfMonCollector: Can't connect TCP transport for host: /10.10.3.28:4444 java.net.ConnectException: Connection refused: connect
	at java.net.DualStackPlainSocketImpl.connect0(Native Method)
	at java.net.DualStackPlainSocketImpl.socketConnect(Unknown Source)
	at java.net.AbstractPlainSocketImpl.doConnect(Unknown Source)
	at java.net.AbstractPlainSocketImpl.connectToAddress(Unknown Source)
	at java.net.AbstractPlainSocketImpl.connect(Unknown Source)
	at java.net.PlainSocketImpl.connect(Unknown Source)
	at java.net.SocksSocketImpl.connect(Unknown Source)
	at java.net.Socket.connect(Unknown Source)
	at java.net.Socket.connect(Unknown Source)
	at kg.apc.perfmon.client.TransportFactory.TCPInstance(TransportFactory.java:91)
	at kg.apc.jmeter.perfmon.PerfMonCollector.getConnector(PerfMonCollector.java:243)
	at kg.apc.jmeter.perfmon.PerfMonCollector.initiateConnector(PerfMonCollector.java:228)
	at kg.apc.jmeter.perfmon.PerfMonCollector.initiateConnectors(PerfMonCollector.java:175)
	at kg.apc.jmeter.perfmon.PerfMonCollector.testStarted(PerfMonCollector.java:126)
	at org.apache.jmeter.reporters.ResultCollector.testStarted(ResultCollector.java:348)
	at kg.apc.jmeter.vizualizers.CorrectedResultCollector.testStarted(CorrectedResultCollector.java:28)
	at org.apache.jmeter.engine.StandardJMeterEngine.notifyTestListenersOfStart(StandardJMeterEngine.java:204)
	at org.apache.jmeter.engine.StandardJMeterEngine.run(StandardJMeterEngine.java:325)
	at java.lang.Thread.run(Unknown Source)

2017/08/02 16:30:20 ERROR - kg.apc.jmeter.perfmon.PerfMonCollector: Problems creating connector java.net.ConnectException: Connection refused: connect
	at java.net.DualStackPlainSocketImpl.connect0(Native Method)
	at java.net.DualStackPlainSocketImpl.socketConnect(Unknown Source)
	at java.net.AbstractPlainSocketImpl.doConnect(Unknown Source)
	at java.net.AbstractPlainSocketImpl.connectToAddress(Unknown Source)
	at java.net.AbstractPlainSocketImpl.connect(Unknown Source)
	at java.net.PlainSocketImpl.connect(Unknown Source)
	at java.net.SocksSocketImpl.connect(Unknown Source)
	at java.net.Socket.connect(Unknown Source)
	at java.net.Socket.connect(Unknown Source)
	at kg.apc.perfmon.client.TransportFactory.TCPInstance(TransportFactory.java:91)
	at kg.apc.jmeter.perfmon.PerfMonCollector.getConnector(PerfMonCollector.java:243)
	at kg.apc.jmeter.perfmon.PerfMonCollector.initiateConnector(PerfMonCollector.java:228)
	at kg.apc.jmeter.perfmon.PerfMonCollector.initiateConnectors(PerfMonCollector.java:175)
	at kg.apc.jmeter.perfmon.PerfMonCollector.testStarted(PerfMonCollector.java:126)
	at org.apache.jmeter.reporters.ResultCollector.testStarted(ResultCollector.java:348)
	at kg.apc.jmeter.vizualizers.CorrectedResultCollector.testStarted(CorrectedResultCollector.java:28)
	at org.apache.jmeter.engine.StandardJMeterEngine.notifyTestListenersOfStart(StandardJMeterEngine.java:204)
	at org.apache.jmeter.engine.StandardJMeterEngine.run(StandardJMeterEngine.java:325)
	at java.lang.Thread.run(Unknown Source)

2017/08/02 16:30:20 INFO  - jmeter.samplers.SampleResult: Note: Sample TimeStamps are START times 
2017/08/02 16:30:20 INFO  - jmeter.samplers.SampleResult: sampleresult.default.encoding is set to ISO-8859-1 
2017/08/02 16:30:20 INFO  - jmeter.samplers.SampleResult: sampleresult.useNanoTime=true 
2017/08/02 16:30:20 INFO  - jmeter.samplers.SampleResult: sampleresult.nanoThreadSleep=5000 
2017/08/02 16:30:20 ERROR - kg.apc.jmeter.perfmon.PerfMonCollector: Perfmon plugin error: java.net.ConnectException: Connection refused: connect 
2017/08/02 16:30:21 INFO  - kg.apc.jmeter.perfmon.PerfMonCollector: Can't connect TCP transport for host: /10.10.3.28:4444 java.net.ConnectException: Connection refused: connect
	at java.net.DualStackPlainSocketImpl.connect0(Native Method)
	at java.net.DualStackPlainSocketImpl.socketConnect(Unknown Source)
	at java.net.AbstractPlainSocketImpl.doConnect(Unknown Source)
	at java.net.AbstractPlainSocketImpl.connectToAddress(Unknown Source)
	at java.net.AbstractPlainSocketImpl.connect(Unknown Source)
	at java.net.PlainSocketImpl.connect(Unknown Source)
	at java.net.SocksSocketImpl.connect(Unknown Source)
	at java.net.Socket.connect(Unknown Source)
	at java.net.Socket.connect(Unknown Source)
	at kg.apc.perfmon.client.TransportFactory.TCPInstance(TransportFactory.java:91)
	at kg.apc.jmeter.perfmon.PerfMonCollector.getConnector(PerfMonCollector.java:243)
	at kg.apc.jmeter.perfmon.PerfMonCollector.initiateConnector(PerfMonCollector.java:228)
	at kg.apc.jmeter.perfmon.PerfMonCollector.initiateConnectors(PerfMonCollector.java:175)
	at kg.apc.jmeter.perfmon.PerfMonCollector.testStarted(PerfMonCollector.java:126)
	at org.apache.jmeter.reporters.ResultCollector.testStarted(ResultCollector.java:348)
	at kg.apc.jmeter.vizualizers.CorrectedResultCollector.testStarted(CorrectedResultCollector.java:28)
	at org.apache.jmeter.engine.StandardJMeterEngine.notifyTestListenersOfStart(StandardJMeterEngine.java:204)
	at org.apache.jmeter.engine.StandardJMeterEngine.run(StandardJMeterEngine.java:325)
	at java.lang.Thread.run(Unknown Source)

2017/08/02 16:30:21 ERROR - kg.apc.jmeter.perfmon.PerfMonCollector: Problems creating connector java.net.ConnectException: Connection refused: connect
	at java.net.DualStackPlainSocketImpl.connect0(Native Method)
	at java.net.DualStackPlainSocketImpl.socketConnect(Unknown Source)
	at java.net.AbstractPlainSocketImpl.doConnect(Unknown Source)
	at java.net.AbstractPlainSocketImpl.connectToAddress(Unknown Source)
	at java.net.AbstractPlainSocketImpl.connect(Unknown Source)
	at java.net.PlainSocketImpl.connect(Unknown Source)
	at java.net.SocksSocketImpl.connect(Unknown Source)
	at java.net.Socket.connect(Unknown Source)
	at java.net.Socket.connect(Unknown Source)
	at kg.apc.perfmon.client.TransportFactory.TCPInstance(TransportFactory.java:91)
	at kg.apc.jmeter.perfmon.PerfMonCollector.getConnector(PerfMonCollector.java:243)
	at kg.apc.jmeter.perfmon.PerfMonCollector.initiateConnector(PerfMonCollector.java:228)
	at kg.apc.jmeter.perfmon.PerfMonCollector.initiateConnectors(PerfMonCollector.java:175)
	at kg.apc.jmeter.perfmon.PerfMonCollector.testStarted(PerfMonCollector.java:126)
	at org.apache.jmeter.reporters.ResultCollector.testStarted(ResultCollector.java:348)
	at kg.apc.jmeter.vizualizers.CorrectedResultCollector.testStarted(CorrectedResultCollector.java:28)
	at org.apache.jmeter.engine.StandardJMeterEngine.notifyTestListenersOfStart(StandardJMeterEngine.java:204)
	at org.apache.jmeter.engine.StandardJMeterEngine.run(StandardJMeterEngine.java:325)
	at java.lang.Thread.run(Unknown Source)

2017/08/02 16:30:21 ERROR - kg.apc.jmeter.perfmon.PerfMonCollector: Perfmon plugin error: java.net.ConnectException: Connection refused: connect 
2017/08/02 16:30:21 ERROR - kg.apc.jmeter.perfmon.PerfMonCollector: Perfmon plugin error: java.net.ConnectException: Connection refused: connect 
2017/08/02 16:30:21 INFO  - jmeter.JMeter: Running test (1501671621695) 
2017/08/02 16:30:21 INFO  - jmeter.engine.StandardJMeterEngine: Starting ThreadGroup: 1 : Thread Group 
2017/08/02 16:30:21 INFO  - jmeter.engine.StandardJMeterEngine: Starting 20 threads for group Thread Group. 
2017/08/02 16:30:21 INFO  - jmeter.engine.StandardJMeterEngine: Thread will continue on error 
2017/08/02 16:30:21 INFO  - jmeter.threads.ThreadGroup: Starting thread group number 1 threads 20 ramp-up 20 perThread 1000.0 delayedStart=false 
2017/08/02 16:30:22 INFO  - jmeter.threads.JMeterThread: Thread started: Thread Group 1-1 
2017/08/02 16:30:22 INFO  - jmeter.services.FileServer: Stored: offerid.csv 
2017/08/02 16:30:22 INFO  - jmeter.services.FileServer: Stored: username.csv 
2017/08/02 16:30:22 INFO  - jmeter.protocol.http.sampler.HTTPHCAbstractImpl: Local host = ESCM-APP 
2017/08/02 16:30:22 INFO  - jmeter.protocol.http.sampler.HTTPHC4Impl: HTTP request retry count = 0 
2017/08/02 16:30:22 ERROR - kg.apc.jmeter.perfmon.PerfMonCollector: Perfmon plugin error: java.net.ConnectException: Connection refused: connect 
2017/08/02 16:30:22 ERROR - kg.apc.jmeter.perfmon.PerfMonCollector: Perfmon plugin error: java.net.ConnectException: Connection refused: connect 
2017/08/02 16:30:23 INFO  - jmeter.threads.ThreadGroup: Started thread group number 1 
2017/08/02 16:30:23 INFO  - jmeter.engine.StandardJMeterEngine: All thread groups have been started 
2017/08/02 16:30:23 ERROR - kg.apc.jmeter.perfmon.PerfMonCollector: Perfmon plugin error: java.net.ConnectException: Connection refused: connect 
2017/08/02 16:30:23 ERROR - kg.apc.jmeter.perfmon.PerfMonCollector: Perfmon plugin error: java.net.ConnectException: Connection refused: connect 
2017/08/02 16:30:23 INFO  - jmeter.threads.JMeterThread: Thread started: Thread Group 1-2 
2017/08/02 16:30:24 INFO  - jmeter.threads.JMeterThread: Thread started: Thread Group 1-3 
2017/08/02 16:30:24 ERROR - kg.apc.jmeter.perfmon.PerfMonCollector: Perfmon plugin error: java.net.ConnectException: Connection refused: connect 
2017/08/02 16:30:24 ERROR - kg.apc.jmeter.perfmon.PerfMonCollector: Perfmon plugin error: java.net.ConnectException: Connection refused: connect 
2017/08/02 16:30:25 ERROR - kg.apc.jmeter.perfmon.PerfMonCollector: Perfmon plugin error: java.net.ConnectException: Connection refused: connect 
2017/08/02 16:30:25 ERROR - kg.apc.jmeter.perfmon.PerfMonCollector: Perfmon plugin error: java.net.ConnectException: Connection refused: connect 
2017/08/02 16:30:25 INFO  - jmeter.threads.JMeterThread: Thread started: Thread Group 1-4 
2017/08/02 16:30:26 INFO  - jmeter.threads.JMeterThread: Thread started: Thread Group 1-5 
2017/08/02 16:30:26 ERROR - kg.apc.jmeter.perfmon.PerfMonCollector: Perfmon plugin error: java.net.ConnectException: Connection refused: connect 
2017/08/02 16:30:26 ERROR - kg.apc.jmeter.perfmon.PerfMonCollector: Perfmon plugin error: java.net.ConnectException: Connection refused: connect 
2017/08/02 16:30:27 ERROR - kg.apc.jmeter.perfmon.PerfMonCollector: Perfmon plugin error: java.net.ConnectException: Connection refused: connect 
2017/08/02 16:30:27 ERROR - kg.apc.jmeter.perfmon.PerfMonCollector: Perfmon plugin error: java.net.ConnectException: Connection refused: connect 
2017/08/02 16:30:27 INFO  - jmeter.threads.JMeterThread: Thread started: Thread Group 1-6 
2017/08/02 16:30:28 ERROR - kg.apc.jmeter.perfmon.PerfMonCollector: Perfmon plugin error: java.net.ConnectException: Connection refused: connect 
2017/08/02 16:30:28 ERROR - kg.apc.jmeter.perfmon.PerfMonCollector: Perfmon plugin error: java.net.ConnectException: Connection refused: connect 
2017/08/02 16:30:28 INFO  - jmeter.threads.JMeterThread: Thread started: Thread Group 1-7 
2017/08/02 16:30:29 ERROR - kg.apc.jmeter.perfmon.PerfMonCollector: Perfmon plugin error: java.net.ConnectException: Connection refused: connect 
2017/08/02 16:30:29 ERROR - kg.apc.jmeter.perfmon.PerfMonCollector: Perfmon plugin error: java.net.ConnectException: Connection refused: connect 
2017/08/02 16:30:30 INFO  - jmeter.threads.JMeterThread: Thread started: Thread Group 1-8 
2017/08/02 16:30:30 INFO  - jmeter.reporters.Summariser: summary +    113 in 00:00:08 =   13.5/s Avg:    30 Min:     2 Max:   609 Err:     7 (6.19%) Active: 8 Started: 8 Finished: 0 
2017/08/02 16:30:30 ERROR - kg.apc.jmeter.perfmon.PerfMonCollector: Perfmon plugin error: java.net.ConnectException: Connection refused: connect 
2017/08/02 16:30:30 ERROR - kg.apc.jmeter.perfmon.PerfMonCollector: Perfmon plugin error: java.net.ConnectException: Connection refused: connect 
2017/08/02 16:30:30 INFO  - jmeter.threads.JMeterThread: Thread started: Thread Group 1-9 
2017/08/02 16:30:31 ERROR - kg.apc.jmeter.perfmon.PerfMonCollector: Perfmon plugin error: java.net.ConnectException: Connection refused: connect 
2017/08/02 16:30:31 ERROR - kg.apc.jmeter.perfmon.PerfMonCollector: Perfmon plugin error: java.net.ConnectException: Connection refused: connect 
2017/08/02 16:30:31 INFO  - jmeter.threads.JMeterThread: Thread started: Thread Group 1-10 
2017/08/02 16:30:32 ERROR - kg.apc.jmeter.perfmon.PerfMonCollector: Perfmon plugin error: java.net.ConnectException: Connection refused: connect 
2017/08/02 16:30:32 ERROR - kg.apc.jmeter.perfmon.PerfMonCollector: Perfmon plugin error: java.net.ConnectException: Connection refused: connect 
2017/08/02 16:30:32 INFO  - jmeter.threads.JMeterThread: Thread started: Thread Group 1-11 
2017/08/02 16:30:33 ERROR - kg.apc.jmeter.perfmon.PerfMonCollector: Perfmon plugin error: java.net.ConnectException: Connection refused: connect 
2017/08/02 16:30:33 ERROR - kg.apc.jmeter.perfmon.PerfMonCollector: Perfmon plugin error: java.net.ConnectException: Connection refused: connect 
2017/08/02 16:30:33 INFO  - jmeter.threads.JMeterThread: Thread started: Thread Group 1-12 
2017/08/02 16:30:34 ERROR - kg.apc.jmeter.perfmon.PerfMonCollector: Perfmon plugin error: java.net.ConnectException: Connection refused: connect 
2017/08/02 16:30:34 ERROR - kg.apc.jmeter.perfmon.PerfMonCollector: Perfmon plugin error: java.net.ConnectException: Connection refused: connect 
2017/08/02 16:30:34 INFO  - jmeter.threads.JMeterThread: Thread started: Thread Group 1-13 
2017/08/02 16:30:35 ERROR - kg.apc.jmeter.perfmon.PerfMonCollector: Perfmon plugin error: java.net.ConnectException: Connection refused: connect 
2017/08/02 16:30:35 ERROR - kg.apc.jmeter.perfmon.PerfMonCollector: Perfmon plugin error: java.net.ConnectException: Connection refused: connect 
2017/08/02 16:30:35 INFO  - jmeter.threads.JMeterThread: Thread started: Thread Group 1-14 
2017/08/02 16:30:36 ERROR - kg.apc.jmeter.perfmon.PerfMonCollector: Perfmon plugin error: java.net.ConnectException: Connection refused: connect 
2017/08/02 16:30:36 ERROR - kg.apc.jmeter.perfmon.PerfMonCollector: Perfmon plugin error: java.net.ConnectException: Connection refused: connect 
2017/08/02 16:30:37 INFO  - jmeter.threads.JMeterThread: Thread started: Thread Group 1-15 
2017/08/02 16:30:37 ERROR - kg.apc.jmeter.perfmon.PerfMonCollector: Perfmon plugin error: java.net.ConnectException: Connection refused: connect 
2017/08/02 16:30:37 ERROR - kg.apc.jmeter.perfmon.PerfMonCollector: Perfmon plugin error: java.net.ConnectException: Connection refused: connect 
2017/08/02 16:30:38 INFO  - jmeter.threads.JMeterThread: Thread started: Thread Group 1-16 
2017/08/02 16:30:38 ERROR - kg.apc.jmeter.perfmon.PerfMonCollector: Perfmon plugin error: java.net.ConnectException: Connection refused: connect 
2017/08/02 16:30:38 ERROR - kg.apc.jmeter.perfmon.PerfMonCollector: Perfmon plugin error: java.net.ConnectException: Connection refused: connect 
2017/08/02 16:30:39 INFO  - jmeter.threads.JMeterThread: Thread started: Thread Group 1-17 
2017/08/02 16:30:39 ERROR - kg.apc.jmeter.perfmon.PerfMonCollector: Perfmon plugin error: java.net.ConnectException: Connection refused: connect 
2017/08/02 16:30:39 ERROR - kg.apc.jmeter.perfmon.PerfMonCollector: Perfmon plugin error: java.net.ConnectException: Connection refused: connect 
2017/08/02 16:30:40 INFO  - jmeter.threads.JMeterThread: Thread started: Thread Group 1-18 
2017/08/02 16:30:40 ERROR - kg.apc.jmeter.perfmon.PerfMonCollector: Perfmon plugin error: java.net.ConnectException: Connection refused: connect 
2017/08/02 16:30:40 ERROR - kg.apc.jmeter.perfmon.PerfMonCollector: Perfmon plugin error: java.net.ConnectException: Connection refused: connect 
2017/08/02 16:30:41 INFO  - jmeter.threads.JMeterThread: Thread started: Thread Group 1-19 
2017/08/02 16:30:41 ERROR - kg.apc.jmeter.perfmon.PerfMonCollector: Perfmon plugin error: java.net.ConnectException: Connection refused: connect 
2017/08/02 16:30:41 ERROR - kg.apc.jmeter.perfmon.PerfMonCollector: Perfmon plugin error: java.net.ConnectException: Connection refused: connect 
2017/08/02 16:30:42 INFO  - jmeter.threads.JMeterThread: Thread started: Thread Group 1-20 
2017/08/02 16:30:42 ERROR - kg.apc.jmeter.perfmon.PerfMonCollector: Perfmon plugin error: java.net.ConnectException: Connection refused: connect 
2017/08/02 16:30:42 ERROR - kg.apc.jmeter.perfmon.PerfMonCollector: Perfmon plugin error: java.net.ConnectException: Connection refused: connect 
2017/08/02 16:30:43 ERROR - kg.apc.jmeter.perfmon.PerfMonCollector: Perfmon plugin error: java.net.ConnectException: Connection refused: connect 
2017/08/02 16:30:43 ERROR - kg.apc.jmeter.perfmon.PerfMonCollector: Perfmon plugin error: java.net.ConnectException: Connection refused: connect 
2017/08/02 16:30:44 ERROR - kg.apc.jmeter.perfmon.PerfMonCollector: Perfmon plugin error: java.net.ConnectException: Connection refused: connect 
2017/08/02 16:30:44 ERROR - kg.apc.jmeter.perfmon.PerfMonCollector: Perfmon plugin error: java.net.ConnectException: Connection refused: connect 
2017/08/02 16:30:45 ERROR - kg.apc.jmeter.perfmon.PerfMonCollector: Perfmon plugin error: java.net.ConnectException: Connection refused: connect 
2017/08/02 16:30:45 ERROR - kg.apc.jmeter.perfmon.PerfMonCollector: Perfmon plugin error: java.net.ConnectException: Connection refused: connect 
2017/08/02 16:30:46 ERROR - kg.apc.jmeter.perfmon.PerfMonCollector: Perfmon plugin error: java.net.ConnectException: Connection refused: connect 
2017/08/02 16:30:46 ERROR - kg.apc.jmeter.perfmon.PerfMonCollector: Perfmon plugin error: java.net.ConnectException: Connection refused: connect 
2017/08/02 16:30:47 ERROR - kg.apc.jmeter.perfmon.PerfMonCollector: Perfmon plugin error: java.net.ConnectException: Connection refused: connect 
2017/08/02 16:30:47 ERROR - kg.apc.jmeter.perfmon.PerfMonCollector: Perfmon plugin error: java.net.ConnectException: Connection refused: connect 
2017/08/02 16:30:48 ERROR - kg.apc.jmeter.perfmon.PerfMonCollector: Perfmon plugin error: java.net.ConnectException: Connection refused: connect 
2017/08/02 16:30:48 ERROR - kg.apc.jmeter.perfmon.PerfMonCollector: Perfmon plugin error: java.net.ConnectException: Connection refused: connect 
2017/08/02 16:30:49 ERROR - kg.apc.jmeter.perfmon.PerfMonCollector: Perfmon plugin error: java.net.ConnectException: Connection refused: connect 
2017/08/02 16:30:49 ERROR - kg.apc.jmeter.perfmon.PerfMonCollector: Perfmon plugin error: java.net.ConnectException: Connection refused: connect 
2017/08/02 16:30:50 INFO  - jmeter.threads.JMeterThread: Thread is done: Thread Group 1-2 
2017/08/02 16:30:50 INFO  - jmeter.threads.JMeterThread: Thread finished: Thread Group 1-2 
2017/08/02 16:30:50 ERROR - kg.apc.jmeter.perfmon.PerfMonCollector: Perfmon plugin error: java.net.ConnectException: Connection refused: connect 
2017/08/02 16:30:50 ERROR - kg.apc.jmeter.perfmon.PerfMonCollector: Perfmon plugin error: java.net.ConnectException: Connection refused: connect 
2017/08/02 16:30:51 ERROR - kg.apc.jmeter.perfmon.PerfMonCollector: Perfmon plugin error: java.net.ConnectException: Connection refused: connect 
2017/08/02 16:30:51 ERROR - kg.apc.jmeter.perfmon.PerfMonCollector: Perfmon plugin error: java.net.ConnectException: Connection refused: connect 
2017/08/02 16:30:52 ERROR - kg.apc.jmeter.perfmon.PerfMonCollector: Perfmon plugin error: java.net.ConnectException: Connection refused: connect 
2017/08/02 16:30:52 ERROR - kg.apc.jmeter.perfmon.PerfMonCollector: Perfmon plugin error: java.net.ConnectException: Connection refused: connect 
2017/08/02 16:30:53 ERROR - kg.apc.jmeter.perfmon.PerfMonCollector: Perfmon plugin error: java.net.ConnectException: Connection refused: connect 
2017/08/02 16:30:53 ERROR - kg.apc.jmeter.perfmon.PerfMonCollector: Perfmon plugin error: java.net.ConnectException: Connection refused: connect 
2017/08/02 16:30:54 ERROR - kg.apc.jmeter.perfmon.PerfMonCollector: Perfmon plugin error: java.net.ConnectException: Connection refused: connect 
2017/08/02 16:30:54 ERROR - kg.apc.jmeter.perfmon.PerfMonCollector: Perfmon plugin error: java.net.ConnectException: Connection refused: connect 
2017/08/02 16:30:56 ERROR - kg.apc.jmeter.perfmon.PerfMonCollector: Perfmon plugin error: java.net.ConnectException: Connection refused: connect 
2017/08/02 16:30:56 ERROR - kg.apc.jmeter.perfmon.PerfMonCollector: Perfmon plugin error: java.net.ConnectException: Connection refused: connect 
2017/08/02 16:30:57 ERROR - kg.apc.jmeter.perfmon.PerfMonCollector: Perfmon plugin error: java.net.ConnectException: Connection refused: connect 
2017/08/02 16:30:57 ERROR - kg.apc.jmeter.perfmon.PerfMonCollector: Perfmon plugin error: java.net.ConnectException: Connection refused: connect 
2017/08/02 16:30:58 ERROR - kg.apc.jmeter.perfmon.PerfMonCollector: Perfmon plugin error: java.net.ConnectException: Connection refused: connect 
2017/08/02 16:30:58 ERROR - kg.apc.jmeter.perfmon.PerfMonCollector: Perfmon plugin error: java.net.ConnectException: Connection refused: connect 
2017/08/02 16:30:59 ERROR - kg.apc.jmeter.perfmon.PerfMonCollector: Perfmon plugin error: java.net.ConnectException: Connection refused: connect 
2017/08/02 16:30:59 ERROR - kg.apc.jmeter.perfmon.PerfMonCollector: Perfmon plugin error: java.net.ConnectException: Connection refused: connect 
2017/08/02 16:31:00 ERROR - kg.apc.jmeter.perfmon.PerfMonCollector: Perfmon plugin error: java.net.ConnectException: Connection refused: connect 
2017/08/02 16:31:00 ERROR - kg.apc.jmeter.perfmon.PerfMonCollector: Perfmon plugin error: java.net.ConnectException: Connection refused: connect 
2017/08/02 16:31:01 ERROR - kg.apc.jmeter.perfmon.PerfMonCollector: Perfmon plugin error: java.net.ConnectException: Connection refused: connect 
2017/08/02 16:31:01 ERROR - kg.apc.jmeter.perfmon.PerfMonCollector: Perfmon plugin error: java.net.ConnectException: Connection refused: connect 
2017/08/02 16:31:02 ERROR - kg.apc.jmeter.perfmon.PerfMonCollector: Perfmon plugin error: java.net.ConnectException: Connection refused: connect 
2017/08/02 16:31:02 ERROR - kg.apc.jmeter.perfmon.PerfMonCollector: Perfmon plugin error: java.net.ConnectException: Connection refused: connect 
2017/08/02 16:31:03 ERROR - kg.apc.jmeter.perfmon.PerfMonCollector: Perfmon plugin error: java.net.ConnectException: Connection refused: connect 
2017/08/02 16:31:03 ERROR - kg.apc.jmeter.perfmon.PerfMonCollector: Perfmon plugin error: java.net.ConnectException: Connection refused: connect 
2017/08/02 16:31:04 ERROR - kg.apc.jmeter.perfmon.PerfMonCollector: Perfmon plugin error: java.net.ConnectException: Connection refused: connect 
2017/08/02 16:31:04 ERROR - kg.apc.jmeter.perfmon.PerfMonCollector: Perfmon plugin error: java.net.ConnectException: Connection refused: connect 
2017/08/02 16:31:05 ERROR - kg.apc.jmeter.perfmon.PerfMonCollector: Perfmon plugin error: java.net.ConnectException: Connection refused: connect 
2017/08/02 16:31:05 ERROR - kg.apc.jmeter.perfmon.PerfMonCollector: Perfmon plugin error: java.net.ConnectException: Connection refused: connect 
2017/08/02 16:31:06 ERROR - kg.apc.jmeter.perfmon.PerfMonCollector: Perfmon plugin error: java.net.ConnectException: Connection refused: connect 
2017/08/02 16:31:06 ERROR - kg.apc.jmeter.perfmon.PerfMonCollector: Perfmon plugin error: java.net.ConnectException: Connection refused: connect 
2017/08/02 16:31:07 ERROR - kg.apc.jmeter.perfmon.PerfMonCollector: Perfmon plugin error: java.net.ConnectException: Connection refused: connect 
2017/08/02 16:31:07 ERROR - kg.apc.jmeter.perfmon.PerfMonCollector: Perfmon plugin error: java.net.ConnectException: Connection refused: connect 
2017/08/02 16:31:08 ERROR - kg.apc.jmeter.perfmon.PerfMonCollector: Perfmon plugin error: java.net.ConnectException: Connection refused: connect 
2017/08/02 16:31:08 ERROR - kg.apc.jmeter.perfmon.PerfMonCollector: Perfmon plugin error: java.net.ConnectException: Connection refused: connect 
2017/08/02 16:31:09 ERROR - kg.apc.jmeter.perfmon.PerfMonCollector: Perfmon plugin error: java.net.ConnectException: Connection refused: connect 
2017/08/02 16:31:09 ERROR - kg.apc.jmeter.perfmon.PerfMonCollector: Perfmon plugin error: java.net.ConnectException: Connection refused: connect 
2017/08/02 16:31:10 ERROR - kg.apc.jmeter.perfmon.PerfMonCollector: Perfmon plugin error: java.net.ConnectException: Connection refused: connect 
2017/08/02 16:31:10 ERROR - kg.apc.jmeter.perfmon.PerfMonCollector: Perfmon plugin error: java.net.ConnectException: Connection refused: connect 
2017/08/02 16:31:11 ERROR - kg.apc.jmeter.perfmon.PerfMonCollector: Perfmon plugin error: java.net.ConnectException: Connection refused: connect 
2017/08/02 16:31:11 ERROR - kg.apc.jmeter.perfmon.PerfMonCollector: Perfmon plugin error: java.net.ConnectException: Connection refused: connect 
2017/08/02 16:31:12 ERROR - kg.apc.jmeter.perfmon.PerfMonCollector: Perfmon plugin error: java.net.ConnectException: Connection refused: connect 
2017/08/02 16:31:12 ERROR - kg.apc.jmeter.perfmon.PerfMonCollector: Perfmon plugin error: java.net.ConnectException: Connection refused: connect 
2017/08/02 16:31:13 ERROR - kg.apc.jmeter.perfmon.PerfMonCollector: Perfmon plugin error: java.net.ConnectException: Connection refused: connect 
2017/08/02 16:31:13 ERROR - kg.apc.jmeter.perfmon.PerfMonCollector: Perfmon plugin error: java.net.ConnectException: Connection refused: connect 
2017/08/02 16:31:14 ERROR - kg.apc.jmeter.perfmon.PerfMonCollector: Perfmon plugin error: java.net.ConnectException: Connection refused: connect 
2017/08/02 16:31:14 ERROR - kg.apc.jmeter.perfmon.PerfMonCollector: Perfmon plugin error: java.net.ConnectException: Connection refused: connect 
2017/08/02 16:31:15 ERROR - kg.apc.jmeter.perfmon.PerfMonCollector: Perfmon plugin error: java.net.ConnectException: Connection refused: connect 
2017/08/02 16:31:15 ERROR - kg.apc.jmeter.perfmon.PerfMonCollector: Perfmon plugin error: java.net.ConnectException: Connection refused: connect 
2017/08/02 16:31:16 ERROR - kg.apc.jmeter.perfmon.PerfMonCollector: Perfmon plugin error: java.net.ConnectException: Connection refused: connect 
2017/08/02 16:31:16 ERROR - kg.apc.jmeter.perfmon.PerfMonCollector: Perfmon plugin error: java.net.ConnectException: Connection refused: connect 
2017/08/02 16:31:17 ERROR - kg.apc.jmeter.perfmon.PerfMonCollector: Perfmon plugin error: java.net.ConnectException: Connection refused: connect 
2017/08/02 16:31:17 ERROR - kg.apc.jmeter.perfmon.PerfMonCollector: Perfmon plugin error: java.net.ConnectException: Connection refused: connect 
2017/08/02 16:31:18 ERROR - kg.apc.jmeter.perfmon.PerfMonCollector: Perfmon plugin error: java.net.ConnectException: Connection refused: connect 
2017/08/02 16:31:18 ERROR - kg.apc.jmeter.perfmon.PerfMonCollector: Perfmon plugin error: java.net.ConnectException: Connection refused: connect 
2017/08/02 16:31:19 ERROR - kg.apc.jmeter.perfmon.PerfMonCollector: Perfmon plugin error: java.net.ConnectException: Connection refused: connect 
2017/08/02 16:31:19 ERROR - kg.apc.jmeter.perfmon.PerfMonCollector: Perfmon plugin error: java.net.ConnectException: Connection refused: connect 
2017/08/02 16:31:20 ERROR - kg.apc.jmeter.perfmon.PerfMonCollector: Perfmon plugin error: java.net.ConnectException: Connection refused: connect 
2017/08/02 16:31:20 ERROR - kg.apc.jmeter.perfmon.PerfMonCollector: Perfmon plugin error: java.net.ConnectException: Connection refused: connect 
2017/08/02 16:31:21 ERROR - kg.apc.jmeter.perfmon.PerfMonCollector: Perfmon plugin error: java.net.ConnectException: Connection refused: connect 
2017/08/02 16:31:21 INFO  - jmeter.threads.JMeterThread: Thread is done: Thread Group 1-1 
2017/08/02 16:31:21 INFO  - jmeter.threads.JMeterThread: Thread finished: Thread Group 1-1 
2017/08/02 16:31:21 ERROR - kg.apc.jmeter.perfmon.PerfMonCollector: Perfmon plugin error: java.net.ConnectException: Connection refused: connect 
2017/08/02 16:31:22 ERROR - kg.apc.jmeter.perfmon.PerfMonCollector: Perfmon plugin error: java.net.ConnectException: Connection refused: connect 
2017/08/02 16:31:22 ERROR - kg.apc.jmeter.perfmon.PerfMonCollector: Perfmon plugin error: java.net.ConnectException: Connection refused: connect 
2017/08/02 16:31:23 ERROR - kg.apc.jmeter.perfmon.PerfMonCollector: Perfmon plugin error: java.net.ConnectException: Connection refused: connect 
2017/08/02 16:31:23 INFO  - jmeter.threads.JMeterThread: Thread is done: Thread Group 1-4 
2017/08/02 16:31:23 INFO  - jmeter.threads.JMeterThread: Thread finished: Thread Group 1-4 
2017/08/02 16:31:23 INFO  - jmeter.threads.JMeterThread: Thread is done: Thread Group 1-5 
2017/08/02 16:31:23 INFO  - jmeter.threads.JMeterThread: Thread finished: Thread Group 1-5 
2017/08/02 16:31:23 ERROR - kg.apc.jmeter.perfmon.PerfMonCollector: Perfmon plugin error: java.net.ConnectException: Connection refused: connect 
2017/08/02 16:31:24 ERROR - kg.apc.jmeter.perfmon.PerfMonCollector: Perfmon plugin error: java.net.ConnectException: Connection refused: connect 
2017/08/02 16:31:24 ERROR - kg.apc.jmeter.perfmon.PerfMonCollector: Perfmon plugin error: java.net.ConnectException: Connection refused: connect 
2017/08/02 16:31:25 ERROR - kg.apc.jmeter.perfmon.PerfMonCollector: Perfmon plugin error: java.net.ConnectException: Connection refused: connect 
2017/08/02 16:31:25 ERROR - kg.apc.jmeter.perfmon.PerfMonCollector: Perfmon plugin error: java.net.ConnectException: Connection refused: connect 
2017/08/02 16:31:26 ERROR - kg.apc.jmeter.perfmon.PerfMonCollector: Perfmon plugin error: java.net.ConnectException: Connection refused: connect 
2017/08/02 16:31:26 ERROR - kg.apc.jmeter.perfmon.PerfMonCollector: Perfmon plugin error: java.net.ConnectException: Connection refused: connect 
2017/08/02 16:31:27 ERROR - kg.apc.jmeter.perfmon.PerfMonCollector: Perfmon plugin error: java.net.ConnectException: Connection refused: connect 
2017/08/02 16:31:27 ERROR - kg.apc.jmeter.perfmon.PerfMonCollector: Perfmon plugin error: java.net.ConnectException: Connection refused: connect 
2017/08/02 16:31:28 ERROR - kg.apc.jmeter.perfmon.PerfMonCollector: Perfmon plugin error: java.net.ConnectException: Connection refused: connect 
2017/08/02 16:31:28 ERROR - kg.apc.jmeter.perfmon.PerfMonCollector: Perfmon plugin error: java.net.ConnectException: Connection refused: connect 
2017/08/02 16:31:29 ERROR - kg.apc.jmeter.perfmon.PerfMonCollector: Perfmon plugin error: java.net.ConnectException: Connection refused: connect 
2017/08/02 16:31:29 ERROR - kg.apc.jmeter.perfmon.PerfMonCollector: Perfmon plugin error: java.net.ConnectException: Connection refused: connect 
2017/08/02 16:31:30 INFO  - jmeter.reporters.Summariser: summary +   1601 in 00:01:00 =   26.7/s Avg:   572 Min:     2 Max: 50797 Err:    13 (0.81%) Active: 16 Started: 20 Finished: 4 
2017/08/02 16:31:30 INFO  - jmeter.reporters.Summariser: summary =   1714 in 00:01:08 =   25.1/s Avg:   536 Min:     2 Max: 50797 Err:    20 (1.17%) 
2017/08/02 16:31:30 INFO  - jmeter.threads.JMeterThread: Thread is done: Thread Group 1-3 
2017/08/02 16:31:30 INFO  - jmeter.threads.JMeterThread: Thread finished: Thread Group 1-3 
2017/08/02 16:31:30 ERROR - kg.apc.jmeter.perfmon.PerfMonCollector: Perfmon plugin error: java.net.ConnectException: Connection refused: connect 
2017/08/02 16:31:30 ERROR - kg.apc.jmeter.perfmon.PerfMonCollector: Perfmon plugin error: java.net.ConnectException: Connection refused: connect 
2017/08/02 16:31:30 INFO  - jmeter.threads.JMeterThread: Thread is done: Thread Group 1-9 
2017/08/02 16:31:30 INFO  - jmeter.threads.JMeterThread: Thread finished: Thread Group 1-9 
2017/08/02 16:31:31 ERROR - kg.apc.jmeter.perfmon.PerfMonCollector: Perfmon plugin error: java.net.ConnectException: Connection refused: connect 
2017/08/02 16:31:31 ERROR - kg.apc.jmeter.perfmon.PerfMonCollector: Perfmon plugin error: java.net.ConnectException: Connection refused: connect 
2017/08/02 16:31:31 INFO  - jmeter.threads.JMeterThread: Thread is done: Thread Group 1-6 
2017/08/02 16:31:31 INFO  - jmeter.threads.JMeterThread: Thread finished: Thread Group 1-6 
2017/08/02 16:31:32 INFO  - jmeter.threads.JMeterThread: Thread is done: Thread Group 1-12 
2017/08/02 16:31:32 INFO  - jmeter.threads.JMeterThread: Thread finished: Thread Group 1-12 
2017/08/02 16:31:32 INFO  - jmeter.threads.JMeterThread: Thread is done: Thread Group 1-8 
2017/08/02 16:31:32 INFO  - jmeter.threads.JMeterThread: Thread finished: Thread Group 1-8 
2017/08/02 16:31:32 ERROR - kg.apc.jmeter.perfmon.PerfMonCollector: Perfmon plugin error: java.net.ConnectException: Connection refused: connect 
2017/08/02 16:31:32 ERROR - kg.apc.jmeter.perfmon.PerfMonCollector: Perfmon plugin error: java.net.ConnectException: Connection refused: connect 
2017/08/02 16:31:33 ERROR - kg.apc.jmeter.perfmon.PerfMonCollector: Perfmon plugin error: java.net.ConnectException: Connection refused: connect 
2017/08/02 16:31:33 ERROR - kg.apc.jmeter.perfmon.PerfMonCollector: Perfmon plugin error: java.net.ConnectException: Connection refused: connect 
2017/08/02 16:31:34 ERROR - kg.apc.jmeter.perfmon.PerfMonCollector: Perfmon plugin error: java.net.ConnectException: Connection refused: connect 
2017/08/02 16:31:34 ERROR - kg.apc.jmeter.perfmon.PerfMonCollector: Perfmon plugin error: java.net.ConnectException: Connection refused: connect 
2017/08/02 16:31:35 ERROR - kg.apc.jmeter.perfmon.PerfMonCollector: Perfmon plugin error: java.net.ConnectException: Connection refused: connect 
2017/08/02 16:31:35 ERROR - kg.apc.jmeter.perfmon.PerfMonCollector: Perfmon plugin error: java.net.ConnectException: Connection refused: connect 
2017/08/02 16:31:36 ERROR - kg.apc.jmeter.perfmon.PerfMonCollector: Perfmon plugin error: java.net.ConnectException: Connection refused: connect 
2017/08/02 16:31:36 ERROR - kg.apc.jmeter.perfmon.PerfMonCollector: Perfmon plugin error: java.net.ConnectException: Connection refused: connect 
2017/08/02 16:31:37 ERROR - kg.apc.jmeter.perfmon.PerfMonCollector: Perfmon plugin error: java.net.ConnectException: Connection refused: connect 
2017/08/02 16:31:37 ERROR - kg.apc.jmeter.perfmon.PerfMonCollector: Perfmon plugin error: java.net.ConnectException: Connection refused: connect 
2017/08/02 16:31:38 INFO  - jmeter.threads.JMeterThread: Thread is done: Thread Group 1-10 
2017/08/02 16:31:38 INFO  - jmeter.threads.JMeterThread: Thread finished: Thread Group 1-10 
2017/08/02 16:31:38 ERROR - kg.apc.jmeter.perfmon.PerfMonCollector: Perfmon plugin error: java.net.ConnectException: Connection refused: connect 
2017/08/02 16:31:38 ERROR - kg.apc.jmeter.perfmon.PerfMonCollector: Perfmon plugin error: java.net.ConnectException: Connection refused: connect 
2017/08/02 16:31:39 ERROR - kg.apc.jmeter.perfmon.PerfMonCollector: Perfmon plugin error: java.net.ConnectException: Connection refused: connect 
2017/08/02 16:31:39 ERROR - kg.apc.jmeter.perfmon.PerfMonCollector: Perfmon plugin error: java.net.ConnectException: Connection refused: connect 
2017/08/02 16:31:40 ERROR - kg.apc.jmeter.perfmon.PerfMonCollector: Perfmon plugin error: java.net.ConnectException: Connection refused: connect 
2017/08/02 16:31:40 ERROR - kg.apc.jmeter.perfmon.PerfMonCollector: Perfmon plugin error: java.net.ConnectException: Connection refused: connect 
2017/08/02 16:31:41 ERROR - kg.apc.jmeter.perfmon.PerfMonCollector: Perfmon plugin error: java.net.ConnectException: Connection refused: connect 
2017/08/02 16:31:41 ERROR - kg.apc.jmeter.perfmon.PerfMonCollector: Perfmon plugin error: java.net.ConnectException: Connection refused: connect 
2017/08/02 16:31:42 ERROR - kg.apc.jmeter.perfmon.PerfMonCollector: Perfmon plugin error: java.net.ConnectException: Connection refused: connect 
2017/08/02 16:31:42 ERROR - kg.apc.jmeter.perfmon.PerfMonCollector: Perfmon plugin error: java.net.ConnectException: Connection refused: connect 
2017/08/02 16:31:43 ERROR - kg.apc.jmeter.perfmon.PerfMonCollector: Perfmon plugin error: java.net.ConnectException: Connection refused: connect 
2017/08/02 16:31:43 ERROR - kg.apc.jmeter.perfmon.PerfMonCollector: Perfmon plugin error: java.net.ConnectException: Connection refused: connect 
2017/08/02 16:31:44 ERROR - kg.apc.jmeter.perfmon.PerfMonCollector: Perfmon plugin error: java.net.ConnectException: Connection refused: connect 
2017/08/02 16:31:44 ERROR - kg.apc.jmeter.perfmon.PerfMonCollector: Perfmon plugin error: java.net.ConnectException: Connection refused: connect 
2017/08/02 16:31:45 ERROR - kg.apc.jmeter.perfmon.PerfMonCollector: Perfmon plugin error: java.net.ConnectException: Connection refused: connect 
2017/08/02 16:31:45 ERROR - kg.apc.jmeter.perfmon.PerfMonCollector: Perfmon plugin error: java.net.ConnectException: Connection refused: connect 
2017/08/02 16:31:46 INFO  - jmeter.threads.JMeterThread: Thread is done: Thread Group 1-11 
2017/08/02 16:31:46 INFO  - jmeter.threads.JMeterThread: Thread finished: Thread Group 1-11 
2017/08/02 16:31:46 ERROR - kg.apc.jmeter.perfmon.PerfMonCollector: Perfmon plugin error: java.net.ConnectException: Connection refused: connect 
2017/08/02 16:31:46 ERROR - kg.apc.jmeter.perfmon.PerfMonCollector: Perfmon plugin error: java.net.ConnectException: Connection refused: connect 
2017/08/02 16:31:47 ERROR - kg.apc.jmeter.perfmon.PerfMonCollector: Perfmon plugin error: java.net.ConnectException: Connection refused: connect 
2017/08/02 16:31:47 ERROR - kg.apc.jmeter.perfmon.PerfMonCollector: Perfmon plugin error: java.net.ConnectException: Connection refused: connect 
2017/08/02 16:31:48 ERROR - kg.apc.jmeter.perfmon.PerfMonCollector: Perfmon plugin error: java.net.ConnectException: Connection refused: connect 
2017/08/02 16:31:48 ERROR - kg.apc.jmeter.perfmon.PerfMonCollector: Perfmon plugin error: java.net.ConnectException: Connection refused: connect 
2017/08/02 16:31:50 ERROR - kg.apc.jmeter.perfmon.PerfMonCollector: Perfmon plugin error: java.net.ConnectException: Connection refused: connect 
2017/08/02 16:31:50 ERROR - kg.apc.jmeter.perfmon.PerfMonCollector: Perfmon plugin error: java.net.ConnectException: Connection refused: connect 
2017/08/02 16:31:51 ERROR - kg.apc.jmeter.perfmon.PerfMonCollector: Perfmon plugin error: java.net.ConnectException: Connection refused: connect 
2017/08/02 16:31:51 ERROR - kg.apc.jmeter.perfmon.PerfMonCollector: Perfmon plugin error: java.net.ConnectException: Connection refused: connect 
2017/08/02 16:31:51 INFO  - jmeter.threads.JMeterThread: Thread is done: Thread Group 1-15 
2017/08/02 16:31:51 INFO  - jmeter.threads.JMeterThread: Thread finished: Thread Group 1-15 
2017/08/02 16:31:51 INFO  - jmeter.threads.JMeterThread: Thread is done: Thread Group 1-19 
2017/08/02 16:31:51 INFO  - jmeter.threads.JMeterThread: Thread finished: Thread Group 1-19 
2017/08/02 16:31:52 ERROR - kg.apc.jmeter.perfmon.PerfMonCollector: Perfmon plugin error: java.net.ConnectException: Connection refused: connect 
2017/08/02 16:31:52 ERROR - kg.apc.jmeter.perfmon.PerfMonCollector: Perfmon plugin error: java.net.ConnectException: Connection refused: connect 
2017/08/02 16:31:52 INFO  - jmeter.threads.JMeterThread: Thread is done: Thread Group 1-7 
2017/08/02 16:31:52 INFO  - jmeter.threads.JMeterThread: Thread finished: Thread Group 1-7 
2017/08/02 16:31:53 ERROR - kg.apc.jmeter.perfmon.PerfMonCollector: Perfmon plugin error: java.net.ConnectException: Connection refused: connect 
2017/08/02 16:31:53 ERROR - kg.apc.jmeter.perfmon.PerfMonCollector: Perfmon plugin error: java.net.ConnectException: Connection refused: connect 
2017/08/02 16:31:54 ERROR - kg.apc.jmeter.perfmon.PerfMonCollector: Perfmon plugin error: java.net.ConnectException: Connection refused: connect 
2017/08/02 16:31:54 ERROR - kg.apc.jmeter.perfmon.PerfMonCollector: Perfmon plugin error: java.net.ConnectException: Connection refused: connect 
2017/08/02 16:31:55 ERROR - kg.apc.jmeter.perfmon.PerfMonCollector: Perfmon plugin error: java.net.ConnectException: Connection refused: connect 
2017/08/02 16:31:55 ERROR - kg.apc.jmeter.perfmon.PerfMonCollector: Perfmon plugin error: java.net.ConnectException: Connection refused: connect 
2017/08/02 16:31:56 ERROR - kg.apc.jmeter.perfmon.PerfMonCollector: Perfmon plugin error: java.net.ConnectException: Connection refused: connect 
2017/08/02 16:31:56 ERROR - kg.apc.jmeter.perfmon.PerfMonCollector: Perfmon plugin error: java.net.ConnectException: Connection refused: connect 
2017/08/02 16:31:57 ERROR - kg.apc.jmeter.perfmon.PerfMonCollector: Perfmon plugin error: java.net.ConnectException: Connection refused: connect 
2017/08/02 16:31:57 ERROR - kg.apc.jmeter.perfmon.PerfMonCollector: Perfmon plugin error: java.net.ConnectException: Connection refused: connect 
2017/08/02 16:31:58 ERROR - kg.apc.jmeter.perfmon.PerfMonCollector: Perfmon plugin error: java.net.ConnectException: Connection refused: connect 
2017/08/02 16:31:58 ERROR - kg.apc.jmeter.perfmon.PerfMonCollector: Perfmon plugin error: java.net.ConnectException: Connection refused: connect 
2017/08/02 16:31:59 INFO  - jmeter.threads.JMeterThread: Thread is done: Thread Group 1-14 
2017/08/02 16:31:59 INFO  - jmeter.threads.JMeterThread: Thread finished: Thread Group 1-14 
2017/08/02 16:31:59 ERROR - kg.apc.jmeter.perfmon.PerfMonCollector: Perfmon plugin error: java.net.ConnectException: Connection refused: connect 
2017/08/02 16:31:59 ERROR - kg.apc.jmeter.perfmon.PerfMonCollector: Perfmon plugin error: java.net.ConnectException: Connection refused: connect 
2017/08/02 16:32:00 ERROR - kg.apc.jmeter.perfmon.PerfMonCollector: Perfmon plugin error: java.net.ConnectException: Connection refused: connect 
2017/08/02 16:32:00 ERROR - kg.apc.jmeter.perfmon.PerfMonCollector: Perfmon plugin error: java.net.ConnectException: Connection refused: connect 
2017/08/02 16:32:00 INFO  - jmeter.reporters.Summariser: summary +    803 in 00:00:31 =   26.3/s Avg:   518 Min:     2 Max: 68218 Err:     0 (0.00%) Active: 5 Started: 20 Finished: 15 
2017/08/02 16:32:00 INFO  - jmeter.reporters.Summariser: summary =   2517 in 00:01:39 =   25.5/s Avg:   530 Min:     2 Max: 68218 Err:    20 (0.79%) 
2017/08/02 16:32:00 INFO  - jmeter.threads.JMeterThread: Thread is done: Thread Group 1-20 
2017/08/02 16:32:00 INFO  - jmeter.threads.JMeterThread: Thread finished: Thread Group 1-20 
2017/08/02 16:32:01 ERROR - kg.apc.jmeter.perfmon.PerfMonCollector: Perfmon plugin error: java.net.ConnectException: Connection refused: connect 
2017/08/02 16:32:01 ERROR - kg.apc.jmeter.perfmon.PerfMonCollector: Perfmon plugin error: java.net.ConnectException: Connection refused: connect 
2017/08/02 16:32:02 ERROR - kg.apc.jmeter.perfmon.PerfMonCollector: Perfmon plugin error: java.net.ConnectException: Connection refused: connect 
2017/08/02 16:32:02 ERROR - kg.apc.jmeter.perfmon.PerfMonCollector: Perfmon plugin error: java.net.ConnectException: Connection refused: connect 
2017/08/02 16:32:03 ERROR - kg.apc.jmeter.perfmon.PerfMonCollector: Perfmon plugin error: java.net.ConnectException: Connection refused: connect 
2017/08/02 16:32:03 ERROR - kg.apc.jmeter.perfmon.PerfMonCollector: Perfmon plugin error: java.net.ConnectException: Connection refused: connect 
2017/08/02 16:32:04 INFO  - jmeter.threads.JMeterThread: Thread is done: Thread Group 1-13 
2017/08/02 16:32:04 INFO  - jmeter.threads.JMeterThread: Thread finished: Thread Group 1-13 
2017/08/02 16:32:04 INFO  - jmeter.threads.JMeterThread: Thread is done: Thread Group 1-17 
2017/08/02 16:32:04 INFO  - jmeter.threads.JMeterThread: Thread finished: Thread Group 1-17 
2017/08/02 16:32:04 ERROR - kg.apc.jmeter.perfmon.PerfMonCollector: Perfmon plugin error: java.net.ConnectException: Connection refused: connect 
2017/08/02 16:32:04 ERROR - kg.apc.jmeter.perfmon.PerfMonCollector: Perfmon plugin error: java.net.ConnectException: Connection refused: connect 
2017/08/02 16:32:04 INFO  - jmeter.threads.JMeterThread: Thread is done: Thread Group 1-18 
2017/08/02 16:32:04 INFO  - jmeter.threads.JMeterThread: Thread finished: Thread Group 1-18 
2017/08/02 16:32:05 INFO  - jmeter.threads.JMeterThread: Thread is done: Thread Group 1-16 
2017/08/02 16:32:05 INFO  - jmeter.threads.JMeterThread: Thread finished: Thread Group 1-16 
2017/08/02 16:32:05 INFO  - jmeter.engine.StandardJMeterEngine: Notifying test listeners of end of test 
2017/08/02 16:32:05 INFO  - jmeter.services.FileServer: Close: username.csv 
2017/08/02 16:32:05 INFO  - jmeter.services.FileServer: Close: offerid.csv 
2017/08/02 16:32:05 INFO  - kg.apc.jmeter.PluginsCMDWorker: Using JMeterPluginsCMD v. N/A 
2017/08/02 16:32:05 WARN  - kg.apc.jmeter.JMeterPluginsUtils: JMeter env exists. No one should see this normally. 
2017/08/02 16:32:06 INFO  - kg.apc.jmeter.vizualizers.SynthesisReportGui: Saving CSV to C:\perf_project_git\EAS_4.6\Output\offer_search_by_offerid\20user\JmeterResults\SynthesisReportGui.csv 
2017/08/02 16:32:06 INFO  - kg.apc.jmeter.listener.GraphsGeneratorListener: Successful generation of file C:\perf_project_git\EAS_4.6\Output\offer_search_by_offerid\20user\JmeterResults\SynthesisReportGui by plugin:SynthesisReportGui 
2017/08/02 16:32:06 INFO  - kg.apc.jmeter.PluginsCMDWorker: Using JMeterPluginsCMD v. N/A 
2017/08/02 16:32:06 WARN  - kg.apc.jmeter.JMeterPluginsUtils: JMeter env exists. No one should see this normally. 
2017/08/02 16:32:06 WARN  - jorphan.gui.ObjectTableModel: Header count=13 but classes count=11 
2017/08/02 16:32:06 WARN  - jorphan.gui.ObjectTableModel: Header count=13 but writeFunctor count=11 
2017/08/02 16:32:07 INFO  - kg.apc.jmeter.vizualizers.AggregateReportGui: Saving CSV to C:\perf_project_git\EAS_4.6\Output\offer_search_by_offerid\20user\JmeterResults\AggregateReportGui.csv 
2017/08/02 16:32:07 INFO  - kg.apc.jmeter.listener.GraphsGeneratorListener: Successful generation of file C:\perf_project_git\EAS_4.6\Output\offer_search_by_offerid\20user\JmeterResults\AggregateReportGui by plugin:AggregateReportGui 
2017/08/02 16:32:07 INFO  - kg.apc.jmeter.PluginsCMDWorker: Using JMeterPluginsCMD v. N/A 
2017/08/02 16:32:07 WARN  - kg.apc.jmeter.JMeterPluginsUtils: JMeter env exists. No one should see this normally. 
2017/08/02 16:32:07 INFO  - kg.apc.charting.GraphPanelChart: Saving PNG to C:\perf_project_git\EAS_4.6\Output\offer_search_by_offerid\20user\JmeterResults\ResponseTimesOverTime.png 
2017/08/02 16:32:08 INFO  - kg.apc.jmeter.listener.GraphsGeneratorListener: Successful generation of file C:\perf_project_git\EAS_4.6\Output\offer_search_by_offerid\20user\JmeterResults\ResponseTimesOverTime by plugin:ResponseTimesOverTime 
2017/08/02 16:32:08 INFO  - kg.apc.jmeter.PluginsCMDWorker: Using JMeterPluginsCMD v. N/A 
2017/08/02 16:32:08 WARN  - kg.apc.jmeter.JMeterPluginsUtils: JMeter env exists. No one should see this normally. 
2017/08/02 16:32:08 INFO  - kg.apc.charting.GraphPanelChart: Saving PNG to C:\perf_project_git\EAS_4.6\Output\offer_search_by_offerid\20user\JmeterResults\HitsPerSecond.png 
2017/08/02 16:32:08 INFO  - kg.apc.jmeter.listener.GraphsGeneratorListener: Successful generation of file C:\perf_project_git\EAS_4.6\Output\offer_search_by_offerid\20user\JmeterResults\HitsPerSecond by plugin:HitsPerSecond 
2017/08/02 16:32:08 INFO  - kg.apc.jmeter.PluginsCMDWorker: Using JMeterPluginsCMD v. N/A 
2017/08/02 16:32:08 WARN  - kg.apc.jmeter.JMeterPluginsUtils: JMeter env exists. No one should see this normally. 
2017/08/02 16:32:09 INFO  - kg.apc.charting.GraphPanelChart: Saving PNG to C:\perf_project_git\EAS_4.6\Output\offer_search_by_offerid\20user\JmeterResults\BytesThroughputOverTime.png 
2017/08/02 16:32:09 INFO  - kg.apc.jmeter.listener.GraphsGeneratorListener: Successful generation of file C:\perf_project_git\EAS_4.6\Output\offer_search_by_offerid\20user\JmeterResults\BytesThroughputOverTime by plugin:BytesThroughputOverTime 
2017/08/02 16:32:09 INFO  - kg.apc.jmeter.PluginsCMDWorker: Using JMeterPluginsCMD v. N/A 
2017/08/02 16:32:09 WARN  - kg.apc.jmeter.JMeterPluginsUtils: JMeter env exists. No one should see this normally. 
2017/08/02 16:32:09 INFO  - kg.apc.charting.GraphPanelChart: Saving PNG to C:\perf_project_git\EAS_4.6\Output\offer_search_by_offerid\20user\JmeterResults\LatenciesOverTime.png 
2017/08/02 16:32:10 INFO  - kg.apc.jmeter.listener.GraphsGeneratorListener: Successful generation of file C:\perf_project_git\EAS_4.6\Output\offer_search_by_offerid\20user\JmeterResults\LatenciesOverTime by plugin:LatenciesOverTime 
2017/08/02 16:32:10 INFO  - kg.apc.jmeter.PluginsCMDWorker: Using JMeterPluginsCMD v. N/A 
2017/08/02 16:32:10 WARN  - kg.apc.jmeter.JMeterPluginsUtils: JMeter env exists. No one should see this normally. 
2017/08/02 16:32:10 INFO  - kg.apc.charting.GraphPanelChart: Saving PNG to C:\perf_project_git\EAS_4.6\Output\offer_search_by_offerid\20user\JmeterResults\ResponseCodesPerSecond.png 
2017/08/02 16:32:10 INFO  - kg.apc.jmeter.listener.GraphsGeneratorListener: Successful generation of file C:\perf_project_git\EAS_4.6\Output\offer_search_by_offerid\20user\JmeterResults\ResponseCodesPerSecond by plugin:ResponseCodesPerSecond 
2017/08/02 16:32:10 INFO  - kg.apc.jmeter.PluginsCMDWorker: Using JMeterPluginsCMD v. N/A 
2017/08/02 16:32:10 WARN  - kg.apc.jmeter.JMeterPluginsUtils: JMeter env exists. No one should see this normally. 
2017/08/02 16:32:10 INFO  - kg.apc.charting.GraphPanelChart: Saving PNG to C:\perf_project_git\EAS_4.6\Output\offer_search_by_offerid\20user\JmeterResults\TransactionsPerSecond.png 
2017/08/02 16:32:10 INFO  - kg.apc.jmeter.listener.GraphsGeneratorListener: Successful generation of file C:\perf_project_git\EAS_4.6\Output\offer_search_by_offerid\20user\JmeterResults\TransactionsPerSecond by plugin:TransactionsPerSecond 
2017/08/02 16:32:10 INFO  - kg.apc.jmeter.PluginsCMDWorker: Using JMeterPluginsCMD v. N/A 
2017/08/02 16:32:10 WARN  - kg.apc.jmeter.JMeterPluginsUtils: JMeter env exists. No one should see this normally. 
2017/08/02 16:32:11 INFO  - kg.apc.charting.GraphPanelChart: Saving PNG to C:\perf_project_git\EAS_4.6\Output\offer_search_by_offerid\20user\JmeterResults\ResponseTimesDistribution.png 
2017/08/02 16:32:11 INFO  - kg.apc.jmeter.listener.GraphsGeneratorListener: Successful generation of file C:\perf_project_git\EAS_4.6\Output\offer_search_by_offerid\20user\JmeterResults\ResponseTimesDistribution by plugin:ResponseTimesDistribution 
2017/08/02 16:32:11 INFO  - kg.apc.jmeter.PluginsCMDWorker: Using JMeterPluginsCMD v. N/A 
2017/08/02 16:32:11 WARN  - kg.apc.jmeter.JMeterPluginsUtils: JMeter env exists. No one should see this normally. 
2017/08/02 16:32:11 INFO  - kg.apc.charting.GraphPanelChart: Saving PNG to C:\perf_project_git\EAS_4.6\Output\offer_search_by_offerid\20user\JmeterResults\ResponseTimesPercentiles.png 
2017/08/02 16:32:12 INFO  - kg.apc.jmeter.listener.GraphsGeneratorListener: Successful generation of file C:\perf_project_git\EAS_4.6\Output\offer_search_by_offerid\20user\JmeterResults\ResponseTimesPercentiles by plugin:ResponseTimesPercentiles 
2017/08/02 16:32:12 INFO  - kg.apc.jmeter.PluginsCMDWorker: Using JMeterPluginsCMD v. N/A 
2017/08/02 16:32:12 WARN  - kg.apc.jmeter.JMeterPluginsUtils: JMeter env exists. No one should see this normally. 
2017/08/02 16:32:12 INFO  - kg.apc.charting.GraphPanelChart: Saving PNG to C:\perf_project_git\EAS_4.6\Output\offer_search_by_offerid\20user\JmeterResults\ThreadsStateOverTime.png 
2017/08/02 16:32:12 INFO  - kg.apc.jmeter.listener.GraphsGeneratorListener: Successful generation of file C:\perf_project_git\EAS_4.6\Output\offer_search_by_offerid\20user\JmeterResults\ThreadsStateOverTime by plugin:ThreadsStateOverTime 
2017/08/02 16:32:12 INFO  - kg.apc.jmeter.PluginsCMDWorker: Using JMeterPluginsCMD v. N/A 
2017/08/02 16:32:12 WARN  - kg.apc.jmeter.JMeterPluginsUtils: JMeter env exists. No one should see this normally. 
2017/08/02 16:32:13 INFO  - kg.apc.charting.GraphPanelChart: Saving PNG to C:\perf_project_git\EAS_4.6\Output\offer_search_by_offerid\20user\JmeterResults\TimesVsThreads.png 
2017/08/02 16:32:15 INFO  - kg.apc.jmeter.listener.GraphsGeneratorListener: Successful generation of file C:\perf_project_git\EAS_4.6\Output\offer_search_by_offerid\20user\JmeterResults\TimesVsThreads by plugin:TimesVsThreads 
2017/08/02 16:32:15 INFO  - kg.apc.jmeter.PluginsCMDWorker: Using JMeterPluginsCMD v. N/A 
2017/08/02 16:32:15 WARN  - kg.apc.jmeter.JMeterPluginsUtils: JMeter env exists. No one should see this normally. 
2017/08/02 16:32:15 INFO  - kg.apc.charting.GraphPanelChart: Saving PNG to C:\perf_project_git\EAS_4.6\Output\offer_search_by_offerid\20user\JmeterResults\ThroughputVsThreads.png 
2017/08/02 16:32:15 INFO  - kg.apc.jmeter.listener.GraphsGeneratorListener: Successful generation of file C:\perf_project_git\EAS_4.6\Output\offer_search_by_offerid\20user\JmeterResults\ThroughputVsThreads by plugin:ThroughputVsThreads 
2017/08/02 16:32:15 INFO  - jmeter.reporters.Summariser: summary +    223 in 00:00:15 =   14.8/s Avg:   199 Min:     2 Max: 14630 Err:     0 (0.00%) Active: 0 Started: 20 Finished: 20 
2017/08/02 16:32:15 INFO  - jmeter.reporters.Summariser: summary =   2740 in 00:01:54 =   24.0/s Avg:   503 Min:     2 Max: 68218 Err:    20 (0.73%) 
