2017/11/13 12:10:11 INFO  - jmeter.util.JMeterUtils: Setting Locale to en_US 
2017/11/13 12:10:11 INFO  - jmeter.JMeter: Loading user properties from: C:\Users\Administrator\Desktop\apache-jmeter-3.1\apache-jmeter-3.1\bin\user.properties 
2017/11/13 12:10:11 INFO  - jmeter.JMeter: Loading system properties from: C:\Users\Administrator\Desktop\apache-jmeter-3.1\apache-jmeter-3.1\bin\system.properties 
2017/11/13 12:10:12 INFO  - jmeter.JMeter: Copyright (c) 1998-2016 The Apache Software Foundation 
2017/11/13 12:10:12 INFO  - jmeter.JMeter: Version 3.1 r1770033 
2017/11/13 12:10:12 INFO  - jmeter.JMeter: java.version=1.7.0_60 
2017/11/13 12:10:12 INFO  - jmeter.JMeter: java.vm.name=Java HotSpot(TM) 64-Bit Server VM 
2017/11/13 12:10:12 INFO  - jmeter.JMeter: os.name=Windows Server 2012 R2 
2017/11/13 12:10:12 INFO  - jmeter.JMeter: os.arch=amd64 
2017/11/13 12:10:12 INFO  - jmeter.JMeter: os.version=6.3 
2017/11/13 12:10:12 INFO  - jmeter.JMeter: file.encoding=Cp1252 
2017/11/13 12:10:12 INFO  - jmeter.JMeter: Max memory     =523763712 
2017/11/13 12:10:12 INFO  - jmeter.JMeter: Available Processors =4 
2017/11/13 12:10:12 INFO  - jmeter.JMeter: Default Locale=English (United States) 
2017/11/13 12:10:12 INFO  - jmeter.JMeter: JMeter  Locale=English (United States) 
2017/11/13 12:10:12 INFO  - jmeter.JMeter: JMeterHome=C:\Users\Administrator\Desktop\apache-jmeter-3.1\apache-jmeter-3.1 
2017/11/13 12:10:12 INFO  - jmeter.JMeter: user.dir  =C:\perf_project_git\EAS_4.6\Jmeter_scripts\Org_search_by_orgname\30users 
2017/11/13 12:10:12 INFO  - jmeter.JMeter: PWD       =C:\perf_project_git\EAS_4.6\Jmeter_scripts\Org_search_by_orgname\30users 
2017/11/13 12:10:12 INFO  - jmeter.JMeter: IP: 10.10.3.15 Name: ESCM-APP FullName: ESCM-APP 
2017/11/13 12:10:12 INFO  - jmeter.services.FileServer: Default base='C:\perf_project_git\EAS_4.6\Jmeter_scripts\Org_search_by_orgname\30users' 
2017/11/13 12:10:12 INFO  - jmeter.services.FileServer: Set new base='C:\perf_project_git\EAS_4.6\Jmeter_scripts\Org_search_by_orgname\30users' 
2017/11/13 12:10:12 INFO  - jmeter.save.SaveService: Testplan (JMX) version: 2.2. Testlog (JTL) version: 2.2 
2017/11/13 12:10:12 INFO  - jmeter.save.SaveService: Using SaveService properties file encoding UTF-8 
2017/11/13 12:10:12 INFO  - jmeter.save.SaveService: Using SaveService properties version 3.1 
2017/11/13 12:10:12 INFO  - jmeter.save.SaveService: All converter versions present and correct 
2017/11/13 12:10:12 INFO  - jmeter.save.SaveService: Loading file: Search_Org_by_org_name.jmx 
2017/11/13 12:10:13 INFO  - jmeter.protocol.http.sampler.HTTPSamplerBase: Parser for text/html is org.apache.jmeter.protocol.http.parser.LagartoBasedHtmlParser 
2017/11/13 12:10:13 INFO  - jmeter.protocol.http.sampler.HTTPSamplerBase: Parser for application/xhtml+xml is org.apache.jmeter.protocol.http.parser.LagartoBasedHtmlParser 
2017/11/13 12:10:13 INFO  - jmeter.protocol.http.sampler.HTTPSamplerBase: Parser for application/xml is org.apache.jmeter.protocol.http.parser.LagartoBasedHtmlParser 
2017/11/13 12:10:13 INFO  - jmeter.protocol.http.sampler.HTTPSamplerBase: Parser for text/xml is org.apache.jmeter.protocol.http.parser.LagartoBasedHtmlParser 
2017/11/13 12:10:13 INFO  - jmeter.protocol.http.sampler.HTTPSamplerBase: Parser for text/vnd.wap.wml is org.apache.jmeter.protocol.http.parser.RegexpHTMLParser 
2017/11/13 12:10:13 INFO  - jmeter.protocol.http.sampler.HTTPSamplerBase: Parser for text/css is org.apache.jmeter.protocol.http.parser.CssParser 
2017/11/13 12:10:14 INFO  - jmeter.protocol.http.control.CacheManager: Will only cache the following methods: [GET] 
2017/11/13 12:10:14 INFO  - jmeter.protocol.http.control.CookieManager: Settings: Delete null: true Check: true Allow variable: true Save: false Prefix: COOKIE_ 
2017/11/13 12:10:15 INFO  - jmeter.JMeter: Creating summariser <summary> 
2017/11/13 12:10:15 INFO  - jmeter.engine.StandardJMeterEngine: Running the test! 
2017/11/13 12:10:15 INFO  - jmeter.samplers.SampleEvent: List of sample_variables: [] 
2017/11/13 12:10:15 INFO  - jmeter.samplers.SampleEvent: List of sample_variables: [] 
2017/11/13 12:10:15 INFO  - jmeter.engine.util.CompoundVariable: Note: Function class names must contain the string: '.functions.' 
2017/11/13 12:10:15 INFO  - jmeter.engine.util.CompoundVariable: Note: Function class names must not contain the string: '.gui.' 
2017/11/13 12:10:15 INFO  - jmeter.JMeter: Running test (1510555215936) 
2017/11/13 12:10:16 INFO  - jmeter.engine.StandardJMeterEngine: Starting ThreadGroup: 1 : Thread Group 
2017/11/13 12:10:16 INFO  - jmeter.engine.StandardJMeterEngine: Starting 30 threads for group Thread Group. 
2017/11/13 12:10:16 INFO  - jmeter.engine.StandardJMeterEngine: Thread will continue on error 
2017/11/13 12:10:16 INFO  - jmeter.threads.ThreadGroup: Starting thread group number 1 threads 30 ramp-up 30 perThread 1000.0 delayedStart=false 
2017/11/13 12:10:16 INFO  - jmeter.samplers.SampleResult: Note: Sample TimeStamps are START times 
2017/11/13 12:10:16 INFO  - jmeter.samplers.SampleResult: sampleresult.default.encoding is set to ISO-8859-1 
2017/11/13 12:10:16 INFO  - jmeter.samplers.SampleResult: sampleresult.useNanoTime=true 
2017/11/13 12:10:16 INFO  - jmeter.samplers.SampleResult: sampleresult.nanoThreadSleep=5000 
2017/11/13 12:10:16 INFO  - jmeter.threads.JMeterThread: Thread started: Thread Group 1-1 
2017/11/13 12:10:16 INFO  - jmeter.services.FileServer: Stored: orgname.csv 
2017/11/13 12:10:16 INFO  - jmeter.services.FileServer: Stored: username.csv 
2017/11/13 12:10:16 INFO  - jmeter.protocol.http.sampler.HTTPHCAbstractImpl: Local host = ESCM-APP 
2017/11/13 12:10:16 INFO  - jmeter.protocol.http.sampler.HTTPHC4Impl: HTTP request retry count = 0 
2017/11/13 12:10:16 INFO  - jmeter.threads.ThreadGroup: Started thread group number 1 
2017/11/13 12:10:16 INFO  - jmeter.engine.StandardJMeterEngine: All thread groups have been started 
2017/11/13 12:10:17 INFO  - jmeter.threads.JMeterThread: Thread started: Thread Group 1-2 
2017/11/13 12:10:18 INFO  - jmeter.threads.JMeterThread: Thread started: Thread Group 1-3 
2017/11/13 12:10:19 INFO  - jmeter.threads.JMeterThread: Thread started: Thread Group 1-4 
2017/11/13 12:10:20 INFO  - jmeter.threads.JMeterThread: Thread started: Thread Group 1-5 
2017/11/13 12:10:21 INFO  - jmeter.threads.JMeterThread: Thread started: Thread Group 1-6 
2017/11/13 12:10:22 INFO  - jmeter.threads.JMeterThread: Thread started: Thread Group 1-7 
2017/11/13 12:10:23 INFO  - jmeter.threads.JMeterThread: Thread started: Thread Group 1-8 
2017/11/13 12:10:24 INFO  - jmeter.threads.JMeterThread: Thread started: Thread Group 1-9 
2017/11/13 12:10:25 INFO  - jmeter.threads.JMeterThread: Thread is done: Thread Group 1-2 
2017/11/13 12:10:25 INFO  - jmeter.threads.JMeterThread: Thread finished: Thread Group 1-2 
2017/11/13 12:10:25 INFO  - jmeter.threads.JMeterThread: Thread is done: Thread Group 1-1 
2017/11/13 12:10:25 INFO  - jmeter.threads.JMeterThread: Thread finished: Thread Group 1-1 
2017/11/13 12:10:25 INFO  - jmeter.threads.JMeterThread: Thread started: Thread Group 1-10 
2017/11/13 12:10:25 INFO  - jmeter.threads.JMeterThread: Thread is done: Thread Group 1-3 
2017/11/13 12:10:25 INFO  - jmeter.threads.JMeterThread: Thread finished: Thread Group 1-3 
2017/11/13 12:10:26 INFO  - jmeter.threads.JMeterThread: Thread started: Thread Group 1-11 
2017/11/13 12:10:27 INFO  - jmeter.threads.JMeterThread: Thread started: Thread Group 1-12 
2017/11/13 12:10:28 INFO  - jmeter.threads.JMeterThread: Thread is done: Thread Group 1-4 
2017/11/13 12:10:28 INFO  - jmeter.threads.JMeterThread: Thread finished: Thread Group 1-4 
2017/11/13 12:10:28 INFO  - jmeter.threads.JMeterThread: Thread started: Thread Group 1-13 
2017/11/13 12:10:29 INFO  - jmeter.threads.JMeterThread: Thread is done: Thread Group 1-5 
2017/11/13 12:10:29 INFO  - jmeter.threads.JMeterThread: Thread finished: Thread Group 1-5 
2017/11/13 12:10:29 INFO  - jmeter.threads.JMeterThread: Thread started: Thread Group 1-14 
2017/11/13 12:10:30 INFO  - jmeter.reporters.Summariser: summary +    120 in 00:00:14 =    8.5/s Avg:   626 Min:     8 Max:  2472 Err:     0 (0.00%) Active: 9 Started: 14 Finished: 5 
2017/11/13 12:10:30 INFO  - jmeter.threads.JMeterThread: Thread is done: Thread Group 1-6 
2017/11/13 12:10:30 INFO  - jmeter.threads.JMeterThread: Thread finished: Thread Group 1-6 
2017/11/13 12:10:30 INFO  - jmeter.threads.JMeterThread: Thread started: Thread Group 1-15 
2017/11/13 12:10:31 INFO  - jmeter.threads.JMeterThread: Thread started: Thread Group 1-16 
2017/11/13 12:10:32 INFO  - jmeter.threads.JMeterThread: Thread is done: Thread Group 1-7 
2017/11/13 12:10:32 INFO  - jmeter.threads.JMeterThread: Thread finished: Thread Group 1-7 
2017/11/13 12:10:32 INFO  - jmeter.threads.JMeterThread: Thread started: Thread Group 1-17 
2017/11/13 12:10:33 INFO  - jmeter.threads.JMeterThread: Thread is done: Thread Group 1-8 
2017/11/13 12:10:33 INFO  - jmeter.threads.JMeterThread: Thread finished: Thread Group 1-8 
2017/11/13 12:10:33 INFO  - jmeter.threads.JMeterThread: Thread started: Thread Group 1-18 
2017/11/13 12:10:34 INFO  - jmeter.threads.JMeterThread: Thread started: Thread Group 1-19 
2017/11/13 12:10:34 INFO  - jmeter.threads.JMeterThread: Thread is done: Thread Group 1-9 
2017/11/13 12:10:34 INFO  - jmeter.threads.JMeterThread: Thread finished: Thread Group 1-9 
2017/11/13 12:10:35 INFO  - jmeter.threads.JMeterThread: Thread started: Thread Group 1-20 
2017/11/13 12:10:35 INFO  - jmeter.threads.JMeterThread: Thread is done: Thread Group 1-10 
2017/11/13 12:10:35 INFO  - jmeter.threads.JMeterThread: Thread finished: Thread Group 1-10 
2017/11/13 12:10:35 INFO  - jmeter.threads.JMeterThread: Thread is done: Thread Group 1-11 
2017/11/13 12:10:35 INFO  - jmeter.threads.JMeterThread: Thread finished: Thread Group 1-11 
2017/11/13 12:10:36 INFO  - jmeter.threads.JMeterThread: Thread started: Thread Group 1-21 
2017/11/13 12:10:37 INFO  - jmeter.threads.JMeterThread: Thread started: Thread Group 1-22 
2017/11/13 12:10:38 INFO  - jmeter.threads.JMeterThread: Thread is done: Thread Group 1-12 
2017/11/13 12:10:38 INFO  - jmeter.threads.JMeterThread: Thread finished: Thread Group 1-12 
2017/11/13 12:10:38 INFO  - jmeter.threads.JMeterThread: Thread started: Thread Group 1-23 
2017/11/13 12:10:39 INFO  - jmeter.threads.JMeterThread: Thread is done: Thread Group 1-13 
2017/11/13 12:10:39 INFO  - jmeter.threads.JMeterThread: Thread finished: Thread Group 1-13 
2017/11/13 12:10:39 INFO  - jmeter.threads.JMeterThread: Thread started: Thread Group 1-24 
2017/11/13 12:10:40 INFO  - jmeter.threads.JMeterThread: Thread started: Thread Group 1-25 
2017/11/13 12:10:41 INFO  - jmeter.threads.JMeterThread: Thread is done: Thread Group 1-14 
2017/11/13 12:10:41 INFO  - jmeter.threads.JMeterThread: Thread finished: Thread Group 1-14 
2017/11/13 12:10:41 INFO  - jmeter.threads.JMeterThread: Thread is done: Thread Group 1-15 
2017/11/13 12:10:41 INFO  - jmeter.threads.JMeterThread: Thread finished: Thread Group 1-15 
2017/11/13 12:10:41 INFO  - jmeter.threads.JMeterThread: Thread started: Thread Group 1-26 
2017/11/13 12:10:42 INFO  - jmeter.threads.JMeterThread: Thread started: Thread Group 1-27 
2017/11/13 12:10:42 INFO  - jmeter.threads.JMeterThread: Thread is done: Thread Group 1-16 
2017/11/13 12:10:42 INFO  - jmeter.threads.JMeterThread: Thread finished: Thread Group 1-16 
2017/11/13 12:10:43 INFO  - jmeter.threads.JMeterThread: Thread started: Thread Group 1-28 
2017/11/13 12:10:44 INFO  - jmeter.threads.JMeterThread: Thread is done: Thread Group 1-17 
2017/11/13 12:10:44 INFO  - jmeter.threads.JMeterThread: Thread finished: Thread Group 1-17 
2017/11/13 12:10:44 INFO  - jmeter.threads.JMeterThread: Thread started: Thread Group 1-29 
2017/11/13 12:10:45 INFO  - jmeter.threads.JMeterThread: Thread started: Thread Group 1-30 
2017/11/13 12:10:46 INFO  - jmeter.threads.JMeterThread: Thread is done: Thread Group 1-18 
2017/11/13 12:10:46 INFO  - jmeter.threads.JMeterThread: Thread finished: Thread Group 1-18 
2017/11/13 12:10:48 INFO  - jmeter.threads.JMeterThread: Thread is done: Thread Group 1-19 
2017/11/13 12:10:48 INFO  - jmeter.threads.JMeterThread: Thread finished: Thread Group 1-19 
2017/11/13 12:10:49 INFO  - jmeter.threads.JMeterThread: Thread is done: Thread Group 1-20 
2017/11/13 12:10:49 INFO  - jmeter.threads.JMeterThread: Thread finished: Thread Group 1-20 
2017/11/13 12:10:50 INFO  - jmeter.threads.JMeterThread: Thread is done: Thread Group 1-21 
2017/11/13 12:10:50 INFO  - jmeter.threads.JMeterThread: Thread finished: Thread Group 1-21 
2017/11/13 12:10:50 INFO  - jmeter.threads.JMeterThread: Thread is done: Thread Group 1-22 
2017/11/13 12:10:50 INFO  - jmeter.threads.JMeterThread: Thread finished: Thread Group 1-22 
2017/11/13 12:10:53 INFO  - jmeter.threads.JMeterThread: Thread is done: Thread Group 1-23 
2017/11/13 12:10:53 INFO  - jmeter.threads.JMeterThread: Thread finished: Thread Group 1-23 
2017/11/13 12:10:54 INFO  - jmeter.threads.JMeterThread: Thread is done: Thread Group 1-24 
2017/11/13 12:10:54 INFO  - jmeter.threads.JMeterThread: Thread finished: Thread Group 1-24 
2017/11/13 12:10:55 INFO  - jmeter.threads.JMeterThread: Thread is done: Thread Group 1-26 
2017/11/13 12:10:55 INFO  - jmeter.threads.JMeterThread: Thread finished: Thread Group 1-26 
2017/11/13 12:10:55 INFO  - jmeter.threads.JMeterThread: Thread is done: Thread Group 1-27 
2017/11/13 12:10:55 INFO  - jmeter.threads.JMeterThread: Thread finished: Thread Group 1-27 
2017/11/13 12:10:55 INFO  - jmeter.threads.JMeterThread: Thread is done: Thread Group 1-25 
2017/11/13 12:10:55 INFO  - jmeter.threads.JMeterThread: Thread finished: Thread Group 1-25 
2017/11/13 12:10:55 INFO  - jmeter.threads.JMeterThread: Thread is done: Thread Group 1-28 
2017/11/13 12:10:55 INFO  - jmeter.threads.JMeterThread: Thread finished: Thread Group 1-28 
2017/11/13 12:10:55 INFO  - jmeter.threads.JMeterThread: Thread is done: Thread Group 1-29 
2017/11/13 12:10:55 INFO  - jmeter.threads.JMeterThread: Thread finished: Thread Group 1-29 
2017/11/13 12:10:56 INFO  - jmeter.threads.JMeterThread: Thread is done: Thread Group 1-30 
2017/11/13 12:10:56 INFO  - jmeter.threads.JMeterThread: Thread finished: Thread Group 1-30 
2017/11/13 12:10:56 INFO  - jmeter.engine.StandardJMeterEngine: Notifying test listeners of end of test 
2017/11/13 12:10:56 INFO  - jmeter.services.FileServer: Close: username.csv 
2017/11/13 12:10:56 INFO  - jmeter.services.FileServer: Close: orgname.csv 
2017/11/13 12:10:56 INFO  - kg.apc.jmeter.PluginsCMDWorker: Using JMeterPluginsCMD v. N/A 
2017/11/13 12:10:56 WARN  - kg.apc.jmeter.JMeterPluginsUtils: JMeter env exists. No one should see this normally. 
2017/11/13 12:10:57 INFO  - kg.apc.jmeter.vizualizers.SynthesisReportGui: Saving CSV to C:\perf_project_git\EAS_4.6\Output\org_search_by_orgname\30user\JmeterResults\SynthesisReportGui.csv 
2017/11/13 12:10:57 INFO  - kg.apc.jmeter.listener.GraphsGeneratorListener: Successful generation of file C:\perf_project_git\EAS_4.6\Output\org_search_by_orgname\30user\JmeterResults\SynthesisReportGui by plugin:SynthesisReportGui 
2017/11/13 12:10:57 INFO  - kg.apc.jmeter.PluginsCMDWorker: Using JMeterPluginsCMD v. N/A 
2017/11/13 12:10:57 WARN  - kg.apc.jmeter.JMeterPluginsUtils: JMeter env exists. No one should see this normally. 
2017/11/13 12:10:58 WARN  - jorphan.gui.ObjectTableModel: Header count=13 but classes count=11 
2017/11/13 12:10:58 WARN  - jorphan.gui.ObjectTableModel: Header count=13 but writeFunctor count=11 
2017/11/13 12:10:58 INFO  - kg.apc.jmeter.vizualizers.AggregateReportGui: Saving CSV to C:\perf_project_git\EAS_4.6\Output\org_search_by_orgname\30user\JmeterResults\AggregateReportGui.csv 
2017/11/13 12:10:58 INFO  - kg.apc.jmeter.listener.GraphsGeneratorListener: Successful generation of file C:\perf_project_git\EAS_4.6\Output\org_search_by_orgname\30user\JmeterResults\AggregateReportGui by plugin:AggregateReportGui 
2017/11/13 12:10:58 INFO  - kg.apc.jmeter.PluginsCMDWorker: Using JMeterPluginsCMD v. N/A 
2017/11/13 12:10:58 WARN  - kg.apc.jmeter.JMeterPluginsUtils: JMeter env exists. No one should see this normally. 
2017/11/13 12:10:58 INFO  - kg.apc.charting.GraphPanelChart: Saving PNG to C:\perf_project_git\EAS_4.6\Output\org_search_by_orgname\30user\JmeterResults\ResponseTimesOverTime.png 
2017/11/13 12:10:59 INFO  - kg.apc.jmeter.listener.GraphsGeneratorListener: Successful generation of file C:\perf_project_git\EAS_4.6\Output\org_search_by_orgname\30user\JmeterResults\ResponseTimesOverTime by plugin:ResponseTimesOverTime 
2017/11/13 12:10:59 INFO  - kg.apc.jmeter.PluginsCMDWorker: Using JMeterPluginsCMD v. N/A 
2017/11/13 12:10:59 WARN  - kg.apc.jmeter.JMeterPluginsUtils: JMeter env exists. No one should see this normally. 
2017/11/13 12:10:59 INFO  - kg.apc.charting.GraphPanelChart: Saving PNG to C:\perf_project_git\EAS_4.6\Output\org_search_by_orgname\30user\JmeterResults\HitsPerSecond.png 
2017/11/13 12:10:59 INFO  - kg.apc.jmeter.listener.GraphsGeneratorListener: Successful generation of file C:\perf_project_git\EAS_4.6\Output\org_search_by_orgname\30user\JmeterResults\HitsPerSecond by plugin:HitsPerSecond 
2017/11/13 12:10:59 INFO  - kg.apc.jmeter.PluginsCMDWorker: Using JMeterPluginsCMD v. N/A 
2017/11/13 12:10:59 WARN  - kg.apc.jmeter.JMeterPluginsUtils: JMeter env exists. No one should see this normally. 
2017/11/13 12:10:59 INFO  - kg.apc.charting.GraphPanelChart: Saving PNG to C:\perf_project_git\EAS_4.6\Output\org_search_by_orgname\30user\JmeterResults\BytesThroughputOverTime.png 
2017/11/13 12:11:00 INFO  - kg.apc.jmeter.listener.GraphsGeneratorListener: Successful generation of file C:\perf_project_git\EAS_4.6\Output\org_search_by_orgname\30user\JmeterResults\BytesThroughputOverTime by plugin:BytesThroughputOverTime 
2017/11/13 12:11:00 INFO  - kg.apc.jmeter.PluginsCMDWorker: Using JMeterPluginsCMD v. N/A 
2017/11/13 12:11:00 WARN  - kg.apc.jmeter.JMeterPluginsUtils: JMeter env exists. No one should see this normally. 
2017/11/13 12:11:00 INFO  - kg.apc.charting.GraphPanelChart: Saving PNG to C:\perf_project_git\EAS_4.6\Output\org_search_by_orgname\30user\JmeterResults\LatenciesOverTime.png 
2017/11/13 12:11:00 INFO  - kg.apc.jmeter.listener.GraphsGeneratorListener: Successful generation of file C:\perf_project_git\EAS_4.6\Output\org_search_by_orgname\30user\JmeterResults\LatenciesOverTime by plugin:LatenciesOverTime 
2017/11/13 12:11:00 INFO  - kg.apc.jmeter.PluginsCMDWorker: Using JMeterPluginsCMD v. N/A 
2017/11/13 12:11:00 WARN  - kg.apc.jmeter.JMeterPluginsUtils: JMeter env exists. No one should see this normally. 
2017/11/13 12:11:00 INFO  - kg.apc.charting.GraphPanelChart: Saving PNG to C:\perf_project_git\EAS_4.6\Output\org_search_by_orgname\30user\JmeterResults\ResponseCodesPerSecond.png 
2017/11/13 12:11:00 INFO  - kg.apc.jmeter.listener.GraphsGeneratorListener: Successful generation of file C:\perf_project_git\EAS_4.6\Output\org_search_by_orgname\30user\JmeterResults\ResponseCodesPerSecond by plugin:ResponseCodesPerSecond 
2017/11/13 12:11:00 INFO  - kg.apc.jmeter.PluginsCMDWorker: Using JMeterPluginsCMD v. N/A 
2017/11/13 12:11:00 WARN  - kg.apc.jmeter.JMeterPluginsUtils: JMeter env exists. No one should see this normally. 
2017/11/13 12:11:01 INFO  - kg.apc.charting.GraphPanelChart: Saving PNG to C:\perf_project_git\EAS_4.6\Output\org_search_by_orgname\30user\JmeterResults\TransactionsPerSecond.png 
2017/11/13 12:11:01 INFO  - kg.apc.jmeter.listener.GraphsGeneratorListener: Successful generation of file C:\perf_project_git\EAS_4.6\Output\org_search_by_orgname\30user\JmeterResults\TransactionsPerSecond by plugin:TransactionsPerSecond 
2017/11/13 12:11:01 INFO  - kg.apc.jmeter.PluginsCMDWorker: Using JMeterPluginsCMD v. N/A 
2017/11/13 12:11:01 WARN  - kg.apc.jmeter.JMeterPluginsUtils: JMeter env exists. No one should see this normally. 
2017/11/13 12:11:01 INFO  - kg.apc.charting.GraphPanelChart: Saving PNG to C:\perf_project_git\EAS_4.6\Output\org_search_by_orgname\30user\JmeterResults\ResponseTimesDistribution.png 
2017/11/13 12:11:01 INFO  - kg.apc.jmeter.listener.GraphsGeneratorListener: Successful generation of file C:\perf_project_git\EAS_4.6\Output\org_search_by_orgname\30user\JmeterResults\ResponseTimesDistribution by plugin:ResponseTimesDistribution 
2017/11/13 12:11:01 INFO  - kg.apc.jmeter.PluginsCMDWorker: Using JMeterPluginsCMD v. N/A 
2017/11/13 12:11:01 WARN  - kg.apc.jmeter.JMeterPluginsUtils: JMeter env exists. No one should see this normally. 
2017/11/13 12:11:02 INFO  - kg.apc.charting.GraphPanelChart: Saving PNG to C:\perf_project_git\EAS_4.6\Output\org_search_by_orgname\30user\JmeterResults\ResponseTimesPercentiles.png 
2017/11/13 12:11:02 INFO  - kg.apc.jmeter.listener.GraphsGeneratorListener: Successful generation of file C:\perf_project_git\EAS_4.6\Output\org_search_by_orgname\30user\JmeterResults\ResponseTimesPercentiles by plugin:ResponseTimesPercentiles 
2017/11/13 12:11:02 INFO  - kg.apc.jmeter.PluginsCMDWorker: Using JMeterPluginsCMD v. N/A 
2017/11/13 12:11:02 WARN  - kg.apc.jmeter.JMeterPluginsUtils: JMeter env exists. No one should see this normally. 
2017/11/13 12:11:02 INFO  - kg.apc.charting.GraphPanelChart: Saving PNG to C:\perf_project_git\EAS_4.6\Output\org_search_by_orgname\30user\JmeterResults\ThreadsStateOverTime.png 
2017/11/13 12:11:03 INFO  - kg.apc.jmeter.listener.GraphsGeneratorListener: Successful generation of file C:\perf_project_git\EAS_4.6\Output\org_search_by_orgname\30user\JmeterResults\ThreadsStateOverTime by plugin:ThreadsStateOverTime 
2017/11/13 12:11:03 INFO  - kg.apc.jmeter.PluginsCMDWorker: Using JMeterPluginsCMD v. N/A 
2017/11/13 12:11:03 WARN  - kg.apc.jmeter.JMeterPluginsUtils: JMeter env exists. No one should see this normally. 
2017/11/13 12:11:03 INFO  - kg.apc.charting.GraphPanelChart: Saving PNG to C:\perf_project_git\EAS_4.6\Output\org_search_by_orgname\30user\JmeterResults\TimesVsThreads.png 
2017/11/13 12:11:03 INFO  - kg.apc.jmeter.listener.GraphsGeneratorListener: Successful generation of file C:\perf_project_git\EAS_4.6\Output\org_search_by_orgname\30user\JmeterResults\TimesVsThreads by plugin:TimesVsThreads 
2017/11/13 12:11:03 INFO  - kg.apc.jmeter.PluginsCMDWorker: Using JMeterPluginsCMD v. N/A 
2017/11/13 12:11:03 WARN  - kg.apc.jmeter.JMeterPluginsUtils: JMeter env exists. No one should see this normally. 
2017/11/13 12:11:03 INFO  - kg.apc.charting.GraphPanelChart: Saving PNG to C:\perf_project_git\EAS_4.6\Output\org_search_by_orgname\30user\JmeterResults\ThroughputVsThreads.png 
2017/11/13 12:11:04 INFO  - kg.apc.jmeter.listener.GraphsGeneratorListener: Successful generation of file C:\perf_project_git\EAS_4.6\Output\org_search_by_orgname\30user\JmeterResults\ThroughputVsThreads by plugin:ThroughputVsThreads 
2017/11/13 12:11:04 INFO  - jmeter.reporters.Summariser: summary +    330 in 00:00:34 =    9.7/s Avg:   796 Min:     7 Max:  3556 Err:     0 (0.00%) Active: 0 Started: 30 Finished: 30 
2017/11/13 12:11:04 INFO  - jmeter.reporters.Summariser: summary =    450 in 00:00:48 =    9.3/s Avg:   750 Min:     7 Max:  3556 Err:     0 (0.00%) 
