2017/10/24 13:28:36 INFO  - jmeter.util.JMeterUtils: Setting Locale to en_US 
2017/10/24 13:28:37 INFO  - jmeter.JMeter: Loading user properties from: C:\Users\Administrator\Desktop\apache-jmeter-3.1\apache-jmeter-3.1\bin\user.properties 
2017/10/24 13:28:37 INFO  - jmeter.JMeter: Loading system properties from: C:\Users\Administrator\Desktop\apache-jmeter-3.1\apache-jmeter-3.1\bin\system.properties 
2017/10/24 13:28:37 INFO  - jmeter.JMeter: Copyright (c) 1998-2016 The Apache Software Foundation 
2017/10/24 13:28:37 INFO  - jmeter.JMeter: Version 3.1 r1770033 
2017/10/24 13:28:37 INFO  - jmeter.JMeter: java.version=1.7.0_60 
2017/10/24 13:28:37 INFO  - jmeter.JMeter: java.vm.name=Java HotSpot(TM) 64-Bit Server VM 
2017/10/24 13:28:37 INFO  - jmeter.JMeter: os.name=Windows Server 2012 R2 
2017/10/24 13:28:37 INFO  - jmeter.JMeter: os.arch=amd64 
2017/10/24 13:28:37 INFO  - jmeter.JMeter: os.version=6.3 
2017/10/24 13:28:37 INFO  - jmeter.JMeter: file.encoding=Cp1252 
2017/10/24 13:28:37 INFO  - jmeter.JMeter: Max memory     =523763712 
2017/10/24 13:28:37 INFO  - jmeter.JMeter: Available Processors =4 
2017/10/24 13:28:37 INFO  - jmeter.JMeter: Default Locale=English (United States) 
2017/10/24 13:28:37 INFO  - jmeter.JMeter: JMeter  Locale=English (United States) 
2017/10/24 13:28:37 INFO  - jmeter.JMeter: JMeterHome=C:\Users\Administrator\Desktop\apache-jmeter-3.1\apache-jmeter-3.1 
2017/10/24 13:28:37 INFO  - jmeter.JMeter: user.dir  =C:\perf_project_git\EAS_4.6\Jmeter_scripts\Org_search_by_orgname\10users 
2017/10/24 13:28:37 INFO  - jmeter.JMeter: PWD       =C:\perf_project_git\EAS_4.6\Jmeter_scripts\Org_search_by_orgname\10users 
2017/10/24 13:28:37 INFO  - jmeter.JMeter: IP: 10.10.3.15 Name: ESCM-APP FullName: ESCM-APP 
2017/10/24 13:28:37 INFO  - jmeter.services.FileServer: Default base='C:\perf_project_git\EAS_4.6\Jmeter_scripts\Org_search_by_orgname\10users' 
2017/10/24 13:28:37 INFO  - jmeter.services.FileServer: Set new base='C:\perf_project_git\EAS_4.6\Jmeter_scripts\Org_search_by_orgname\10users' 
2017/10/24 13:28:37 INFO  - jmeter.save.SaveService: Testplan (JMX) version: 2.2. Testlog (JTL) version: 2.2 
2017/10/24 13:28:37 INFO  - jmeter.save.SaveService: Using SaveService properties file encoding UTF-8 
2017/10/24 13:28:37 INFO  - jmeter.save.SaveService: Using SaveService properties version 3.1 
2017/10/24 13:28:37 INFO  - jmeter.save.SaveService: All converter versions present and correct 
2017/10/24 13:28:37 INFO  - jmeter.save.SaveService: Loading file: Search_Org_by_org_name.jmx 
2017/10/24 13:28:38 INFO  - jmeter.protocol.http.sampler.HTTPSamplerBase: Parser for text/html is org.apache.jmeter.protocol.http.parser.LagartoBasedHtmlParser 
2017/10/24 13:28:38 INFO  - jmeter.protocol.http.sampler.HTTPSamplerBase: Parser for application/xhtml+xml is org.apache.jmeter.protocol.http.parser.LagartoBasedHtmlParser 
2017/10/24 13:28:38 INFO  - jmeter.protocol.http.sampler.HTTPSamplerBase: Parser for application/xml is org.apache.jmeter.protocol.http.parser.LagartoBasedHtmlParser 
2017/10/24 13:28:38 INFO  - jmeter.protocol.http.sampler.HTTPSamplerBase: Parser for text/xml is org.apache.jmeter.protocol.http.parser.LagartoBasedHtmlParser 
2017/10/24 13:28:38 INFO  - jmeter.protocol.http.sampler.HTTPSamplerBase: Parser for text/vnd.wap.wml is org.apache.jmeter.protocol.http.parser.RegexpHTMLParser 
2017/10/24 13:28:38 INFO  - jmeter.protocol.http.sampler.HTTPSamplerBase: Parser for text/css is org.apache.jmeter.protocol.http.parser.CssParser 
2017/10/24 13:28:39 INFO  - jmeter.protocol.http.control.CacheManager: Will only cache the following methods: [GET] 
2017/10/24 13:28:39 INFO  - jmeter.protocol.http.control.CookieManager: Settings: Delete null: true Check: true Allow variable: true Save: false Prefix: COOKIE_ 
2017/10/24 13:28:39 INFO  - jmeter.JMeter: Creating summariser <summary> 
2017/10/24 13:28:39 INFO  - jmeter.engine.StandardJMeterEngine: Running the test! 
2017/10/24 13:28:39 INFO  - jmeter.samplers.SampleEvent: List of sample_variables: [] 
2017/10/24 13:28:39 INFO  - jmeter.samplers.SampleEvent: List of sample_variables: [] 
2017/10/24 13:28:39 INFO  - jmeter.engine.util.CompoundVariable: Note: Function class names must contain the string: '.functions.' 
2017/10/24 13:28:39 INFO  - jmeter.engine.util.CompoundVariable: Note: Function class names must not contain the string: '.gui.' 
2017/10/24 13:28:40 INFO  - jmeter.JMeter: Running test (1508831920395) 
2017/10/24 13:28:40 INFO  - jmeter.engine.StandardJMeterEngine: Starting ThreadGroup: 1 : Thread Group 
2017/10/24 13:28:40 INFO  - jmeter.engine.StandardJMeterEngine: Starting 3 threads for group Thread Group. 
2017/10/24 13:28:40 INFO  - jmeter.engine.StandardJMeterEngine: Thread will continue on error 
2017/10/24 13:28:40 INFO  - jmeter.threads.ThreadGroup: Starting thread group number 1 threads 3 ramp-up 3 perThread 1000.0 delayedStart=false 
2017/10/24 13:28:40 INFO  - jmeter.samplers.SampleResult: Note: Sample TimeStamps are START times 
2017/10/24 13:28:40 INFO  - jmeter.samplers.SampleResult: sampleresult.default.encoding is set to ISO-8859-1 
2017/10/24 13:28:40 INFO  - jmeter.samplers.SampleResult: sampleresult.useNanoTime=true 
2017/10/24 13:28:40 INFO  - jmeter.samplers.SampleResult: sampleresult.nanoThreadSleep=5000 
2017/10/24 13:28:40 INFO  - jmeter.threads.JMeterThread: Thread started: Thread Group 1-1 
2017/10/24 13:28:40 INFO  - jmeter.services.FileServer: Stored: org_id.csv 
2017/10/24 13:28:40 INFO  - jmeter.threads.ThreadGroup: Started thread group number 1 
2017/10/24 13:28:40 INFO  - jmeter.engine.StandardJMeterEngine: All thread groups have been started 
2017/10/24 13:28:40 INFO  - jmeter.services.FileServer: Stored: user.csv 
2017/10/24 13:28:40 ERROR - jmeter.threads.JMeterThread: Test failed! java.lang.IllegalArgumentException: Could not read file header line for file user.csv
	at org.apache.jmeter.services.FileServer.reserveFile(FileServer.java:288)
	at org.apache.jmeter.config.CSVDataSet.iterationStart(CSVDataSet.java:178)
	at org.apache.jmeter.control.GenericController.fireIterationStart(GenericController.java:405)
	at org.apache.jmeter.control.GenericController.fireIterEvents(GenericController.java:397)
	at org.apache.jmeter.control.GenericController.next(GenericController.java:158)
	at org.apache.jmeter.control.LoopController.next(LoopController.java:123)
	at org.apache.jmeter.threads.AbstractThreadGroup.next(AbstractThreadGroup.java:87)
	at org.apache.jmeter.threads.JMeterThread.run(JMeterThread.java:247)
	at java.lang.Thread.run(Unknown Source)
Caused by: java.lang.IllegalArgumentException: File user.csv must exist and be readable
	at org.apache.jmeter.services.FileServer.createBufferedReader(FileServer.java:421)
	at org.apache.jmeter.services.FileServer.readLine(FileServer.java:346)
	at org.apache.jmeter.services.FileServer.readLine(FileServer.java:330)
	at org.apache.jmeter.services.FileServer.reserveFile(FileServer.java:278)
	... 8 more

2017/10/24 13:28:40 INFO  - jmeter.threads.JMeterThread: Thread finished: Thread Group 1-1 
2017/10/24 13:28:41 INFO  - jmeter.threads.JMeterThread: Thread started: Thread Group 1-2 
2017/10/24 13:28:41 ERROR - jmeter.threads.JMeterThread: Test failed! java.lang.IllegalArgumentException: Could not read file header line for file user.csv
	at org.apache.jmeter.services.FileServer.reserveFile(FileServer.java:288)
	at org.apache.jmeter.config.CSVDataSet.iterationStart(CSVDataSet.java:178)
	at org.apache.jmeter.control.GenericController.fireIterationStart(GenericController.java:405)
	at org.apache.jmeter.control.GenericController.fireIterEvents(GenericController.java:397)
	at org.apache.jmeter.control.GenericController.next(GenericController.java:158)
	at org.apache.jmeter.control.LoopController.next(LoopController.java:123)
	at org.apache.jmeter.threads.AbstractThreadGroup.next(AbstractThreadGroup.java:87)
	at org.apache.jmeter.threads.JMeterThread.run(JMeterThread.java:247)
	at java.lang.Thread.run(Unknown Source)
Caused by: java.lang.IllegalArgumentException: File user.csv must exist and be readable
	at org.apache.jmeter.services.FileServer.createBufferedReader(FileServer.java:421)
	at org.apache.jmeter.services.FileServer.readLine(FileServer.java:346)
	at org.apache.jmeter.services.FileServer.readLine(FileServer.java:330)
	at org.apache.jmeter.services.FileServer.reserveFile(FileServer.java:278)
	... 8 more

2017/10/24 13:28:41 INFO  - jmeter.threads.JMeterThread: Thread finished: Thread Group 1-2 
2017/10/24 13:28:42 INFO  - jmeter.threads.JMeterThread: Thread started: Thread Group 1-3 
2017/10/24 13:28:42 ERROR - jmeter.threads.JMeterThread: Test failed! java.lang.IllegalArgumentException: Could not read file header line for file user.csv
	at org.apache.jmeter.services.FileServer.reserveFile(FileServer.java:288)
	at org.apache.jmeter.config.CSVDataSet.iterationStart(CSVDataSet.java:178)
	at org.apache.jmeter.control.GenericController.fireIterationStart(GenericController.java:405)
	at org.apache.jmeter.control.GenericController.fireIterEvents(GenericController.java:397)
	at org.apache.jmeter.control.GenericController.next(GenericController.java:158)
	at org.apache.jmeter.control.LoopController.next(LoopController.java:123)
	at org.apache.jmeter.threads.AbstractThreadGroup.next(AbstractThreadGroup.java:87)
	at org.apache.jmeter.threads.JMeterThread.run(JMeterThread.java:247)
	at java.lang.Thread.run(Unknown Source)
Caused by: java.lang.IllegalArgumentException: File user.csv must exist and be readable
	at org.apache.jmeter.services.FileServer.createBufferedReader(FileServer.java:421)
	at org.apache.jmeter.services.FileServer.readLine(FileServer.java:346)
	at org.apache.jmeter.services.FileServer.readLine(FileServer.java:330)
	at org.apache.jmeter.services.FileServer.reserveFile(FileServer.java:278)
	... 8 more

2017/10/24 13:28:42 INFO  - jmeter.threads.JMeterThread: Thread finished: Thread Group 1-3 
2017/10/24 13:28:43 INFO  - jmeter.engine.StandardJMeterEngine: Notifying test listeners of end of test 
2017/10/24 13:28:43 INFO  - jmeter.services.FileServer: Close: org_id.csv 
2017/10/24 13:28:43 INFO  - jmeter.reporters.Summariser: summary =      0 in 00:00:00 = ******/s Avg:     0 Min: 9223372036854775807 Max: -9223372036854775808 Err:     0 (0.00%) 
