2017/07/28 17:13:17 INFO  - jmeter.util.JMeterUtils: Setting Locale to en_US 
2017/07/28 17:13:18 INFO  - jmeter.JMeter: Loading user properties from: C:\Users\Administrator\Desktop\apache-jmeter-3.1\apache-jmeter-3.1\bin\user.properties 
2017/07/28 17:13:18 INFO  - jmeter.JMeter: Loading system properties from: C:\Users\Administrator\Desktop\apache-jmeter-3.1\apache-jmeter-3.1\bin\system.properties 
2017/07/28 17:13:18 INFO  - jmeter.JMeter: Copyright (c) 1998-2016 The Apache Software Foundation 
2017/07/28 17:13:18 INFO  - jmeter.JMeter: Version 3.1 r1770033 
2017/07/28 17:13:18 INFO  - jmeter.JMeter: java.version=1.7.0_60 
2017/07/28 17:13:18 INFO  - jmeter.JMeter: java.vm.name=Java HotSpot(TM) 64-Bit Server VM 
2017/07/28 17:13:18 INFO  - jmeter.JMeter: os.name=Windows Server 2012 R2 
2017/07/28 17:13:18 INFO  - jmeter.JMeter: os.arch=amd64 
2017/07/28 17:13:18 INFO  - jmeter.JMeter: os.version=6.3 
2017/07/28 17:13:18 INFO  - jmeter.JMeter: file.encoding=Cp1252 
2017/07/28 17:13:18 INFO  - jmeter.JMeter: Max memory     =523763712 
2017/07/28 17:13:18 INFO  - jmeter.JMeter: Available Processors =4 
2017/07/28 17:13:18 INFO  - jmeter.JMeter: Default Locale=English (United States) 
2017/07/28 17:13:18 INFO  - jmeter.JMeter: JMeter  Locale=English (United States) 
2017/07/28 17:13:18 INFO  - jmeter.JMeter: JMeterHome=C:\Users\Administrator\Desktop\apache-jmeter-3.1\apache-jmeter-3.1 
2017/07/28 17:13:18 INFO  - jmeter.JMeter: user.dir  =C:\perf_project_git\EAS_4.6\Jmeter_scripts\Order_Search_from_SP_byOrder_Id\30users 
2017/07/28 17:13:18 INFO  - jmeter.JMeter: PWD       =C:\perf_project_git\EAS_4.6\Jmeter_scripts\Order_Search_from_SP_byOrder_Id\30users 
2017/07/28 17:13:18 INFO  - jmeter.JMeter: IP: 10.10.3.15 Name: ESCM-APP FullName: ESCM-APP 
2017/07/28 17:13:18 INFO  - jmeter.services.FileServer: Default base='C:\perf_project_git\EAS_4.6\Jmeter_scripts\Order_Search_from_SP_byOrder_Id\30users' 
2017/07/28 17:13:18 INFO  - jmeter.services.FileServer: Set new base='C:\perf_project_git\EAS_4.6\Jmeter_scripts\Order_Search_from_SP_byOrder_Id\30users' 
2017/07/28 17:13:18 INFO  - jmeter.save.SaveService: Testplan (JMX) version: 2.2. Testlog (JTL) version: 2.2 
2017/07/28 17:13:18 INFO  - jmeter.save.SaveService: Using SaveService properties file encoding UTF-8 
2017/07/28 17:13:18 INFO  - jmeter.save.SaveService: Using SaveService properties version 3.1 
2017/07/28 17:13:18 INFO  - jmeter.save.SaveService: All converter versions present and correct 
2017/07/28 17:13:18 INFO  - jmeter.save.SaveService: Loading file: Search_Order_by_OdreIdBySP.jmx 
2017/07/28 17:13:18 INFO  - jmeter.protocol.http.control.CacheManager: Will only cache the following methods: [GET] 
2017/07/28 17:13:18 INFO  - jmeter.protocol.http.control.CookieManager: Settings: Delete null: true Check: true Allow variable: true Save: false Prefix: COOKIE_ 
2017/07/28 17:13:19 INFO  - jmeter.protocol.http.sampler.HTTPSamplerBase: Parser for text/html is org.apache.jmeter.protocol.http.parser.LagartoBasedHtmlParser 
2017/07/28 17:13:19 INFO  - jmeter.protocol.http.sampler.HTTPSamplerBase: Parser for application/xhtml+xml is org.apache.jmeter.protocol.http.parser.LagartoBasedHtmlParser 
2017/07/28 17:13:19 INFO  - jmeter.protocol.http.sampler.HTTPSamplerBase: Parser for application/xml is org.apache.jmeter.protocol.http.parser.LagartoBasedHtmlParser 
2017/07/28 17:13:19 INFO  - jmeter.protocol.http.sampler.HTTPSamplerBase: Parser for text/xml is org.apache.jmeter.protocol.http.parser.LagartoBasedHtmlParser 
2017/07/28 17:13:19 INFO  - jmeter.protocol.http.sampler.HTTPSamplerBase: Parser for text/vnd.wap.wml is org.apache.jmeter.protocol.http.parser.RegexpHTMLParser 
2017/07/28 17:13:19 INFO  - jmeter.protocol.http.sampler.HTTPSamplerBase: Parser for text/css is org.apache.jmeter.protocol.http.parser.CssParser 
2017/07/28 17:13:20 INFO  - jmeter.JMeter: Creating summariser <summary> 
2017/07/28 17:13:20 INFO  - jmeter.engine.StandardJMeterEngine: Running the test! 
2017/07/28 17:13:20 INFO  - jmeter.samplers.SampleEvent: List of sample_variables: [] 
2017/07/28 17:13:20 INFO  - jmeter.samplers.SampleEvent: List of sample_variables: [] 
2017/07/28 17:13:20 INFO  - jmeter.engine.util.CompoundVariable: Note: Function class names must contain the string: '.functions.' 
2017/07/28 17:13:20 INFO  - jmeter.engine.util.CompoundVariable: Note: Function class names must not contain the string: '.gui.' 
2017/07/28 17:13:21 INFO  - kg.apc.jmeter.perfmon.PerfMonCollector: Can't connect TCP transport for host: /10.10.3.28:4444 java.net.ConnectException: Connection refused: connect
	at java.net.DualStackPlainSocketImpl.connect0(Native Method)
	at java.net.DualStackPlainSocketImpl.socketConnect(Unknown Source)
	at java.net.AbstractPlainSocketImpl.doConnect(Unknown Source)
	at java.net.AbstractPlainSocketImpl.connectToAddress(Unknown Source)
	at java.net.AbstractPlainSocketImpl.connect(Unknown Source)
	at java.net.PlainSocketImpl.connect(Unknown Source)
	at java.net.SocksSocketImpl.connect(Unknown Source)
	at java.net.Socket.connect(Unknown Source)
	at java.net.Socket.connect(Unknown Source)
	at kg.apc.perfmon.client.TransportFactory.TCPInstance(TransportFactory.java:91)
	at kg.apc.jmeter.perfmon.PerfMonCollector.getConnector(PerfMonCollector.java:243)
	at kg.apc.jmeter.perfmon.PerfMonCollector.initiateConnector(PerfMonCollector.java:228)
	at kg.apc.jmeter.perfmon.PerfMonCollector.initiateConnectors(PerfMonCollector.java:175)
	at kg.apc.jmeter.perfmon.PerfMonCollector.testStarted(PerfMonCollector.java:126)
	at org.apache.jmeter.reporters.ResultCollector.testStarted(ResultCollector.java:348)
	at kg.apc.jmeter.vizualizers.CorrectedResultCollector.testStarted(CorrectedResultCollector.java:28)
	at org.apache.jmeter.engine.StandardJMeterEngine.notifyTestListenersOfStart(StandardJMeterEngine.java:204)
	at org.apache.jmeter.engine.StandardJMeterEngine.run(StandardJMeterEngine.java:325)
	at java.lang.Thread.run(Unknown Source)

2017/07/28 17:13:21 ERROR - kg.apc.jmeter.perfmon.PerfMonCollector: Problems creating connector java.net.ConnectException: Connection refused: connect
	at java.net.DualStackPlainSocketImpl.connect0(Native Method)
	at java.net.DualStackPlainSocketImpl.socketConnect(Unknown Source)
	at java.net.AbstractPlainSocketImpl.doConnect(Unknown Source)
	at java.net.AbstractPlainSocketImpl.connectToAddress(Unknown Source)
	at java.net.AbstractPlainSocketImpl.connect(Unknown Source)
	at java.net.PlainSocketImpl.connect(Unknown Source)
	at java.net.SocksSocketImpl.connect(Unknown Source)
	at java.net.Socket.connect(Unknown Source)
	at java.net.Socket.connect(Unknown Source)
	at kg.apc.perfmon.client.TransportFactory.TCPInstance(TransportFactory.java:91)
	at kg.apc.jmeter.perfmon.PerfMonCollector.getConnector(PerfMonCollector.java:243)
	at kg.apc.jmeter.perfmon.PerfMonCollector.initiateConnector(PerfMonCollector.java:228)
	at kg.apc.jmeter.perfmon.PerfMonCollector.initiateConnectors(PerfMonCollector.java:175)
	at kg.apc.jmeter.perfmon.PerfMonCollector.testStarted(PerfMonCollector.java:126)
	at org.apache.jmeter.reporters.ResultCollector.testStarted(ResultCollector.java:348)
	at kg.apc.jmeter.vizualizers.CorrectedResultCollector.testStarted(CorrectedResultCollector.java:28)
	at org.apache.jmeter.engine.StandardJMeterEngine.notifyTestListenersOfStart(StandardJMeterEngine.java:204)
	at org.apache.jmeter.engine.StandardJMeterEngine.run(StandardJMeterEngine.java:325)
	at java.lang.Thread.run(Unknown Source)

2017/07/28 17:13:21 INFO  - jmeter.samplers.SampleResult: Note: Sample TimeStamps are START times 
2017/07/28 17:13:21 INFO  - jmeter.samplers.SampleResult: sampleresult.default.encoding is set to ISO-8859-1 
2017/07/28 17:13:21 INFO  - jmeter.samplers.SampleResult: sampleresult.useNanoTime=true 
2017/07/28 17:13:21 INFO  - jmeter.samplers.SampleResult: sampleresult.nanoThreadSleep=5000 
2017/07/28 17:13:21 ERROR - kg.apc.jmeter.perfmon.PerfMonCollector: Perfmon plugin error: java.net.ConnectException: Connection refused: connect 
2017/07/28 17:13:22 INFO  - kg.apc.jmeter.perfmon.PerfMonCollector: Can't connect TCP transport for host: /10.10.3.28:4444 java.net.ConnectException: Connection refused: connect
	at java.net.DualStackPlainSocketImpl.connect0(Native Method)
	at java.net.DualStackPlainSocketImpl.socketConnect(Unknown Source)
	at java.net.AbstractPlainSocketImpl.doConnect(Unknown Source)
	at java.net.AbstractPlainSocketImpl.connectToAddress(Unknown Source)
	at java.net.AbstractPlainSocketImpl.connect(Unknown Source)
	at java.net.PlainSocketImpl.connect(Unknown Source)
	at java.net.SocksSocketImpl.connect(Unknown Source)
	at java.net.Socket.connect(Unknown Source)
	at java.net.Socket.connect(Unknown Source)
	at kg.apc.perfmon.client.TransportFactory.TCPInstance(TransportFactory.java:91)
	at kg.apc.jmeter.perfmon.PerfMonCollector.getConnector(PerfMonCollector.java:243)
	at kg.apc.jmeter.perfmon.PerfMonCollector.initiateConnector(PerfMonCollector.java:228)
	at kg.apc.jmeter.perfmon.PerfMonCollector.initiateConnectors(PerfMonCollector.java:175)
	at kg.apc.jmeter.perfmon.PerfMonCollector.testStarted(PerfMonCollector.java:126)
	at org.apache.jmeter.reporters.ResultCollector.testStarted(ResultCollector.java:348)
	at kg.apc.jmeter.vizualizers.CorrectedResultCollector.testStarted(CorrectedResultCollector.java:28)
	at org.apache.jmeter.engine.StandardJMeterEngine.notifyTestListenersOfStart(StandardJMeterEngine.java:204)
	at org.apache.jmeter.engine.StandardJMeterEngine.run(StandardJMeterEngine.java:325)
	at java.lang.Thread.run(Unknown Source)

2017/07/28 17:13:22 ERROR - kg.apc.jmeter.perfmon.PerfMonCollector: Problems creating connector java.net.ConnectException: Connection refused: connect
	at java.net.DualStackPlainSocketImpl.connect0(Native Method)
	at java.net.DualStackPlainSocketImpl.socketConnect(Unknown Source)
	at java.net.AbstractPlainSocketImpl.doConnect(Unknown Source)
	at java.net.AbstractPlainSocketImpl.connectToAddress(Unknown Source)
	at java.net.AbstractPlainSocketImpl.connect(Unknown Source)
	at java.net.PlainSocketImpl.connect(Unknown Source)
	at java.net.SocksSocketImpl.connect(Unknown Source)
	at java.net.Socket.connect(Unknown Source)
	at java.net.Socket.connect(Unknown Source)
	at kg.apc.perfmon.client.TransportFactory.TCPInstance(TransportFactory.java:91)
	at kg.apc.jmeter.perfmon.PerfMonCollector.getConnector(PerfMonCollector.java:243)
	at kg.apc.jmeter.perfmon.PerfMonCollector.initiateConnector(PerfMonCollector.java:228)
	at kg.apc.jmeter.perfmon.PerfMonCollector.initiateConnectors(PerfMonCollector.java:175)
	at kg.apc.jmeter.perfmon.PerfMonCollector.testStarted(PerfMonCollector.java:126)
	at org.apache.jmeter.reporters.ResultCollector.testStarted(ResultCollector.java:348)
	at kg.apc.jmeter.vizualizers.CorrectedResultCollector.testStarted(CorrectedResultCollector.java:28)
	at org.apache.jmeter.engine.StandardJMeterEngine.notifyTestListenersOfStart(StandardJMeterEngine.java:204)
	at org.apache.jmeter.engine.StandardJMeterEngine.run(StandardJMeterEngine.java:325)
	at java.lang.Thread.run(Unknown Source)

2017/07/28 17:13:22 ERROR - kg.apc.jmeter.perfmon.PerfMonCollector: Perfmon plugin error: java.net.ConnectException: Connection refused: connect 
2017/07/28 17:13:22 ERROR - kg.apc.jmeter.perfmon.PerfMonCollector: Perfmon plugin error: java.net.ConnectException: Connection refused: connect 
2017/07/28 17:13:23 INFO  - jmeter.JMeter: Running test (1501242203042) 
2017/07/28 17:13:23 INFO  - jmeter.engine.StandardJMeterEngine: Starting ThreadGroup: 1 : Thread Group 
2017/07/28 17:13:23 INFO  - jmeter.engine.StandardJMeterEngine: Starting 30 threads for group Thread Group. 
2017/07/28 17:13:23 INFO  - jmeter.engine.StandardJMeterEngine: Thread will continue on error 
2017/07/28 17:13:23 INFO  - jmeter.threads.ThreadGroup: Starting thread group number 1 threads 30 ramp-up 30 perThread 1000.0 delayedStart=false 
2017/07/28 17:13:23 INFO  - jmeter.threads.JMeterThread: Thread started: Thread Group 1-1 
2017/07/28 17:13:23 INFO  - jmeter.protocol.http.sampler.HTTPHCAbstractImpl: Local host = ESCM-APP 
2017/07/28 17:13:23 INFO  - jmeter.protocol.http.sampler.HTTPHC4Impl: HTTP request retry count = 0 
2017/07/28 17:13:23 ERROR - kg.apc.jmeter.perfmon.PerfMonCollector: Perfmon plugin error: java.net.ConnectException: Connection refused: connect 
2017/07/28 17:13:24 ERROR - kg.apc.jmeter.perfmon.PerfMonCollector: Perfmon plugin error: java.net.ConnectException: Connection refused: connect 
2017/07/28 17:13:24 INFO  - jmeter.threads.ThreadGroup: Started thread group number 1 
2017/07/28 17:13:24 INFO  - jmeter.engine.StandardJMeterEngine: All thread groups have been started 
2017/07/28 17:13:24 INFO  - jmeter.threads.JMeterThread: Thread started: Thread Group 1-2 
2017/07/28 17:13:24 ERROR - kg.apc.jmeter.perfmon.PerfMonCollector: Perfmon plugin error: java.net.ConnectException: Connection refused: connect 
2017/07/28 17:13:25 ERROR - kg.apc.jmeter.perfmon.PerfMonCollector: Perfmon plugin error: java.net.ConnectException: Connection refused: connect 
2017/07/28 17:13:25 INFO  - jmeter.threads.JMeterThread: Thread started: Thread Group 1-3 
2017/07/28 17:13:25 ERROR - kg.apc.jmeter.perfmon.PerfMonCollector: Perfmon plugin error: java.net.ConnectException: Connection refused: connect 
2017/07/28 17:13:26 ERROR - kg.apc.jmeter.perfmon.PerfMonCollector: Perfmon plugin error: java.net.ConnectException: Connection refused: connect 
2017/07/28 17:13:26 INFO  - jmeter.threads.JMeterThread: Thread started: Thread Group 1-4 
2017/07/28 17:13:26 ERROR - kg.apc.jmeter.perfmon.PerfMonCollector: Perfmon plugin error: java.net.ConnectException: Connection refused: connect 
2017/07/28 17:13:27 ERROR - kg.apc.jmeter.perfmon.PerfMonCollector: Perfmon plugin error: java.net.ConnectException: Connection refused: connect 
2017/07/28 17:13:27 INFO  - jmeter.threads.JMeterThread: Thread started: Thread Group 1-5 
2017/07/28 17:13:27 ERROR - kg.apc.jmeter.perfmon.PerfMonCollector: Perfmon plugin error: java.net.ConnectException: Connection refused: connect 
2017/07/28 17:13:28 ERROR - kg.apc.jmeter.perfmon.PerfMonCollector: Perfmon plugin error: java.net.ConnectException: Connection refused: connect 
2017/07/28 17:13:28 INFO  - jmeter.threads.JMeterThread: Thread started: Thread Group 1-6 
2017/07/28 17:13:28 ERROR - kg.apc.jmeter.perfmon.PerfMonCollector: Perfmon plugin error: java.net.ConnectException: Connection refused: connect 
2017/07/28 17:13:29 ERROR - kg.apc.jmeter.perfmon.PerfMonCollector: Perfmon plugin error: java.net.ConnectException: Connection refused: connect 
2017/07/28 17:13:29 INFO  - jmeter.threads.JMeterThread: Thread started: Thread Group 1-7 
2017/07/28 17:13:29 ERROR - kg.apc.jmeter.perfmon.PerfMonCollector: Perfmon plugin error: java.net.ConnectException: Connection refused: connect 
2017/07/28 17:13:29 INFO  - jmeter.threads.JMeterThread: Thread is done: Thread Group 1-2 
2017/07/28 17:13:29 INFO  - jmeter.threads.JMeterThread: Thread finished: Thread Group 1-2 
2017/07/28 17:13:30 INFO  - jmeter.reporters.Summariser: summary +    432 in 00:00:07 =   61.9/s Avg:    43 Min:     2 Max:  1547 Err:    10 (2.31%) Active: 6 Started: 7 Finished: 1 
2017/07/28 17:13:30 ERROR - kg.apc.jmeter.perfmon.PerfMonCollector: Perfmon plugin error: java.net.ConnectException: Connection refused: connect 
2017/07/28 17:13:30 INFO  - jmeter.threads.JMeterThread: Thread is done: Thread Group 1-1 
2017/07/28 17:13:30 INFO  - jmeter.threads.JMeterThread: Thread finished: Thread Group 1-1 
2017/07/28 17:13:30 INFO  - jmeter.threads.JMeterThread: Thread started: Thread Group 1-8 
2017/07/28 17:13:30 ERROR - kg.apc.jmeter.perfmon.PerfMonCollector: Perfmon plugin error: java.net.ConnectException: Connection refused: connect 
2017/07/28 17:13:30 INFO  - jmeter.threads.JMeterThread: Thread is done: Thread Group 1-3 
2017/07/28 17:13:30 INFO  - jmeter.threads.JMeterThread: Thread finished: Thread Group 1-3 
2017/07/28 17:13:31 ERROR - kg.apc.jmeter.perfmon.PerfMonCollector: Perfmon plugin error: java.net.ConnectException: Connection refused: connect 
2017/07/28 17:13:31 INFO  - jmeter.threads.JMeterThread: Thread started: Thread Group 1-9 
2017/07/28 17:13:31 ERROR - kg.apc.jmeter.perfmon.PerfMonCollector: Perfmon plugin error: java.net.ConnectException: Connection refused: connect 
2017/07/28 17:13:32 INFO  - jmeter.threads.JMeterThread: Thread is done: Thread Group 1-4 
2017/07/28 17:13:32 INFO  - jmeter.threads.JMeterThread: Thread finished: Thread Group 1-4 
2017/07/28 17:13:32 ERROR - kg.apc.jmeter.perfmon.PerfMonCollector: Perfmon plugin error: java.net.ConnectException: Connection refused: connect 
2017/07/28 17:13:32 INFO  - jmeter.threads.JMeterThread: Thread started: Thread Group 1-10 
2017/07/28 17:13:32 ERROR - kg.apc.jmeter.perfmon.PerfMonCollector: Perfmon plugin error: java.net.ConnectException: Connection refused: connect 
2017/07/28 17:13:33 ERROR - kg.apc.jmeter.perfmon.PerfMonCollector: Perfmon plugin error: java.net.ConnectException: Connection refused: connect 
2017/07/28 17:13:33 INFO  - jmeter.threads.JMeterThread: Thread is done: Thread Group 1-5 
2017/07/28 17:13:33 INFO  - jmeter.threads.JMeterThread: Thread finished: Thread Group 1-5 
2017/07/28 17:13:33 INFO  - jmeter.threads.JMeterThread: Thread started: Thread Group 1-11 
2017/07/28 17:13:33 ERROR - kg.apc.jmeter.perfmon.PerfMonCollector: Perfmon plugin error: java.net.ConnectException: Connection refused: connect 
2017/07/28 17:13:34 ERROR - kg.apc.jmeter.perfmon.PerfMonCollector: Perfmon plugin error: java.net.ConnectException: Connection refused: connect 
2017/07/28 17:13:34 INFO  - jmeter.threads.JMeterThread: Thread is done: Thread Group 1-6 
2017/07/28 17:13:34 INFO  - jmeter.threads.JMeterThread: Thread finished: Thread Group 1-6 
2017/07/28 17:13:34 ERROR - kg.apc.jmeter.perfmon.PerfMonCollector: Perfmon plugin error: java.net.ConnectException: Connection refused: connect 
2017/07/28 17:13:35 INFO  - jmeter.threads.JMeterThread: Thread started: Thread Group 1-12 
2017/07/28 17:13:35 ERROR - kg.apc.jmeter.perfmon.PerfMonCollector: Perfmon plugin error: java.net.ConnectException: Connection refused: connect 
2017/07/28 17:13:35 INFO  - jmeter.threads.JMeterThread: Thread is done: Thread Group 1-7 
2017/07/28 17:13:35 INFO  - jmeter.threads.JMeterThread: Thread finished: Thread Group 1-7 
2017/07/28 17:13:35 INFO  - jmeter.threads.JMeterThread: Thread is done: Thread Group 1-8 
2017/07/28 17:13:35 INFO  - jmeter.threads.JMeterThread: Thread finished: Thread Group 1-8 
2017/07/28 17:13:35 ERROR - kg.apc.jmeter.perfmon.PerfMonCollector: Perfmon plugin error: java.net.ConnectException: Connection refused: connect 
2017/07/28 17:13:36 INFO  - jmeter.threads.JMeterThread: Thread started: Thread Group 1-13 
2017/07/28 17:13:36 ERROR - kg.apc.jmeter.perfmon.PerfMonCollector: Perfmon plugin error: java.net.ConnectException: Connection refused: connect 
2017/07/28 17:13:36 ERROR - kg.apc.jmeter.perfmon.PerfMonCollector: Perfmon plugin error: java.net.ConnectException: Connection refused: connect 
2017/07/28 17:13:37 INFO  - jmeter.threads.JMeterThread: Thread started: Thread Group 1-14 
2017/07/28 17:13:37 ERROR - kg.apc.jmeter.perfmon.PerfMonCollector: Perfmon plugin error: java.net.ConnectException: Connection refused: connect 
2017/07/28 17:13:37 INFO  - jmeter.threads.JMeterThread: Thread is done: Thread Group 1-9 
2017/07/28 17:13:37 INFO  - jmeter.threads.JMeterThread: Thread finished: Thread Group 1-9 
2017/07/28 17:13:37 ERROR - kg.apc.jmeter.perfmon.PerfMonCollector: Perfmon plugin error: java.net.ConnectException: Connection refused: connect 
2017/07/28 17:13:37 INFO  - jmeter.threads.JMeterThread: Thread started: Thread Group 1-15 
2017/07/28 17:13:38 INFO  - jmeter.threads.JMeterThread: Thread is done: Thread Group 1-10 
2017/07/28 17:13:38 INFO  - jmeter.threads.JMeterThread: Thread finished: Thread Group 1-10 
2017/07/28 17:13:38 ERROR - kg.apc.jmeter.perfmon.PerfMonCollector: Perfmon plugin error: java.net.ConnectException: Connection refused: connect 
2017/07/28 17:13:38 ERROR - kg.apc.jmeter.perfmon.PerfMonCollector: Perfmon plugin error: java.net.ConnectException: Connection refused: connect 
2017/07/28 17:13:39 INFO  - jmeter.threads.JMeterThread: Thread started: Thread Group 1-16 
2017/07/28 17:13:39 INFO  - jmeter.threads.JMeterThread: Thread is done: Thread Group 1-11 
2017/07/28 17:13:39 INFO  - jmeter.threads.JMeterThread: Thread finished: Thread Group 1-11 
2017/07/28 17:13:39 ERROR - kg.apc.jmeter.perfmon.PerfMonCollector: Perfmon plugin error: java.net.ConnectException: Connection refused: connect 
2017/07/28 17:13:39 ERROR - kg.apc.jmeter.perfmon.PerfMonCollector: Perfmon plugin error: java.net.ConnectException: Connection refused: connect 
2017/07/28 17:13:40 INFO  - jmeter.threads.JMeterThread: Thread started: Thread Group 1-17 
2017/07/28 17:13:40 ERROR - kg.apc.jmeter.perfmon.PerfMonCollector: Perfmon plugin error: java.net.ConnectException: Connection refused: connect 
2017/07/28 17:13:40 INFO  - jmeter.threads.JMeterThread: Thread is done: Thread Group 1-12 
2017/07/28 17:13:40 INFO  - jmeter.threads.JMeterThread: Thread finished: Thread Group 1-12 
2017/07/28 17:13:40 ERROR - kg.apc.jmeter.perfmon.PerfMonCollector: Perfmon plugin error: java.net.ConnectException: Connection refused: connect 
2017/07/28 17:13:41 INFO  - jmeter.threads.JMeterThread: Thread started: Thread Group 1-18 
2017/07/28 17:13:41 ERROR - kg.apc.jmeter.perfmon.PerfMonCollector: Perfmon plugin error: java.net.ConnectException: Connection refused: connect 
2017/07/28 17:13:41 INFO  - jmeter.threads.JMeterThread: Thread is done: Thread Group 1-13 
2017/07/28 17:13:41 INFO  - jmeter.threads.JMeterThread: Thread finished: Thread Group 1-13 
2017/07/28 17:13:41 ERROR - kg.apc.jmeter.perfmon.PerfMonCollector: Perfmon plugin error: java.net.ConnectException: Connection refused: connect 
2017/07/28 17:13:42 INFO  - jmeter.threads.JMeterThread: Thread started: Thread Group 1-19 
2017/07/28 17:13:42 ERROR - kg.apc.jmeter.perfmon.PerfMonCollector: Perfmon plugin error: java.net.ConnectException: Connection refused: connect 
2017/07/28 17:13:42 ERROR - kg.apc.jmeter.perfmon.PerfMonCollector: Perfmon plugin error: java.net.ConnectException: Connection refused: connect 
2017/07/28 17:13:43 INFO  - jmeter.threads.JMeterThread: Thread started: Thread Group 1-20 
2017/07/28 17:13:43 INFO  - jmeter.threads.JMeterThread: Thread is done: Thread Group 1-14 
2017/07/28 17:13:43 INFO  - jmeter.threads.JMeterThread: Thread finished: Thread Group 1-14 
2017/07/28 17:13:43 ERROR - kg.apc.jmeter.perfmon.PerfMonCollector: Perfmon plugin error: java.net.ConnectException: Connection refused: connect 
2017/07/28 17:13:43 INFO  - jmeter.threads.JMeterThread: Thread is done: Thread Group 1-15 
2017/07/28 17:13:43 INFO  - jmeter.threads.JMeterThread: Thread finished: Thread Group 1-15 
2017/07/28 17:13:43 ERROR - kg.apc.jmeter.perfmon.PerfMonCollector: Perfmon plugin error: java.net.ConnectException: Connection refused: connect 
2017/07/28 17:13:44 ERROR - kg.apc.jmeter.perfmon.PerfMonCollector: Perfmon plugin error: java.net.ConnectException: Connection refused: connect 
2017/07/28 17:13:44 INFO  - jmeter.threads.JMeterThread: Thread started: Thread Group 1-21 
2017/07/28 17:13:44 ERROR - kg.apc.jmeter.perfmon.PerfMonCollector: Perfmon plugin error: java.net.ConnectException: Connection refused: connect 
2017/07/28 17:13:45 INFO  - jmeter.threads.JMeterThread: Thread is done: Thread Group 1-16 
2017/07/28 17:13:45 INFO  - jmeter.threads.JMeterThread: Thread finished: Thread Group 1-16 
2017/07/28 17:13:45 INFO  - jmeter.threads.JMeterThread: Thread started: Thread Group 1-22 
2017/07/28 17:13:45 ERROR - kg.apc.jmeter.perfmon.PerfMonCollector: Perfmon plugin error: java.net.ConnectException: Connection refused: connect 
2017/07/28 17:13:45 ERROR - kg.apc.jmeter.perfmon.PerfMonCollector: Perfmon plugin error: java.net.ConnectException: Connection refused: connect 
2017/07/28 17:13:46 INFO  - jmeter.threads.JMeterThread: Thread started: Thread Group 1-23 
2017/07/28 17:13:46 ERROR - kg.apc.jmeter.perfmon.PerfMonCollector: Perfmon plugin error: java.net.ConnectException: Connection refused: connect 
2017/07/28 17:13:46 INFO  - jmeter.threads.JMeterThread: Thread is done: Thread Group 1-17 
2017/07/28 17:13:46 INFO  - jmeter.threads.JMeterThread: Thread finished: Thread Group 1-17 
2017/07/28 17:13:46 ERROR - kg.apc.jmeter.perfmon.PerfMonCollector: Perfmon plugin error: java.net.ConnectException: Connection refused: connect 
2017/07/28 17:13:47 INFO  - jmeter.threads.JMeterThread: Thread started: Thread Group 1-24 
2017/07/28 17:13:47 ERROR - kg.apc.jmeter.perfmon.PerfMonCollector: Perfmon plugin error: java.net.ConnectException: Connection refused: connect 
2017/07/28 17:13:47 INFO  - jmeter.threads.JMeterThread: Thread is done: Thread Group 1-19 
2017/07/28 17:13:47 INFO  - jmeter.threads.JMeterThread: Thread finished: Thread Group 1-19 
2017/07/28 17:13:47 INFO  - jmeter.threads.JMeterThread: Thread is done: Thread Group 1-18 
2017/07/28 17:13:47 INFO  - jmeter.threads.JMeterThread: Thread finished: Thread Group 1-18 
2017/07/28 17:13:47 ERROR - kg.apc.jmeter.perfmon.PerfMonCollector: Perfmon plugin error: java.net.ConnectException: Connection refused: connect 
2017/07/28 17:13:48 INFO  - jmeter.threads.JMeterThread: Thread started: Thread Group 1-25 
2017/07/28 17:13:48 ERROR - kg.apc.jmeter.perfmon.PerfMonCollector: Perfmon plugin error: java.net.ConnectException: Connection refused: connect 
2017/07/28 17:13:48 INFO  - jmeter.threads.JMeterThread: Thread is done: Thread Group 1-20 
2017/07/28 17:13:48 INFO  - jmeter.threads.JMeterThread: Thread finished: Thread Group 1-20 
2017/07/28 17:13:48 ERROR - kg.apc.jmeter.perfmon.PerfMonCollector: Perfmon plugin error: java.net.ConnectException: Connection refused: connect 
2017/07/28 17:13:49 INFO  - jmeter.threads.JMeterThread: Thread started: Thread Group 1-26 
2017/07/28 17:13:49 ERROR - kg.apc.jmeter.perfmon.PerfMonCollector: Perfmon plugin error: java.net.ConnectException: Connection refused: connect 
2017/07/28 17:13:49 INFO  - jmeter.threads.JMeterThread: Thread is done: Thread Group 1-21 
2017/07/28 17:13:49 INFO  - jmeter.threads.JMeterThread: Thread finished: Thread Group 1-21 
2017/07/28 17:13:49 ERROR - kg.apc.jmeter.perfmon.PerfMonCollector: Perfmon plugin error: java.net.ConnectException: Connection refused: connect 
2017/07/28 17:13:50 INFO  - jmeter.threads.JMeterThread: Thread started: Thread Group 1-27 
2017/07/28 17:13:50 ERROR - kg.apc.jmeter.perfmon.PerfMonCollector: Perfmon plugin error: java.net.ConnectException: Connection refused: connect 
2017/07/28 17:13:50 ERROR - kg.apc.jmeter.perfmon.PerfMonCollector: Perfmon plugin error: java.net.ConnectException: Connection refused: connect 
2017/07/28 17:13:51 ERROR - kg.apc.jmeter.perfmon.PerfMonCollector: Perfmon plugin error: java.net.ConnectException: Connection refused: connect 
2017/07/28 17:13:51 INFO  - jmeter.threads.JMeterThread: Thread started: Thread Group 1-28 
2017/07/28 17:13:51 INFO  - jmeter.threads.JMeterThread: Thread is done: Thread Group 1-22 
2017/07/28 17:13:51 INFO  - jmeter.threads.JMeterThread: Thread finished: Thread Group 1-22 
2017/07/28 17:13:51 ERROR - kg.apc.jmeter.perfmon.PerfMonCollector: Perfmon plugin error: java.net.ConnectException: Connection refused: connect 
2017/07/28 17:13:52 ERROR - kg.apc.jmeter.perfmon.PerfMonCollector: Perfmon plugin error: java.net.ConnectException: Connection refused: connect 
2017/07/28 17:13:52 INFO  - jmeter.threads.JMeterThread: Thread started: Thread Group 1-29 
2017/07/28 17:13:52 INFO  - jmeter.threads.JMeterThread: Thread is done: Thread Group 1-23 
2017/07/28 17:13:52 INFO  - jmeter.threads.JMeterThread: Thread finished: Thread Group 1-23 
2017/07/28 17:13:52 ERROR - kg.apc.jmeter.perfmon.PerfMonCollector: Perfmon plugin error: java.net.ConnectException: Connection refused: connect 
2017/07/28 17:13:53 ERROR - kg.apc.jmeter.perfmon.PerfMonCollector: Perfmon plugin error: java.net.ConnectException: Connection refused: connect 
2017/07/28 17:13:53 INFO  - jmeter.threads.JMeterThread: Thread started: Thread Group 1-30 
2017/07/28 17:13:53 INFO  - jmeter.threads.JMeterThread: Thread is done: Thread Group 1-24 
2017/07/28 17:13:53 INFO  - jmeter.threads.JMeterThread: Thread finished: Thread Group 1-24 
2017/07/28 17:13:53 ERROR - kg.apc.jmeter.perfmon.PerfMonCollector: Perfmon plugin error: java.net.ConnectException: Connection refused: connect 
2017/07/28 17:13:54 INFO  - jmeter.threads.JMeterThread: Thread is done: Thread Group 1-25 
2017/07/28 17:13:54 INFO  - jmeter.threads.JMeterThread: Thread finished: Thread Group 1-25 
2017/07/28 17:13:54 ERROR - kg.apc.jmeter.perfmon.PerfMonCollector: Perfmon plugin error: java.net.ConnectException: Connection refused: connect 
2017/07/28 17:13:54 ERROR - kg.apc.jmeter.perfmon.PerfMonCollector: Perfmon plugin error: java.net.ConnectException: Connection refused: connect 
2017/07/28 17:13:55 INFO  - jmeter.threads.JMeterThread: Thread is done: Thread Group 1-26 
2017/07/28 17:13:55 INFO  - jmeter.threads.JMeterThread: Thread finished: Thread Group 1-26 
2017/07/28 17:13:55 ERROR - kg.apc.jmeter.perfmon.PerfMonCollector: Perfmon plugin error: java.net.ConnectException: Connection refused: connect 
2017/07/28 17:13:55 INFO  - jmeter.threads.JMeterThread: Thread is done: Thread Group 1-27 
2017/07/28 17:13:55 INFO  - jmeter.threads.JMeterThread: Thread finished: Thread Group 1-27 
2017/07/28 17:13:55 ERROR - kg.apc.jmeter.perfmon.PerfMonCollector: Perfmon plugin error: java.net.ConnectException: Connection refused: connect 
2017/07/28 17:13:56 ERROR - kg.apc.jmeter.perfmon.PerfMonCollector: Perfmon plugin error: java.net.ConnectException: Connection refused: connect 
2017/07/28 17:13:56 INFO  - jmeter.threads.JMeterThread: Thread is done: Thread Group 1-28 
2017/07/28 17:13:56 INFO  - jmeter.threads.JMeterThread: Thread finished: Thread Group 1-28 
2017/07/28 17:13:56 ERROR - kg.apc.jmeter.perfmon.PerfMonCollector: Perfmon plugin error: java.net.ConnectException: Connection refused: connect 
2017/07/28 17:13:57 ERROR - kg.apc.jmeter.perfmon.PerfMonCollector: Perfmon plugin error: java.net.ConnectException: Connection refused: connect 
2017/07/28 17:13:57 INFO  - jmeter.threads.JMeterThread: Thread is done: Thread Group 1-29 
2017/07/28 17:13:57 INFO  - jmeter.threads.JMeterThread: Thread finished: Thread Group 1-29 
2017/07/28 17:13:57 ERROR - kg.apc.jmeter.perfmon.PerfMonCollector: Perfmon plugin error: java.net.ConnectException: Connection refused: connect 
2017/07/28 17:13:58 ERROR - kg.apc.jmeter.perfmon.PerfMonCollector: Perfmon plugin error: java.net.ConnectException: Connection refused: connect 
2017/07/28 17:13:58 INFO  - jmeter.threads.JMeterThread: Thread is done: Thread Group 1-30 
2017/07/28 17:13:58 INFO  - jmeter.threads.JMeterThread: Thread finished: Thread Group 1-30 
2017/07/28 17:13:58 INFO  - jmeter.engine.StandardJMeterEngine: Notifying test listeners of end of test 
2017/07/28 17:13:58 INFO  - kg.apc.jmeter.PluginsCMDWorker: Using JMeterPluginsCMD v. N/A 
2017/07/28 17:13:58 WARN  - kg.apc.jmeter.JMeterPluginsUtils: JMeter env exists. No one should see this normally. 
2017/07/28 17:13:59 INFO  - kg.apc.jmeter.vizualizers.SynthesisReportGui: Saving CSV to C:\perf_project_git\EAS_4.6\Output\order_search_by_orderid_from_SP\30user\JmeterResults\SynthesisReportGui.csv 
2017/07/28 17:13:59 INFO  - kg.apc.jmeter.listener.GraphsGeneratorListener: Successful generation of file C:\perf_project_git\EAS_4.6\Output\order_search_by_orderid_from_SP\30user\JmeterResults\SynthesisReportGui by plugin:SynthesisReportGui 
2017/07/28 17:13:59 INFO  - kg.apc.jmeter.PluginsCMDWorker: Using JMeterPluginsCMD v. N/A 
2017/07/28 17:13:59 WARN  - kg.apc.jmeter.JMeterPluginsUtils: JMeter env exists. No one should see this normally. 
2017/07/28 17:14:00 WARN  - jorphan.gui.ObjectTableModel: Header count=13 but classes count=11 
2017/07/28 17:14:00 WARN  - jorphan.gui.ObjectTableModel: Header count=13 but writeFunctor count=11 
2017/07/28 17:14:00 INFO  - kg.apc.jmeter.vizualizers.AggregateReportGui: Saving CSV to C:\perf_project_git\EAS_4.6\Output\order_search_by_orderid_from_SP\30user\JmeterResults\AggregateReportGui.csv 
2017/07/28 17:14:00 INFO  - kg.apc.jmeter.listener.GraphsGeneratorListener: Successful generation of file C:\perf_project_git\EAS_4.6\Output\order_search_by_orderid_from_SP\30user\JmeterResults\AggregateReportGui by plugin:AggregateReportGui 
2017/07/28 17:14:00 INFO  - kg.apc.jmeter.PluginsCMDWorker: Using JMeterPluginsCMD v. N/A 
2017/07/28 17:14:00 WARN  - kg.apc.jmeter.JMeterPluginsUtils: JMeter env exists. No one should see this normally. 
2017/07/28 17:14:00 INFO  - kg.apc.charting.GraphPanelChart: Saving PNG to C:\perf_project_git\EAS_4.6\Output\order_search_by_orderid_from_SP\30user\JmeterResults\ResponseTimesOverTime.png 
2017/07/28 17:14:01 INFO  - kg.apc.jmeter.listener.GraphsGeneratorListener: Successful generation of file C:\perf_project_git\EAS_4.6\Output\order_search_by_orderid_from_SP\30user\JmeterResults\ResponseTimesOverTime by plugin:ResponseTimesOverTime 
2017/07/28 17:14:01 INFO  - kg.apc.jmeter.PluginsCMDWorker: Using JMeterPluginsCMD v. N/A 
2017/07/28 17:14:01 WARN  - kg.apc.jmeter.JMeterPluginsUtils: JMeter env exists. No one should see this normally. 
2017/07/28 17:14:01 INFO  - kg.apc.charting.GraphPanelChart: Saving PNG to C:\perf_project_git\EAS_4.6\Output\order_search_by_orderid_from_SP\30user\JmeterResults\HitsPerSecond.png 
2017/07/28 17:14:01 INFO  - kg.apc.jmeter.listener.GraphsGeneratorListener: Successful generation of file C:\perf_project_git\EAS_4.6\Output\order_search_by_orderid_from_SP\30user\JmeterResults\HitsPerSecond by plugin:HitsPerSecond 
2017/07/28 17:14:01 INFO  - kg.apc.jmeter.PluginsCMDWorker: Using JMeterPluginsCMD v. N/A 
2017/07/28 17:14:01 WARN  - kg.apc.jmeter.JMeterPluginsUtils: JMeter env exists. No one should see this normally. 
2017/07/28 17:14:01 INFO  - kg.apc.charting.GraphPanelChart: Saving PNG to C:\perf_project_git\EAS_4.6\Output\order_search_by_orderid_from_SP\30user\JmeterResults\BytesThroughputOverTime.png 
2017/07/28 17:14:02 INFO  - kg.apc.jmeter.listener.GraphsGeneratorListener: Successful generation of file C:\perf_project_git\EAS_4.6\Output\order_search_by_orderid_from_SP\30user\JmeterResults\BytesThroughputOverTime by plugin:BytesThroughputOverTime 
2017/07/28 17:14:02 INFO  - kg.apc.jmeter.PluginsCMDWorker: Using JMeterPluginsCMD v. N/A 
2017/07/28 17:14:02 WARN  - kg.apc.jmeter.JMeterPluginsUtils: JMeter env exists. No one should see this normally. 
2017/07/28 17:14:02 INFO  - kg.apc.charting.GraphPanelChart: Saving PNG to C:\perf_project_git\EAS_4.6\Output\order_search_by_orderid_from_SP\30user\JmeterResults\LatenciesOverTime.png 
2017/07/28 17:14:02 INFO  - kg.apc.jmeter.listener.GraphsGeneratorListener: Successful generation of file C:\perf_project_git\EAS_4.6\Output\order_search_by_orderid_from_SP\30user\JmeterResults\LatenciesOverTime by plugin:LatenciesOverTime 
2017/07/28 17:14:02 INFO  - kg.apc.jmeter.PluginsCMDWorker: Using JMeterPluginsCMD v. N/A 
2017/07/28 17:14:02 WARN  - kg.apc.jmeter.JMeterPluginsUtils: JMeter env exists. No one should see this normally. 
2017/07/28 17:14:02 INFO  - kg.apc.charting.GraphPanelChart: Saving PNG to C:\perf_project_git\EAS_4.6\Output\order_search_by_orderid_from_SP\30user\JmeterResults\ResponseCodesPerSecond.png 
2017/07/28 17:14:02 INFO  - kg.apc.jmeter.listener.GraphsGeneratorListener: Successful generation of file C:\perf_project_git\EAS_4.6\Output\order_search_by_orderid_from_SP\30user\JmeterResults\ResponseCodesPerSecond by plugin:ResponseCodesPerSecond 
2017/07/28 17:14:02 INFO  - kg.apc.jmeter.PluginsCMDWorker: Using JMeterPluginsCMD v. N/A 
2017/07/28 17:14:02 WARN  - kg.apc.jmeter.JMeterPluginsUtils: JMeter env exists. No one should see this normally. 
2017/07/28 17:14:03 INFO  - kg.apc.charting.GraphPanelChart: Saving PNG to C:\perf_project_git\EAS_4.6\Output\order_search_by_orderid_from_SP\30user\JmeterResults\TransactionsPerSecond.png 
2017/07/28 17:14:03 INFO  - kg.apc.jmeter.listener.GraphsGeneratorListener: Successful generation of file C:\perf_project_git\EAS_4.6\Output\order_search_by_orderid_from_SP\30user\JmeterResults\TransactionsPerSecond by plugin:TransactionsPerSecond 
2017/07/28 17:14:03 INFO  - kg.apc.jmeter.PluginsCMDWorker: Using JMeterPluginsCMD v. N/A 
2017/07/28 17:14:03 WARN  - kg.apc.jmeter.JMeterPluginsUtils: JMeter env exists. No one should see this normally. 
2017/07/28 17:14:03 INFO  - kg.apc.charting.GraphPanelChart: Saving PNG to C:\perf_project_git\EAS_4.6\Output\order_search_by_orderid_from_SP\30user\JmeterResults\ResponseTimesDistribution.png 
2017/07/28 17:14:03 INFO  - kg.apc.jmeter.listener.GraphsGeneratorListener: Successful generation of file C:\perf_project_git\EAS_4.6\Output\order_search_by_orderid_from_SP\30user\JmeterResults\ResponseTimesDistribution by plugin:ResponseTimesDistribution 
2017/07/28 17:14:03 INFO  - kg.apc.jmeter.PluginsCMDWorker: Using JMeterPluginsCMD v. N/A 
2017/07/28 17:14:03 WARN  - kg.apc.jmeter.JMeterPluginsUtils: JMeter env exists. No one should see this normally. 
2017/07/28 17:14:04 INFO  - kg.apc.charting.GraphPanelChart: Saving PNG to C:\perf_project_git\EAS_4.6\Output\order_search_by_orderid_from_SP\30user\JmeterResults\ResponseTimesPercentiles.png 
2017/07/28 17:14:04 INFO  - kg.apc.jmeter.listener.GraphsGeneratorListener: Successful generation of file C:\perf_project_git\EAS_4.6\Output\order_search_by_orderid_from_SP\30user\JmeterResults\ResponseTimesPercentiles by plugin:ResponseTimesPercentiles 
2017/07/28 17:14:04 INFO  - kg.apc.jmeter.PluginsCMDWorker: Using JMeterPluginsCMD v. N/A 
2017/07/28 17:14:04 WARN  - kg.apc.jmeter.JMeterPluginsUtils: JMeter env exists. No one should see this normally. 
2017/07/28 17:14:04 INFO  - kg.apc.charting.GraphPanelChart: Saving PNG to C:\perf_project_git\EAS_4.6\Output\order_search_by_orderid_from_SP\30user\JmeterResults\ThreadsStateOverTime.png 
2017/07/28 17:14:04 INFO  - kg.apc.jmeter.listener.GraphsGeneratorListener: Successful generation of file C:\perf_project_git\EAS_4.6\Output\order_search_by_orderid_from_SP\30user\JmeterResults\ThreadsStateOverTime by plugin:ThreadsStateOverTime 
2017/07/28 17:14:04 INFO  - kg.apc.jmeter.PluginsCMDWorker: Using JMeterPluginsCMD v. N/A 
2017/07/28 17:14:04 WARN  - kg.apc.jmeter.JMeterPluginsUtils: JMeter env exists. No one should see this normally. 
2017/07/28 17:14:05 INFO  - kg.apc.charting.GraphPanelChart: Saving PNG to C:\perf_project_git\EAS_4.6\Output\order_search_by_orderid_from_SP\30user\JmeterResults\TimesVsThreads.png 
2017/07/28 17:14:05 INFO  - kg.apc.jmeter.listener.GraphsGeneratorListener: Successful generation of file C:\perf_project_git\EAS_4.6\Output\order_search_by_orderid_from_SP\30user\JmeterResults\TimesVsThreads by plugin:TimesVsThreads 
2017/07/28 17:14:05 INFO  - kg.apc.jmeter.PluginsCMDWorker: Using JMeterPluginsCMD v. N/A 
2017/07/28 17:14:05 WARN  - kg.apc.jmeter.JMeterPluginsUtils: JMeter env exists. No one should see this normally. 
2017/07/28 17:14:05 INFO  - kg.apc.charting.GraphPanelChart: Saving PNG to C:\perf_project_git\EAS_4.6\Output\order_search_by_orderid_from_SP\30user\JmeterResults\ThroughputVsThreads.png 
2017/07/28 17:14:05 INFO  - kg.apc.jmeter.listener.GraphsGeneratorListener: Successful generation of file C:\perf_project_git\EAS_4.6\Output\order_search_by_orderid_from_SP\30user\JmeterResults\ThroughputVsThreads by plugin:ThroughputVsThreads 
2017/07/28 17:14:05 INFO  - jmeter.reporters.Summariser: summary +   2658 in 00:00:36 =   74.1/s Avg:    55 Min:     1 Max:  2064 Err:    50 (1.88%) Active: 0 Started: 30 Finished: 30 
2017/07/28 17:14:05 INFO  - jmeter.reporters.Summariser: summary =   3090 in 00:00:43 =   72.1/s Avg:    53 Min:     1 Max:  2064 Err:    60 (1.94%) 
