2017/06/12 15:14:05 INFO  - jmeter.util.JMeterUtils: Setting Locale to en_US 
2017/06/12 15:14:05 INFO  - jmeter.JMeter: Loading user properties from: C:\Users\Administrator\Desktop\apache-jmeter-3.1\apache-jmeter-3.1\bin\user.properties 
2017/06/12 15:14:05 INFO  - jmeter.JMeter: Loading system properties from: C:\Users\Administrator\Desktop\apache-jmeter-3.1\apache-jmeter-3.1\bin\system.properties 
2017/06/12 15:14:05 INFO  - jmeter.JMeter: Copyright (c) 1998-2016 The Apache Software Foundation 
2017/06/12 15:14:05 INFO  - jmeter.JMeter: Version 3.1 r1770033 
2017/06/12 15:14:05 INFO  - jmeter.JMeter: java.version=1.7.0_60 
2017/06/12 15:14:05 INFO  - jmeter.JMeter: java.vm.name=Java HotSpot(TM) 64-Bit Server VM 
2017/06/12 15:14:05 INFO  - jmeter.JMeter: os.name=Windows Server 2012 R2 
2017/06/12 15:14:05 INFO  - jmeter.JMeter: os.arch=amd64 
2017/06/12 15:14:05 INFO  - jmeter.JMeter: os.version=6.3 
2017/06/12 15:14:05 INFO  - jmeter.JMeter: file.encoding=Cp1252 
2017/06/12 15:14:05 INFO  - jmeter.JMeter: Max memory     =523763712 
2017/06/12 15:14:05 INFO  - jmeter.JMeter: Available Processors =4 
2017/06/12 15:14:05 INFO  - jmeter.JMeter: Default Locale=English (United States) 
2017/06/12 15:14:05 INFO  - jmeter.JMeter: JMeter  Locale=English (United States) 
2017/06/12 15:14:05 INFO  - jmeter.JMeter: JMeterHome=C:\Users\Administrator\Desktop\apache-jmeter-3.1\apache-jmeter-3.1 
2017/06/12 15:14:05 INFO  - jmeter.JMeter: user.dir  =C:\perf_project_git\EAS_4.6\Jmeter_scripts\Order_Search_from_SP_byOrder_Id\10users 
2017/06/12 15:14:05 INFO  - jmeter.JMeter: PWD       =C:\perf_project_git\EAS_4.6\Jmeter_scripts\Order_Search_from_SP_byOrder_Id\10users 
2017/06/12 15:14:05 INFO  - jmeter.JMeter: IP: 10.10.3.15 Name: ESCM-APP FullName: ESCM-APP 
2017/06/12 15:14:05 INFO  - jmeter.services.FileServer: Default base='C:\perf_project_git\EAS_4.6\Jmeter_scripts\Order_Search_from_SP_byOrder_Id\10users' 
2017/06/12 15:14:05 INFO  - jmeter.services.FileServer: Set new base='C:\perf_project_git\EAS_4.6\Jmeter_scripts\Order_Search_from_SP_byOrder_Id\10users' 
2017/06/12 15:14:06 INFO  - jmeter.save.SaveService: Testplan (JMX) version: 2.2. Testlog (JTL) version: 2.2 
2017/06/12 15:14:06 INFO  - jmeter.save.SaveService: Using SaveService properties file encoding UTF-8 
2017/06/12 15:14:06 INFO  - jmeter.save.SaveService: Using SaveService properties version 3.1 
2017/06/12 15:14:06 INFO  - jmeter.save.SaveService: All converter versions present and correct 
2017/06/12 15:14:06 INFO  - jmeter.save.SaveService: Loading file: Search_Order_by_OdreIdBySP.jmx 
2017/06/12 15:14:06 INFO  - jmeter.protocol.http.control.CacheManager: Will only cache the following methods: [GET] 
2017/06/12 15:14:06 INFO  - jmeter.protocol.http.control.CookieManager: Settings: Delete null: true Check: true Allow variable: true Save: false Prefix: COOKIE_ 
2017/06/12 15:14:06 INFO  - jmeter.protocol.http.sampler.HTTPSamplerBase: Parser for text/html is org.apache.jmeter.protocol.http.parser.LagartoBasedHtmlParser 
2017/06/12 15:14:06 INFO  - jmeter.protocol.http.sampler.HTTPSamplerBase: Parser for application/xhtml+xml is org.apache.jmeter.protocol.http.parser.LagartoBasedHtmlParser 
2017/06/12 15:14:06 INFO  - jmeter.protocol.http.sampler.HTTPSamplerBase: Parser for application/xml is org.apache.jmeter.protocol.http.parser.LagartoBasedHtmlParser 
2017/06/12 15:14:06 INFO  - jmeter.protocol.http.sampler.HTTPSamplerBase: Parser for text/xml is org.apache.jmeter.protocol.http.parser.LagartoBasedHtmlParser 
2017/06/12 15:14:06 INFO  - jmeter.protocol.http.sampler.HTTPSamplerBase: Parser for text/vnd.wap.wml is org.apache.jmeter.protocol.http.parser.RegexpHTMLParser 
2017/06/12 15:14:06 INFO  - jmeter.protocol.http.sampler.HTTPSamplerBase: Parser for text/css is org.apache.jmeter.protocol.http.parser.CssParser 
2017/06/12 15:14:07 INFO  - jmeter.JMeter: Creating summariser <summary> 
2017/06/12 15:14:07 INFO  - jmeter.engine.StandardJMeterEngine: Running the test! 
2017/06/12 15:14:07 INFO  - jmeter.samplers.SampleEvent: List of sample_variables: [] 
2017/06/12 15:14:07 INFO  - jmeter.samplers.SampleEvent: List of sample_variables: [] 
2017/06/12 15:14:07 INFO  - jmeter.engine.util.CompoundVariable: Note: Function class names must contain the string: '.functions.' 
2017/06/12 15:14:07 INFO  - jmeter.engine.util.CompoundVariable: Note: Function class names must not contain the string: '.gui.' 
2017/06/12 15:14:08 INFO  - jmeter.JMeter: Running test (1497260648809) 
2017/06/12 15:14:09 INFO  - jmeter.engine.StandardJMeterEngine: Starting ThreadGroup: 1 : Thread Group 
2017/06/12 15:14:09 INFO  - jmeter.engine.StandardJMeterEngine: Starting 10 threads for group Thread Group. 
2017/06/12 15:14:09 INFO  - jmeter.engine.StandardJMeterEngine: Thread will continue on error 
2017/06/12 15:14:09 INFO  - jmeter.threads.ThreadGroup: Starting thread group number 1 threads 10 ramp-up 10 perThread 1000.0 delayedStart=false 
2017/06/12 15:14:09 INFO  - jmeter.samplers.SampleResult: Note: Sample TimeStamps are START times 
2017/06/12 15:14:09 INFO  - jmeter.samplers.SampleResult: sampleresult.default.encoding is set to ISO-8859-1 
2017/06/12 15:14:09 INFO  - jmeter.samplers.SampleResult: sampleresult.useNanoTime=true 
2017/06/12 15:14:09 INFO  - jmeter.samplers.SampleResult: sampleresult.nanoThreadSleep=5000 
2017/06/12 15:14:09 INFO  - jmeter.threads.JMeterThread: Thread started: Thread Group 1-1 
2017/06/12 15:14:09 INFO  - jmeter.protocol.http.sampler.HTTPHCAbstractImpl: Local host = ESCM-APP 
2017/06/12 15:14:09 INFO  - jmeter.protocol.http.sampler.HTTPHC4Impl: HTTP request retry count = 0 
2017/06/12 15:14:09 INFO  - jmeter.threads.ThreadGroup: Started thread group number 1 
2017/06/12 15:14:09 INFO  - jmeter.engine.StandardJMeterEngine: All thread groups have been started 
2017/06/12 15:14:10 INFO  - jmeter.threads.JMeterThread: Thread started: Thread Group 1-2 
2017/06/12 15:14:10 INFO  - jmeter.services.FileServer: Stored: username.csv 
2017/06/12 15:14:11 INFO  - jmeter.threads.JMeterThread: Thread started: Thread Group 1-3 
2017/06/12 15:14:12 INFO  - jmeter.threads.JMeterThread: Thread started: Thread Group 1-4 
2017/06/12 15:14:13 INFO  - jmeter.threads.JMeterThread: Thread started: Thread Group 1-5 
2017/06/12 15:14:14 INFO  - jmeter.threads.JMeterThread: Thread started: Thread Group 1-6 
2017/06/12 15:14:15 INFO  - jmeter.threads.JMeterThread: Thread started: Thread Group 1-7 
2017/06/12 15:14:16 INFO  - jmeter.threads.JMeterThread: Thread started: Thread Group 1-8 
2017/06/12 15:14:17 INFO  - jmeter.threads.JMeterThread: Thread started: Thread Group 1-9 
2017/06/12 15:14:18 INFO  - jmeter.threads.JMeterThread: Thread started: Thread Group 1-10 
2017/06/12 15:14:26 INFO  - jmeter.services.FileServer: Stored: order_id.csv 
2017/06/12 15:14:26 WARN  - jmeter.timers.SyncTimer: SyncTimer Synchronizing Timer timeouted waiting for users after:1ms 
2017/06/12 15:14:29 WARN  - jmeter.timers.SyncTimer: SyncTimer Synchronizing Timer timeouted waiting for users after:1ms 
2017/06/12 15:14:30 INFO  - jmeter.reporters.Summariser: summary +    849 in 00:00:21 =   40.1/s Avg:   102 Min:     2 Max:  3977 Err:    10 (1.18%) Active: 10 Started: 10 Finished: 0 
2017/06/12 15:14:30 WARN  - jmeter.timers.SyncTimer: SyncTimer Synchronizing Timer timeouted waiting for users after:1ms 
2017/06/12 15:14:36 WARN  - jmeter.timers.SyncTimer: SyncTimer Synchronizing Timer timeouted waiting for users after:1ms 
2017/06/12 15:14:36 INFO  - jmeter.threads.JMeterThread: Thread is done: Thread Group 1-8 
2017/06/12 15:14:36 INFO  - jmeter.threads.JMeterThread: Thread finished: Thread Group 1-8 
2017/06/12 15:14:36 INFO  - jmeter.threads.JMeterThread: Thread is done: Thread Group 1-7 
2017/06/12 15:14:36 INFO  - jmeter.threads.JMeterThread: Thread finished: Thread Group 1-7 
2017/06/12 15:14:37 WARN  - jmeter.timers.SyncTimer: SyncTimer Synchronizing Timer timeouted waiting for users after:1ms 
2017/06/12 15:14:37 INFO  - jmeter.threads.JMeterThread: Thread is done: Thread Group 1-9 
2017/06/12 15:14:37 INFO  - jmeter.threads.JMeterThread: Thread finished: Thread Group 1-9 
2017/06/12 15:14:37 WARN  - jmeter.timers.SyncTimer: SyncTimer Synchronizing Timer timeouted waiting for users after:1ms 
2017/06/12 15:14:37 WARN  - jmeter.timers.SyncTimer: SyncTimer Synchronizing Timer timeouted waiting for users after:1ms 
2017/06/12 15:14:37 WARN  - jmeter.timers.SyncTimer: SyncTimer Synchronizing Timer timeouted waiting for users after:1ms 
2017/06/12 15:14:37 WARN  - jmeter.timers.SyncTimer: SyncTimer Synchronizing Timer timeouted waiting for users after:1ms 
2017/06/12 15:14:37 WARN  - jmeter.timers.SyncTimer: SyncTimer Synchronizing Timer timeouted waiting for users after:1ms 
2017/06/12 15:14:38 INFO  - jmeter.threads.JMeterThread: Thread is done: Thread Group 1-1 
2017/06/12 15:14:38 INFO  - jmeter.threads.JMeterThread: Thread finished: Thread Group 1-1 
2017/06/12 15:14:39 INFO  - jmeter.threads.JMeterThread: Thread is done: Thread Group 1-2 
2017/06/12 15:14:39 INFO  - jmeter.threads.JMeterThread: Thread finished: Thread Group 1-2 
2017/06/12 15:14:39 INFO  - jmeter.threads.JMeterThread: Thread is done: Thread Group 1-3 
2017/06/12 15:14:39 INFO  - jmeter.threads.JMeterThread: Thread finished: Thread Group 1-3 
2017/06/12 15:14:39 INFO  - jmeter.threads.JMeterThread: Thread is done: Thread Group 1-10 
2017/06/12 15:14:39 INFO  - jmeter.threads.JMeterThread: Thread finished: Thread Group 1-10 
2017/06/12 15:14:39 INFO  - jmeter.threads.JMeterThread: Thread is done: Thread Group 1-4 
2017/06/12 15:14:39 INFO  - jmeter.threads.JMeterThread: Thread finished: Thread Group 1-4 
2017/06/12 15:14:39 INFO  - jmeter.threads.JMeterThread: Thread is done: Thread Group 1-5 
2017/06/12 15:14:39 INFO  - jmeter.threads.JMeterThread: Thread finished: Thread Group 1-5 
2017/06/12 15:14:39 INFO  - jmeter.threads.JMeterThread: Thread is done: Thread Group 1-6 
2017/06/12 15:14:39 INFO  - jmeter.threads.JMeterThread: Thread finished: Thread Group 1-6 
2017/06/12 15:14:39 INFO  - jmeter.engine.StandardJMeterEngine: Notifying test listeners of end of test 
2017/06/12 15:14:39 INFO  - jmeter.services.FileServer: Close: username.csv 
2017/06/12 15:14:39 INFO  - jmeter.services.FileServer: Close: order_id.csv 
2017/06/12 15:14:39 INFO  - kg.apc.jmeter.PluginsCMDWorker: Using JMeterPluginsCMD v. N/A 
2017/06/12 15:14:39 WARN  - kg.apc.jmeter.JMeterPluginsUtils: JMeter env exists. No one should see this normally. 
2017/06/12 15:14:41 INFO  - kg.apc.jmeter.vizualizers.SynthesisReportGui: Saving CSV to C:\perf_project_git\EAS_4.6\Output\10user\JmeterResults\SynthesisReportGui.csv 
2017/06/12 15:14:41 INFO  - kg.apc.jmeter.listener.GraphsGeneratorListener: Successful generation of file C:\perf_project_git\EAS_4.6\Output\10user\JmeterResults\SynthesisReportGui by plugin:SynthesisReportGui 
2017/06/12 15:14:41 INFO  - kg.apc.jmeter.PluginsCMDWorker: Using JMeterPluginsCMD v. N/A 
2017/06/12 15:14:41 WARN  - kg.apc.jmeter.JMeterPluginsUtils: JMeter env exists. No one should see this normally. 
2017/06/12 15:14:41 WARN  - jorphan.gui.ObjectTableModel: Header count=13 but classes count=11 
2017/06/12 15:14:41 WARN  - jorphan.gui.ObjectTableModel: Header count=13 but writeFunctor count=11 
2017/06/12 15:14:41 INFO  - kg.apc.jmeter.vizualizers.AggregateReportGui: Saving CSV to C:\perf_project_git\EAS_4.6\Output\10user\JmeterResults\AggregateReportGui.csv 
2017/06/12 15:14:41 INFO  - kg.apc.jmeter.listener.GraphsGeneratorListener: Successful generation of file C:\perf_project_git\EAS_4.6\Output\10user\JmeterResults\AggregateReportGui by plugin:AggregateReportGui 
2017/06/12 15:14:41 INFO  - kg.apc.jmeter.PluginsCMDWorker: Using JMeterPluginsCMD v. N/A 
2017/06/12 15:14:41 WARN  - kg.apc.jmeter.JMeterPluginsUtils: JMeter env exists. No one should see this normally. 
2017/06/12 15:14:41 INFO  - kg.apc.charting.GraphPanelChart: Saving PNG to C:\perf_project_git\EAS_4.6\Output\10user\JmeterResults\ResponseTimesOverTime.png 
2017/06/12 15:14:42 INFO  - kg.apc.jmeter.listener.GraphsGeneratorListener: Successful generation of file C:\perf_project_git\EAS_4.6\Output\10user\JmeterResults\ResponseTimesOverTime by plugin:ResponseTimesOverTime 
2017/06/12 15:14:42 INFO  - kg.apc.jmeter.PluginsCMDWorker: Using JMeterPluginsCMD v. N/A 
2017/06/12 15:14:42 WARN  - kg.apc.jmeter.JMeterPluginsUtils: JMeter env exists. No one should see this normally. 
2017/06/12 15:14:42 INFO  - kg.apc.charting.GraphPanelChart: Saving PNG to C:\perf_project_git\EAS_4.6\Output\10user\JmeterResults\HitsPerSecond.png 
2017/06/12 15:14:42 INFO  - kg.apc.jmeter.listener.GraphsGeneratorListener: Successful generation of file C:\perf_project_git\EAS_4.6\Output\10user\JmeterResults\HitsPerSecond by plugin:HitsPerSecond 
2017/06/12 15:14:42 INFO  - kg.apc.jmeter.PluginsCMDWorker: Using JMeterPluginsCMD v. N/A 
2017/06/12 15:14:42 WARN  - kg.apc.jmeter.JMeterPluginsUtils: JMeter env exists. No one should see this normally. 
2017/06/12 15:14:43 INFO  - kg.apc.charting.GraphPanelChart: Saving PNG to C:\perf_project_git\EAS_4.6\Output\10user\JmeterResults\BytesThroughputOverTime.png 
2017/06/12 15:14:43 INFO  - kg.apc.jmeter.listener.GraphsGeneratorListener: Successful generation of file C:\perf_project_git\EAS_4.6\Output\10user\JmeterResults\BytesThroughputOverTime by plugin:BytesThroughputOverTime 
2017/06/12 15:14:43 INFO  - kg.apc.jmeter.PluginsCMDWorker: Using JMeterPluginsCMD v. N/A 
2017/06/12 15:14:43 WARN  - kg.apc.jmeter.JMeterPluginsUtils: JMeter env exists. No one should see this normally. 
2017/06/12 15:14:43 INFO  - kg.apc.charting.GraphPanelChart: Saving PNG to C:\perf_project_git\EAS_4.6\Output\10user\JmeterResults\LatenciesOverTime.png 
2017/06/12 15:14:43 INFO  - kg.apc.jmeter.listener.GraphsGeneratorListener: Successful generation of file C:\perf_project_git\EAS_4.6\Output\10user\JmeterResults\LatenciesOverTime by plugin:LatenciesOverTime 
2017/06/12 15:14:43 INFO  - kg.apc.jmeter.PluginsCMDWorker: Using JMeterPluginsCMD v. N/A 
2017/06/12 15:14:43 WARN  - kg.apc.jmeter.JMeterPluginsUtils: JMeter env exists. No one should see this normally. 
2017/06/12 15:14:43 INFO  - kg.apc.charting.GraphPanelChart: Saving PNG to C:\perf_project_git\EAS_4.6\Output\10user\JmeterResults\ResponseCodesPerSecond.png 
2017/06/12 15:14:43 INFO  - kg.apc.jmeter.listener.GraphsGeneratorListener: Successful generation of file C:\perf_project_git\EAS_4.6\Output\10user\JmeterResults\ResponseCodesPerSecond by plugin:ResponseCodesPerSecond 
2017/06/12 15:14:43 INFO  - kg.apc.jmeter.PluginsCMDWorker: Using JMeterPluginsCMD v. N/A 
2017/06/12 15:14:43 WARN  - kg.apc.jmeter.JMeterPluginsUtils: JMeter env exists. No one should see this normally. 
2017/06/12 15:14:44 INFO  - kg.apc.charting.GraphPanelChart: Saving PNG to C:\perf_project_git\EAS_4.6\Output\10user\JmeterResults\TransactionsPerSecond.png 
2017/06/12 15:14:44 INFO  - kg.apc.jmeter.listener.GraphsGeneratorListener: Successful generation of file C:\perf_project_git\EAS_4.6\Output\10user\JmeterResults\TransactionsPerSecond by plugin:TransactionsPerSecond 
2017/06/12 15:14:44 INFO  - kg.apc.jmeter.PluginsCMDWorker: Using JMeterPluginsCMD v. N/A 
2017/06/12 15:14:44 WARN  - kg.apc.jmeter.JMeterPluginsUtils: JMeter env exists. No one should see this normally. 
2017/06/12 15:14:44 INFO  - kg.apc.charting.GraphPanelChart: Saving PNG to C:\perf_project_git\EAS_4.6\Output\10user\JmeterResults\ResponseTimesDistribution.png 
2017/06/12 15:14:44 INFO  - kg.apc.jmeter.listener.GraphsGeneratorListener: Successful generation of file C:\perf_project_git\EAS_4.6\Output\10user\JmeterResults\ResponseTimesDistribution by plugin:ResponseTimesDistribution 
2017/06/12 15:14:44 INFO  - kg.apc.jmeter.PluginsCMDWorker: Using JMeterPluginsCMD v. N/A 
2017/06/12 15:14:44 WARN  - kg.apc.jmeter.JMeterPluginsUtils: JMeter env exists. No one should see this normally. 
2017/06/12 15:14:45 INFO  - kg.apc.charting.GraphPanelChart: Saving PNG to C:\perf_project_git\EAS_4.6\Output\10user\JmeterResults\ResponseTimesPercentiles.png 
2017/06/12 15:14:45 INFO  - kg.apc.jmeter.listener.GraphsGeneratorListener: Successful generation of file C:\perf_project_git\EAS_4.6\Output\10user\JmeterResults\ResponseTimesPercentiles by plugin:ResponseTimesPercentiles 
2017/06/12 15:14:45 INFO  - kg.apc.jmeter.PluginsCMDWorker: Using JMeterPluginsCMD v. N/A 
2017/06/12 15:14:45 WARN  - kg.apc.jmeter.JMeterPluginsUtils: JMeter env exists. No one should see this normally. 
2017/06/12 15:14:45 INFO  - kg.apc.charting.GraphPanelChart: Saving PNG to C:\perf_project_git\EAS_4.6\Output\10user\JmeterResults\ThreadsStateOverTime.png 
2017/06/12 15:14:45 INFO  - kg.apc.jmeter.listener.GraphsGeneratorListener: Successful generation of file C:\perf_project_git\EAS_4.6\Output\10user\JmeterResults\ThreadsStateOverTime by plugin:ThreadsStateOverTime 
2017/06/12 15:14:45 INFO  - kg.apc.jmeter.PluginsCMDWorker: Using JMeterPluginsCMD v. N/A 
2017/06/12 15:14:45 WARN  - kg.apc.jmeter.JMeterPluginsUtils: JMeter env exists. No one should see this normally. 
2017/06/12 15:14:46 INFO  - kg.apc.charting.GraphPanelChart: Saving PNG to C:\perf_project_git\EAS_4.6\Output\10user\JmeterResults\TimesVsThreads.png 
2017/06/12 15:14:46 INFO  - kg.apc.jmeter.listener.GraphsGeneratorListener: Successful generation of file C:\perf_project_git\EAS_4.6\Output\10user\JmeterResults\TimesVsThreads by plugin:TimesVsThreads 
2017/06/12 15:14:46 INFO  - kg.apc.jmeter.PluginsCMDWorker: Using JMeterPluginsCMD v. N/A 
2017/06/12 15:14:46 WARN  - kg.apc.jmeter.JMeterPluginsUtils: JMeter env exists. No one should see this normally. 
2017/06/12 15:14:46 INFO  - kg.apc.charting.GraphPanelChart: Saving PNG to C:\perf_project_git\EAS_4.6\Output\10user\JmeterResults\ThroughputVsThreads.png 
2017/06/12 15:14:46 INFO  - kg.apc.jmeter.listener.GraphsGeneratorListener: Successful generation of file C:\perf_project_git\EAS_4.6\Output\10user\JmeterResults\ThroughputVsThreads by plugin:ThroughputVsThreads 
2017/06/12 15:14:46 INFO  - jmeter.reporters.Summariser: summary +    251 in 00:00:17 =   14.9/s Avg:   444 Min:     2 Max: 10340 Err:     0 (0.00%) Active: 0 Started: 10 Finished: 10 
2017/06/12 15:14:46 INFO  - jmeter.reporters.Summariser: summary =   1100 in 00:00:38 =   28.9/s Avg:   180 Min:     2 Max: 10340 Err:    10 (0.91%) 
