2017/07/21 11:49:26 INFO  - jmeter.util.JMeterUtils: Setting Locale to en_US 
2017/07/21 11:49:27 INFO  - jmeter.JMeter: Loading user properties from: C:\Users\Administrator\Desktop\apache-jmeter-3.1\apache-jmeter-3.1\bin\user.properties 
2017/07/21 11:49:27 INFO  - jmeter.JMeter: Loading system properties from: C:\Users\Administrator\Desktop\apache-jmeter-3.1\apache-jmeter-3.1\bin\system.properties 
2017/07/21 11:49:27 INFO  - jmeter.JMeter: Copyright (c) 1998-2016 The Apache Software Foundation 
2017/07/21 11:49:27 INFO  - jmeter.JMeter: Version 3.1 r1770033 
2017/07/21 11:49:27 INFO  - jmeter.JMeter: java.version=1.7.0_60 
2017/07/21 11:49:27 INFO  - jmeter.JMeter: java.vm.name=Java HotSpot(TM) 64-Bit Server VM 
2017/07/21 11:49:27 INFO  - jmeter.JMeter: os.name=Windows Server 2012 R2 
2017/07/21 11:49:27 INFO  - jmeter.JMeter: os.arch=amd64 
2017/07/21 11:49:27 INFO  - jmeter.JMeter: os.version=6.3 
2017/07/21 11:49:27 INFO  - jmeter.JMeter: file.encoding=Cp1252 
2017/07/21 11:49:27 INFO  - jmeter.JMeter: Max memory     =523763712 
2017/07/21 11:49:27 INFO  - jmeter.JMeter: Available Processors =4 
2017/07/21 11:49:27 INFO  - jmeter.JMeter: Default Locale=English (United States) 
2017/07/21 11:49:27 INFO  - jmeter.JMeter: JMeter  Locale=English (United States) 
2017/07/21 11:49:27 INFO  - jmeter.JMeter: JMeterHome=C:\Users\Administrator\Desktop\apache-jmeter-3.1\apache-jmeter-3.1 
2017/07/21 11:49:27 INFO  - jmeter.JMeter: user.dir  =C:\perf_project_git\EAS_4.6\Jmeter_scripts\List_Orders\20Users 
2017/07/21 11:49:27 INFO  - jmeter.JMeter: PWD       =C:\perf_project_git\EAS_4.6\Jmeter_scripts\List_Orders\20Users 
2017/07/21 11:49:27 INFO  - jmeter.JMeter: IP: 10.10.3.15 Name: ESCM-APP FullName: ESCM-APP 
2017/07/21 11:49:27 INFO  - jmeter.services.FileServer: Default base='C:\perf_project_git\EAS_4.6\Jmeter_scripts\List_Orders\20Users' 
2017/07/21 11:49:27 INFO  - jmeter.services.FileServer: Set new base='C:\perf_project_git\EAS_4.6\Jmeter_scripts\List_Orders\20Users' 
2017/07/21 11:49:27 INFO  - jmeter.save.SaveService: Testplan (JMX) version: 2.2. Testlog (JTL) version: 2.2 
2017/07/21 11:49:27 INFO  - jmeter.save.SaveService: Using SaveService properties file encoding UTF-8 
2017/07/21 11:49:27 INFO  - jmeter.save.SaveService: Using SaveService properties version 3.1 
2017/07/21 11:49:27 INFO  - jmeter.save.SaveService: All converter versions present and correct 
2017/07/21 11:49:27 INFO  - jmeter.save.SaveService: Loading file: List_order.jmx 
2017/07/21 11:49:28 INFO  - jmeter.protocol.http.sampler.HTTPSamplerBase: Parser for text/html is org.apache.jmeter.protocol.http.parser.LagartoBasedHtmlParser 
2017/07/21 11:49:28 INFO  - jmeter.protocol.http.sampler.HTTPSamplerBase: Parser for application/xhtml+xml is org.apache.jmeter.protocol.http.parser.LagartoBasedHtmlParser 
2017/07/21 11:49:28 INFO  - jmeter.protocol.http.sampler.HTTPSamplerBase: Parser for application/xml is org.apache.jmeter.protocol.http.parser.LagartoBasedHtmlParser 
2017/07/21 11:49:28 INFO  - jmeter.protocol.http.sampler.HTTPSamplerBase: Parser for text/xml is org.apache.jmeter.protocol.http.parser.LagartoBasedHtmlParser 
2017/07/21 11:49:28 INFO  - jmeter.protocol.http.sampler.HTTPSamplerBase: Parser for text/vnd.wap.wml is org.apache.jmeter.protocol.http.parser.RegexpHTMLParser 
2017/07/21 11:49:28 INFO  - jmeter.protocol.http.sampler.HTTPSamplerBase: Parser for text/css is org.apache.jmeter.protocol.http.parser.CssParser 
2017/07/21 11:49:29 INFO  - jmeter.protocol.http.control.CacheManager: Will only cache the following methods: [GET] 
2017/07/21 11:49:29 INFO  - jmeter.protocol.http.control.CookieManager: Settings: Delete null: true Check: true Allow variable: true Save: false Prefix: COOKIE_ 
2017/07/21 11:49:29 INFO  - jmeter.JMeter: Creating summariser <summary> 
2017/07/21 11:49:29 INFO  - jmeter.engine.StandardJMeterEngine: Running the test! 
2017/07/21 11:49:29 INFO  - jmeter.samplers.SampleEvent: List of sample_variables: [] 
2017/07/21 11:49:29 INFO  - jmeter.samplers.SampleEvent: List of sample_variables: [] 
2017/07/21 11:49:29 INFO  - jmeter.engine.util.CompoundVariable: Note: Function class names must contain the string: '.functions.' 
2017/07/21 11:49:29 INFO  - jmeter.engine.util.CompoundVariable: Note: Function class names must not contain the string: '.gui.' 
2017/07/21 11:49:31 INFO  - kg.apc.jmeter.perfmon.PerfMonCollector: Can't connect TCP transport for host: /10.10.3.28:4444 java.net.ConnectException: Connection refused: connect
	at java.net.DualStackPlainSocketImpl.connect0(Native Method)
	at java.net.DualStackPlainSocketImpl.socketConnect(Unknown Source)
	at java.net.AbstractPlainSocketImpl.doConnect(Unknown Source)
	at java.net.AbstractPlainSocketImpl.connectToAddress(Unknown Source)
	at java.net.AbstractPlainSocketImpl.connect(Unknown Source)
	at java.net.PlainSocketImpl.connect(Unknown Source)
	at java.net.SocksSocketImpl.connect(Unknown Source)
	at java.net.Socket.connect(Unknown Source)
	at java.net.Socket.connect(Unknown Source)
	at kg.apc.perfmon.client.TransportFactory.TCPInstance(TransportFactory.java:91)
	at kg.apc.jmeter.perfmon.PerfMonCollector.getConnector(PerfMonCollector.java:243)
	at kg.apc.jmeter.perfmon.PerfMonCollector.initiateConnector(PerfMonCollector.java:228)
	at kg.apc.jmeter.perfmon.PerfMonCollector.initiateConnectors(PerfMonCollector.java:175)
	at kg.apc.jmeter.perfmon.PerfMonCollector.testStarted(PerfMonCollector.java:126)
	at org.apache.jmeter.reporters.ResultCollector.testStarted(ResultCollector.java:348)
	at kg.apc.jmeter.vizualizers.CorrectedResultCollector.testStarted(CorrectedResultCollector.java:28)
	at org.apache.jmeter.engine.StandardJMeterEngine.notifyTestListenersOfStart(StandardJMeterEngine.java:204)
	at org.apache.jmeter.engine.StandardJMeterEngine.run(StandardJMeterEngine.java:325)
	at java.lang.Thread.run(Unknown Source)

2017/07/21 11:49:31 ERROR - kg.apc.jmeter.perfmon.PerfMonCollector: Problems creating connector java.net.ConnectException: Connection refused: connect
	at java.net.DualStackPlainSocketImpl.connect0(Native Method)
	at java.net.DualStackPlainSocketImpl.socketConnect(Unknown Source)
	at java.net.AbstractPlainSocketImpl.doConnect(Unknown Source)
	at java.net.AbstractPlainSocketImpl.connectToAddress(Unknown Source)
	at java.net.AbstractPlainSocketImpl.connect(Unknown Source)
	at java.net.PlainSocketImpl.connect(Unknown Source)
	at java.net.SocksSocketImpl.connect(Unknown Source)
	at java.net.Socket.connect(Unknown Source)
	at java.net.Socket.connect(Unknown Source)
	at kg.apc.perfmon.client.TransportFactory.TCPInstance(TransportFactory.java:91)
	at kg.apc.jmeter.perfmon.PerfMonCollector.getConnector(PerfMonCollector.java:243)
	at kg.apc.jmeter.perfmon.PerfMonCollector.initiateConnector(PerfMonCollector.java:228)
	at kg.apc.jmeter.perfmon.PerfMonCollector.initiateConnectors(PerfMonCollector.java:175)
	at kg.apc.jmeter.perfmon.PerfMonCollector.testStarted(PerfMonCollector.java:126)
	at org.apache.jmeter.reporters.ResultCollector.testStarted(ResultCollector.java:348)
	at kg.apc.jmeter.vizualizers.CorrectedResultCollector.testStarted(CorrectedResultCollector.java:28)
	at org.apache.jmeter.engine.StandardJMeterEngine.notifyTestListenersOfStart(StandardJMeterEngine.java:204)
	at org.apache.jmeter.engine.StandardJMeterEngine.run(StandardJMeterEngine.java:325)
	at java.lang.Thread.run(Unknown Source)

2017/07/21 11:49:31 INFO  - jmeter.samplers.SampleResult: Note: Sample TimeStamps are START times 
2017/07/21 11:49:31 INFO  - jmeter.samplers.SampleResult: sampleresult.default.encoding is set to ISO-8859-1 
2017/07/21 11:49:31 INFO  - jmeter.samplers.SampleResult: sampleresult.useNanoTime=true 
2017/07/21 11:49:31 INFO  - jmeter.samplers.SampleResult: sampleresult.nanoThreadSleep=5000 
2017/07/21 11:49:31 ERROR - kg.apc.jmeter.perfmon.PerfMonCollector: Perfmon plugin error: java.net.ConnectException: Connection refused: connect 
2017/07/21 11:49:32 INFO  - kg.apc.jmeter.perfmon.PerfMonCollector: Can't connect TCP transport for host: /10.10.3.28:4444 java.net.ConnectException: Connection refused: connect
	at java.net.DualStackPlainSocketImpl.connect0(Native Method)
	at java.net.DualStackPlainSocketImpl.socketConnect(Unknown Source)
	at java.net.AbstractPlainSocketImpl.doConnect(Unknown Source)
	at java.net.AbstractPlainSocketImpl.connectToAddress(Unknown Source)
	at java.net.AbstractPlainSocketImpl.connect(Unknown Source)
	at java.net.PlainSocketImpl.connect(Unknown Source)
	at java.net.SocksSocketImpl.connect(Unknown Source)
	at java.net.Socket.connect(Unknown Source)
	at java.net.Socket.connect(Unknown Source)
	at kg.apc.perfmon.client.TransportFactory.TCPInstance(TransportFactory.java:91)
	at kg.apc.jmeter.perfmon.PerfMonCollector.getConnector(PerfMonCollector.java:243)
	at kg.apc.jmeter.perfmon.PerfMonCollector.initiateConnector(PerfMonCollector.java:228)
	at kg.apc.jmeter.perfmon.PerfMonCollector.initiateConnectors(PerfMonCollector.java:175)
	at kg.apc.jmeter.perfmon.PerfMonCollector.testStarted(PerfMonCollector.java:126)
	at org.apache.jmeter.reporters.ResultCollector.testStarted(ResultCollector.java:348)
	at kg.apc.jmeter.vizualizers.CorrectedResultCollector.testStarted(CorrectedResultCollector.java:28)
	at org.apache.jmeter.engine.StandardJMeterEngine.notifyTestListenersOfStart(StandardJMeterEngine.java:204)
	at org.apache.jmeter.engine.StandardJMeterEngine.run(StandardJMeterEngine.java:325)
	at java.lang.Thread.run(Unknown Source)

2017/07/21 11:49:32 ERROR - kg.apc.jmeter.perfmon.PerfMonCollector: Problems creating connector java.net.ConnectException: Connection refused: connect
	at java.net.DualStackPlainSocketImpl.connect0(Native Method)
	at java.net.DualStackPlainSocketImpl.socketConnect(Unknown Source)
	at java.net.AbstractPlainSocketImpl.doConnect(Unknown Source)
	at java.net.AbstractPlainSocketImpl.connectToAddress(Unknown Source)
	at java.net.AbstractPlainSocketImpl.connect(Unknown Source)
	at java.net.PlainSocketImpl.connect(Unknown Source)
	at java.net.SocksSocketImpl.connect(Unknown Source)
	at java.net.Socket.connect(Unknown Source)
	at java.net.Socket.connect(Unknown Source)
	at kg.apc.perfmon.client.TransportFactory.TCPInstance(TransportFactory.java:91)
	at kg.apc.jmeter.perfmon.PerfMonCollector.getConnector(PerfMonCollector.java:243)
	at kg.apc.jmeter.perfmon.PerfMonCollector.initiateConnector(PerfMonCollector.java:228)
	at kg.apc.jmeter.perfmon.PerfMonCollector.initiateConnectors(PerfMonCollector.java:175)
	at kg.apc.jmeter.perfmon.PerfMonCollector.testStarted(PerfMonCollector.java:126)
	at org.apache.jmeter.reporters.ResultCollector.testStarted(ResultCollector.java:348)
	at kg.apc.jmeter.vizualizers.CorrectedResultCollector.testStarted(CorrectedResultCollector.java:28)
	at org.apache.jmeter.engine.StandardJMeterEngine.notifyTestListenersOfStart(StandardJMeterEngine.java:204)
	at org.apache.jmeter.engine.StandardJMeterEngine.run(StandardJMeterEngine.java:325)
	at java.lang.Thread.run(Unknown Source)

2017/07/21 11:49:32 ERROR - kg.apc.jmeter.perfmon.PerfMonCollector: Perfmon plugin error: java.net.ConnectException: Connection refused: connect 
2017/07/21 11:49:32 ERROR - kg.apc.jmeter.perfmon.PerfMonCollector: Perfmon plugin error: java.net.ConnectException: Connection refused: connect 
2017/07/21 11:49:32 INFO  - jmeter.JMeter: Running test (1500617972765) 
2017/07/21 11:49:33 INFO  - jmeter.engine.StandardJMeterEngine: Starting ThreadGroup: 1 : Thread Group 
2017/07/21 11:49:33 INFO  - jmeter.engine.StandardJMeterEngine: Starting 20 threads for group Thread Group. 
2017/07/21 11:49:33 INFO  - jmeter.engine.StandardJMeterEngine: Thread will continue on error 
2017/07/21 11:49:33 INFO  - jmeter.threads.ThreadGroup: Starting thread group number 1 threads 20 ramp-up 20 perThread 1000.0 delayedStart=false 
2017/07/21 11:49:33 INFO  - jmeter.threads.JMeterThread: Thread started: Thread Group 1-1 
2017/07/21 11:49:33 INFO  - jmeter.services.FileServer: Stored: user.csv 
2017/07/21 11:49:33 INFO  - jmeter.protocol.http.sampler.HTTPHCAbstractImpl: Local host = ESCM-APP 
2017/07/21 11:49:33 INFO  - jmeter.protocol.http.sampler.HTTPHC4Impl: HTTP request retry count = 0 
2017/07/21 11:49:33 ERROR - kg.apc.jmeter.perfmon.PerfMonCollector: Perfmon plugin error: java.net.ConnectException: Connection refused: connect 
2017/07/21 11:49:33 INFO  - jmeter.threads.ThreadGroup: Started thread group number 1 
2017/07/21 11:49:33 INFO  - jmeter.engine.StandardJMeterEngine: All thread groups have been started 
2017/07/21 11:49:33 ERROR - kg.apc.jmeter.perfmon.PerfMonCollector: Perfmon plugin error: java.net.ConnectException: Connection refused: connect 
2017/07/21 11:49:34 ERROR - kg.apc.jmeter.perfmon.PerfMonCollector: Perfmon plugin error: java.net.ConnectException: Connection refused: connect 
2017/07/21 11:49:34 ERROR - kg.apc.jmeter.perfmon.PerfMonCollector: Perfmon plugin error: java.net.ConnectException: Connection refused: connect 
2017/07/21 11:49:34 INFO  - jmeter.threads.JMeterThread: Thread started: Thread Group 1-2 
2017/07/21 11:49:35 INFO  - jmeter.reporters.Summariser: summary +      1 in 00:00:03 =    0.4/s Avg:  1681 Min:  1681 Max:  1681 Err:     0 (0.00%) Active: 2 Started: 2 Finished: 0 
2017/07/21 11:49:35 ERROR - kg.apc.jmeter.perfmon.PerfMonCollector: Perfmon plugin error: java.net.ConnectException: Connection refused: connect 
2017/07/21 11:49:35 ERROR - kg.apc.jmeter.perfmon.PerfMonCollector: Perfmon plugin error: java.net.ConnectException: Connection refused: connect 
2017/07/21 11:49:35 INFO  - jmeter.threads.JMeterThread: Thread started: Thread Group 1-3 
2017/07/21 11:49:36 ERROR - kg.apc.jmeter.perfmon.PerfMonCollector: Perfmon plugin error: java.net.ConnectException: Connection refused: connect 
2017/07/21 11:49:36 ERROR - kg.apc.jmeter.perfmon.PerfMonCollector: Perfmon plugin error: java.net.ConnectException: Connection refused: connect 
2017/07/21 11:49:36 INFO  - jmeter.threads.JMeterThread: Thread started: Thread Group 1-4 
2017/07/21 11:49:37 ERROR - kg.apc.jmeter.perfmon.PerfMonCollector: Perfmon plugin error: java.net.ConnectException: Connection refused: connect 
2017/07/21 11:49:37 ERROR - kg.apc.jmeter.perfmon.PerfMonCollector: Perfmon plugin error: java.net.ConnectException: Connection refused: connect 
2017/07/21 11:49:37 INFO  - jmeter.threads.JMeterThread: Thread started: Thread Group 1-5 
2017/07/21 11:49:38 INFO  - jmeter.threads.JMeterThread: Thread started: Thread Group 1-6 
2017/07/21 11:49:38 ERROR - kg.apc.jmeter.perfmon.PerfMonCollector: Perfmon plugin error: java.net.ConnectException: Connection refused: connect 
2017/07/21 11:49:38 ERROR - kg.apc.jmeter.perfmon.PerfMonCollector: Perfmon plugin error: java.net.ConnectException: Connection refused: connect 
2017/07/21 11:49:39 ERROR - kg.apc.jmeter.perfmon.PerfMonCollector: Perfmon plugin error: java.net.ConnectException: Connection refused: connect 
2017/07/21 11:49:39 ERROR - kg.apc.jmeter.perfmon.PerfMonCollector: Perfmon plugin error: java.net.ConnectException: Connection refused: connect 
2017/07/21 11:49:39 INFO  - jmeter.threads.JMeterThread: Thread started: Thread Group 1-7 
2017/07/21 11:49:40 ERROR - kg.apc.jmeter.perfmon.PerfMonCollector: Perfmon plugin error: java.net.ConnectException: Connection refused: connect 
2017/07/21 11:49:40 ERROR - kg.apc.jmeter.perfmon.PerfMonCollector: Perfmon plugin error: java.net.ConnectException: Connection refused: connect 
2017/07/21 11:49:40 INFO  - jmeter.threads.JMeterThread: Thread started: Thread Group 1-8 
2017/07/21 11:49:40 INFO  - jmeter.threads.JMeterThread: Thread is done: Thread Group 1-2 
2017/07/21 11:49:40 INFO  - jmeter.threads.JMeterThread: Thread finished: Thread Group 1-2 
2017/07/21 11:49:40 INFO  - jmeter.threads.JMeterThread: Thread is done: Thread Group 1-1 
2017/07/21 11:49:40 INFO  - jmeter.threads.JMeterThread: Thread finished: Thread Group 1-1 
2017/07/21 11:49:41 ERROR - kg.apc.jmeter.perfmon.PerfMonCollector: Perfmon plugin error: java.net.ConnectException: Connection refused: connect 
2017/07/21 11:49:41 ERROR - kg.apc.jmeter.perfmon.PerfMonCollector: Perfmon plugin error: java.net.ConnectException: Connection refused: connect 
2017/07/21 11:49:41 INFO  - jmeter.threads.JMeterThread: Thread started: Thread Group 1-9 
2017/07/21 11:49:42 ERROR - kg.apc.jmeter.perfmon.PerfMonCollector: Perfmon plugin error: java.net.ConnectException: Connection refused: connect 
2017/07/21 11:49:42 ERROR - kg.apc.jmeter.perfmon.PerfMonCollector: Perfmon plugin error: java.net.ConnectException: Connection refused: connect 
2017/07/21 11:49:42 INFO  - jmeter.threads.JMeterThread: Thread started: Thread Group 1-10 
2017/07/21 11:49:43 ERROR - kg.apc.jmeter.perfmon.PerfMonCollector: Perfmon plugin error: java.net.ConnectException: Connection refused: connect 
2017/07/21 11:49:43 ERROR - kg.apc.jmeter.perfmon.PerfMonCollector: Perfmon plugin error: java.net.ConnectException: Connection refused: connect 
2017/07/21 11:49:43 INFO  - jmeter.threads.JMeterThread: Thread started: Thread Group 1-11 
2017/07/21 11:49:44 INFO  - jmeter.threads.JMeterThread: Thread is done: Thread Group 1-3 
2017/07/21 11:49:44 INFO  - jmeter.threads.JMeterThread: Thread finished: Thread Group 1-3 
2017/07/21 11:49:44 ERROR - kg.apc.jmeter.perfmon.PerfMonCollector: Perfmon plugin error: java.net.ConnectException: Connection refused: connect 
2017/07/21 11:49:44 ERROR - kg.apc.jmeter.perfmon.PerfMonCollector: Perfmon plugin error: java.net.ConnectException: Connection refused: connect 
2017/07/21 11:49:44 INFO  - jmeter.threads.JMeterThread: Thread started: Thread Group 1-12 
2017/07/21 11:49:45 INFO  - jmeter.threads.JMeterThread: Thread is done: Thread Group 1-4 
2017/07/21 11:49:45 INFO  - jmeter.threads.JMeterThread: Thread finished: Thread Group 1-4 
2017/07/21 11:49:45 ERROR - kg.apc.jmeter.perfmon.PerfMonCollector: Perfmon plugin error: java.net.ConnectException: Connection refused: connect 
2017/07/21 11:49:45 ERROR - kg.apc.jmeter.perfmon.PerfMonCollector: Perfmon plugin error: java.net.ConnectException: Connection refused: connect 
2017/07/21 11:49:45 INFO  - jmeter.threads.JMeterThread: Thread started: Thread Group 1-13 
2017/07/21 11:49:46 INFO  - jmeter.threads.JMeterThread: Thread is done: Thread Group 1-5 
2017/07/21 11:49:46 INFO  - jmeter.threads.JMeterThread: Thread finished: Thread Group 1-5 
2017/07/21 11:49:46 ERROR - kg.apc.jmeter.perfmon.PerfMonCollector: Perfmon plugin error: java.net.ConnectException: Connection refused: connect 
2017/07/21 11:49:46 ERROR - kg.apc.jmeter.perfmon.PerfMonCollector: Perfmon plugin error: java.net.ConnectException: Connection refused: connect 
2017/07/21 11:49:46 INFO  - jmeter.threads.JMeterThread: Thread started: Thread Group 1-14 
2017/07/21 11:49:47 ERROR - kg.apc.jmeter.perfmon.PerfMonCollector: Perfmon plugin error: java.net.ConnectException: Connection refused: connect 
2017/07/21 11:49:47 ERROR - kg.apc.jmeter.perfmon.PerfMonCollector: Perfmon plugin error: java.net.ConnectException: Connection refused: connect 
2017/07/21 11:49:47 INFO  - jmeter.threads.JMeterThread: Thread started: Thread Group 1-15 
2017/07/21 11:49:48 ERROR - kg.apc.jmeter.perfmon.PerfMonCollector: Perfmon plugin error: java.net.ConnectException: Connection refused: connect 
2017/07/21 11:49:48 ERROR - kg.apc.jmeter.perfmon.PerfMonCollector: Perfmon plugin error: java.net.ConnectException: Connection refused: connect 
2017/07/21 11:49:48 INFO  - jmeter.threads.JMeterThread: Thread started: Thread Group 1-16 
2017/07/21 11:49:49 ERROR - kg.apc.jmeter.perfmon.PerfMonCollector: Perfmon plugin error: java.net.ConnectException: Connection refused: connect 
2017/07/21 11:49:49 ERROR - kg.apc.jmeter.perfmon.PerfMonCollector: Perfmon plugin error: java.net.ConnectException: Connection refused: connect 
2017/07/21 11:49:49 INFO  - jmeter.threads.JMeterThread: Thread started: Thread Group 1-17 
2017/07/21 11:49:50 INFO  - jmeter.threads.JMeterThread: Thread is done: Thread Group 1-7 
2017/07/21 11:49:50 INFO  - jmeter.threads.JMeterThread: Thread finished: Thread Group 1-7 
2017/07/21 11:49:50 INFO  - jmeter.threads.JMeterThread: Thread is done: Thread Group 1-6 
2017/07/21 11:49:50 INFO  - jmeter.threads.JMeterThread: Thread finished: Thread Group 1-6 
2017/07/21 11:49:50 ERROR - kg.apc.jmeter.perfmon.PerfMonCollector: Perfmon plugin error: java.net.ConnectException: Connection refused: connect 
2017/07/21 11:49:50 ERROR - kg.apc.jmeter.perfmon.PerfMonCollector: Perfmon plugin error: java.net.ConnectException: Connection refused: connect 
2017/07/21 11:49:50 INFO  - jmeter.threads.JMeterThread: Thread started: Thread Group 1-18 
2017/07/21 11:49:51 INFO  - jmeter.threads.JMeterThread: Thread is done: Thread Group 1-8 
2017/07/21 11:49:51 INFO  - jmeter.threads.JMeterThread: Thread finished: Thread Group 1-8 
2017/07/21 11:49:51 ERROR - kg.apc.jmeter.perfmon.PerfMonCollector: Perfmon plugin error: java.net.ConnectException: Connection refused: connect 
2017/07/21 11:49:51 INFO  - jmeter.threads.JMeterThread: Thread started: Thread Group 1-19 
2017/07/21 11:49:51 ERROR - kg.apc.jmeter.perfmon.PerfMonCollector: Perfmon plugin error: java.net.ConnectException: Connection refused: connect 
2017/07/21 11:49:52 INFO  - jmeter.threads.JMeterThread: Thread started: Thread Group 1-20 
2017/07/21 11:49:52 ERROR - kg.apc.jmeter.perfmon.PerfMonCollector: Perfmon plugin error: java.net.ConnectException: Connection refused: connect 
2017/07/21 11:49:52 ERROR - kg.apc.jmeter.perfmon.PerfMonCollector: Perfmon plugin error: java.net.ConnectException: Connection refused: connect 
2017/07/21 11:49:52 INFO  - jmeter.threads.JMeterThread: Thread is done: Thread Group 1-9 
2017/07/21 11:49:52 INFO  - jmeter.threads.JMeterThread: Thread finished: Thread Group 1-9 
2017/07/21 11:49:53 ERROR - kg.apc.jmeter.perfmon.PerfMonCollector: Perfmon plugin error: java.net.ConnectException: Connection refused: connect 
2017/07/21 11:49:53 ERROR - kg.apc.jmeter.perfmon.PerfMonCollector: Perfmon plugin error: java.net.ConnectException: Connection refused: connect 
2017/07/21 11:49:54 ERROR - kg.apc.jmeter.perfmon.PerfMonCollector: Perfmon plugin error: java.net.ConnectException: Connection refused: connect 
2017/07/21 11:49:54 ERROR - kg.apc.jmeter.perfmon.PerfMonCollector: Perfmon plugin error: java.net.ConnectException: Connection refused: connect 
2017/07/21 11:49:55 ERROR - kg.apc.jmeter.perfmon.PerfMonCollector: Perfmon plugin error: java.net.ConnectException: Connection refused: connect 
2017/07/21 11:49:55 ERROR - kg.apc.jmeter.perfmon.PerfMonCollector: Perfmon plugin error: java.net.ConnectException: Connection refused: connect 
2017/07/21 11:49:56 ERROR - kg.apc.jmeter.perfmon.PerfMonCollector: Perfmon plugin error: java.net.ConnectException: Connection refused: connect 
2017/07/21 11:49:56 ERROR - kg.apc.jmeter.perfmon.PerfMonCollector: Perfmon plugin error: java.net.ConnectException: Connection refused: connect 
2017/07/21 11:49:57 ERROR - kg.apc.jmeter.perfmon.PerfMonCollector: Perfmon plugin error: java.net.ConnectException: Connection refused: connect 
2017/07/21 11:49:57 ERROR - kg.apc.jmeter.perfmon.PerfMonCollector: Perfmon plugin error: java.net.ConnectException: Connection refused: connect 
2017/07/21 11:49:58 ERROR - kg.apc.jmeter.perfmon.PerfMonCollector: Perfmon plugin error: java.net.ConnectException: Connection refused: connect 
2017/07/21 11:49:58 ERROR - kg.apc.jmeter.perfmon.PerfMonCollector: Perfmon plugin error: java.net.ConnectException: Connection refused: connect 
2017/07/21 11:49:59 ERROR - kg.apc.jmeter.perfmon.PerfMonCollector: Perfmon plugin error: java.net.ConnectException: Connection refused: connect 
2017/07/21 11:49:59 ERROR - kg.apc.jmeter.perfmon.PerfMonCollector: Perfmon plugin error: java.net.ConnectException: Connection refused: connect 
2017/07/21 11:50:00 INFO  - jmeter.reporters.Summariser: summary +   1183 in 00:00:25 =   48.2/s Avg:   139 Min:     3 Max: 11448 Err:     0 (0.00%) Active: 11 Started: 20 Finished: 9 
2017/07/21 11:50:00 INFO  - jmeter.reporters.Summariser: summary =   1184 in 00:00:27 =   43.4/s Avg:   140 Min:     3 Max: 11448 Err:     0 (0.00%) 
2017/07/21 11:50:00 INFO  - jmeter.threads.JMeterThread: Thread is done: Thread Group 1-10 
2017/07/21 11:50:00 INFO  - jmeter.threads.JMeterThread: Thread finished: Thread Group 1-10 
2017/07/21 11:50:00 ERROR - kg.apc.jmeter.perfmon.PerfMonCollector: Perfmon plugin error: java.net.ConnectException: Connection refused: connect 
2017/07/21 11:50:00 ERROR - kg.apc.jmeter.perfmon.PerfMonCollector: Perfmon plugin error: java.net.ConnectException: Connection refused: connect 
2017/07/21 11:50:01 ERROR - kg.apc.jmeter.perfmon.PerfMonCollector: Perfmon plugin error: java.net.ConnectException: Connection refused: connect 
2017/07/21 11:50:01 ERROR - kg.apc.jmeter.perfmon.PerfMonCollector: Perfmon plugin error: java.net.ConnectException: Connection refused: connect 
2017/07/21 11:50:02 ERROR - kg.apc.jmeter.perfmon.PerfMonCollector: Perfmon plugin error: java.net.ConnectException: Connection refused: connect 
2017/07/21 11:50:02 ERROR - kg.apc.jmeter.perfmon.PerfMonCollector: Perfmon plugin error: java.net.ConnectException: Connection refused: connect 
2017/07/21 11:50:03 ERROR - kg.apc.jmeter.perfmon.PerfMonCollector: Perfmon plugin error: java.net.ConnectException: Connection refused: connect 
2017/07/21 11:50:03 ERROR - kg.apc.jmeter.perfmon.PerfMonCollector: Perfmon plugin error: java.net.ConnectException: Connection refused: connect 
2017/07/21 11:50:04 ERROR - kg.apc.jmeter.perfmon.PerfMonCollector: Perfmon plugin error: java.net.ConnectException: Connection refused: connect 
2017/07/21 11:50:04 ERROR - kg.apc.jmeter.perfmon.PerfMonCollector: Perfmon plugin error: java.net.ConnectException: Connection refused: connect 
2017/07/21 11:50:05 ERROR - kg.apc.jmeter.perfmon.PerfMonCollector: Perfmon plugin error: java.net.ConnectException: Connection refused: connect 
2017/07/21 11:50:05 ERROR - kg.apc.jmeter.perfmon.PerfMonCollector: Perfmon plugin error: java.net.ConnectException: Connection refused: connect 
2017/07/21 11:50:06 INFO  - jmeter.threads.JMeterThread: Thread is done: Thread Group 1-12 
2017/07/21 11:50:06 INFO  - jmeter.threads.JMeterThread: Thread finished: Thread Group 1-12 
2017/07/21 11:50:06 ERROR - kg.apc.jmeter.perfmon.PerfMonCollector: Perfmon plugin error: java.net.ConnectException: Connection refused: connect 
2017/07/21 11:50:06 ERROR - kg.apc.jmeter.perfmon.PerfMonCollector: Perfmon plugin error: java.net.ConnectException: Connection refused: connect 
2017/07/21 11:50:07 INFO  - jmeter.threads.JMeterThread: Thread is done: Thread Group 1-13 
2017/07/21 11:50:07 INFO  - jmeter.threads.JMeterThread: Thread finished: Thread Group 1-13 
2017/07/21 11:50:07 ERROR - kg.apc.jmeter.perfmon.PerfMonCollector: Perfmon plugin error: java.net.ConnectException: Connection refused: connect 
2017/07/21 11:50:07 ERROR - kg.apc.jmeter.perfmon.PerfMonCollector: Perfmon plugin error: java.net.ConnectException: Connection refused: connect 
2017/07/21 11:50:07 INFO  - jmeter.threads.JMeterThread: Thread is done: Thread Group 1-11 
2017/07/21 11:50:07 INFO  - jmeter.threads.JMeterThread: Thread finished: Thread Group 1-11 
2017/07/21 11:50:07 INFO  - jmeter.threads.JMeterThread: Thread is done: Thread Group 1-15 
2017/07/21 11:50:07 INFO  - jmeter.threads.JMeterThread: Thread finished: Thread Group 1-15 
2017/07/21 11:50:07 INFO  - jmeter.threads.JMeterThread: Thread is done: Thread Group 1-14 
2017/07/21 11:50:07 INFO  - jmeter.threads.JMeterThread: Thread finished: Thread Group 1-14 
2017/07/21 11:50:08 INFO  - jmeter.threads.JMeterThread: Thread is done: Thread Group 1-17 
2017/07/21 11:50:08 INFO  - jmeter.threads.JMeterThread: Thread finished: Thread Group 1-17 
2017/07/21 11:50:08 INFO  - jmeter.threads.JMeterThread: Thread is done: Thread Group 1-18 
2017/07/21 11:50:08 INFO  - jmeter.threads.JMeterThread: Thread finished: Thread Group 1-18 
2017/07/21 11:50:08 INFO  - jmeter.threads.JMeterThread: Thread is done: Thread Group 1-16 
2017/07/21 11:50:08 INFO  - jmeter.threads.JMeterThread: Thread finished: Thread Group 1-16 
2017/07/21 11:50:08 INFO  - jmeter.threads.JMeterThread: Thread is done: Thread Group 1-20 
2017/07/21 11:50:08 INFO  - jmeter.threads.JMeterThread: Thread finished: Thread Group 1-20 
2017/07/21 11:50:08 INFO  - jmeter.threads.JMeterThread: Thread is done: Thread Group 1-19 
2017/07/21 11:50:08 INFO  - jmeter.threads.JMeterThread: Thread finished: Thread Group 1-19 
2017/07/21 11:50:08 INFO  - jmeter.engine.StandardJMeterEngine: Notifying test listeners of end of test 
2017/07/21 11:50:08 INFO  - jmeter.services.FileServer: Close: user.csv 
2017/07/21 11:50:08 INFO  - kg.apc.jmeter.PluginsCMDWorker: Using JMeterPluginsCMD v. N/A 
2017/07/21 11:50:08 WARN  - kg.apc.jmeter.JMeterPluginsUtils: JMeter env exists. No one should see this normally. 
2017/07/21 11:50:10 INFO  - kg.apc.jmeter.vizualizers.SynthesisReportGui: Saving CSV to C:\perf_project_git\EAS_4.6\Output\List_Orders\20user\JmeterResults\SynthesisReportGui.csv 
2017/07/21 11:50:10 INFO  - kg.apc.jmeter.listener.GraphsGeneratorListener: Successful generation of file C:\perf_project_git\EAS_4.6\Output\List_Orders\20user\JmeterResults\SynthesisReportGui by plugin:SynthesisReportGui 
2017/07/21 11:50:10 INFO  - kg.apc.jmeter.PluginsCMDWorker: Using JMeterPluginsCMD v. N/A 
2017/07/21 11:50:10 WARN  - kg.apc.jmeter.JMeterPluginsUtils: JMeter env exists. No one should see this normally. 
2017/07/21 11:50:10 WARN  - jorphan.gui.ObjectTableModel: Header count=13 but classes count=11 
2017/07/21 11:50:10 WARN  - jorphan.gui.ObjectTableModel: Header count=13 but writeFunctor count=11 
2017/07/21 11:50:10 INFO  - kg.apc.jmeter.vizualizers.AggregateReportGui: Saving CSV to C:\perf_project_git\EAS_4.6\Output\List_Orders\20user\JmeterResults\AggregateReportGui.csv 
2017/07/21 11:50:10 INFO  - kg.apc.jmeter.listener.GraphsGeneratorListener: Successful generation of file C:\perf_project_git\EAS_4.6\Output\List_Orders\20user\JmeterResults\AggregateReportGui by plugin:AggregateReportGui 
2017/07/21 11:50:10 INFO  - kg.apc.jmeter.PluginsCMDWorker: Using JMeterPluginsCMD v. N/A 
2017/07/21 11:50:10 WARN  - kg.apc.jmeter.JMeterPluginsUtils: JMeter env exists. No one should see this normally. 
2017/07/21 11:50:10 INFO  - kg.apc.charting.GraphPanelChart: Saving PNG to C:\perf_project_git\EAS_4.6\Output\List_Orders\20user\JmeterResults\ResponseTimesOverTime.png 
2017/07/21 11:50:11 INFO  - kg.apc.jmeter.listener.GraphsGeneratorListener: Successful generation of file C:\perf_project_git\EAS_4.6\Output\List_Orders\20user\JmeterResults\ResponseTimesOverTime by plugin:ResponseTimesOverTime 
2017/07/21 11:50:11 INFO  - kg.apc.jmeter.PluginsCMDWorker: Using JMeterPluginsCMD v. N/A 
2017/07/21 11:50:11 WARN  - kg.apc.jmeter.JMeterPluginsUtils: JMeter env exists. No one should see this normally. 
2017/07/21 11:50:11 INFO  - kg.apc.charting.GraphPanelChart: Saving PNG to C:\perf_project_git\EAS_4.6\Output\List_Orders\20user\JmeterResults\HitsPerSecond.png 
2017/07/21 11:50:11 INFO  - kg.apc.jmeter.listener.GraphsGeneratorListener: Successful generation of file C:\perf_project_git\EAS_4.6\Output\List_Orders\20user\JmeterResults\HitsPerSecond by plugin:HitsPerSecond 
2017/07/21 11:50:11 INFO  - kg.apc.jmeter.PluginsCMDWorker: Using JMeterPluginsCMD v. N/A 
2017/07/21 11:50:11 WARN  - kg.apc.jmeter.JMeterPluginsUtils: JMeter env exists. No one should see this normally. 
2017/07/21 11:50:12 INFO  - kg.apc.charting.GraphPanelChart: Saving PNG to C:\perf_project_git\EAS_4.6\Output\List_Orders\20user\JmeterResults\BytesThroughputOverTime.png 
2017/07/21 11:50:12 INFO  - kg.apc.jmeter.listener.GraphsGeneratorListener: Successful generation of file C:\perf_project_git\EAS_4.6\Output\List_Orders\20user\JmeterResults\BytesThroughputOverTime by plugin:BytesThroughputOverTime 
2017/07/21 11:50:12 INFO  - kg.apc.jmeter.PluginsCMDWorker: Using JMeterPluginsCMD v. N/A 
2017/07/21 11:50:12 WARN  - kg.apc.jmeter.JMeterPluginsUtils: JMeter env exists. No one should see this normally. 
2017/07/21 11:50:12 INFO  - kg.apc.charting.GraphPanelChart: Saving PNG to C:\perf_project_git\EAS_4.6\Output\List_Orders\20user\JmeterResults\LatenciesOverTime.png 
2017/07/21 11:50:12 INFO  - kg.apc.jmeter.listener.GraphsGeneratorListener: Successful generation of file C:\perf_project_git\EAS_4.6\Output\List_Orders\20user\JmeterResults\LatenciesOverTime by plugin:LatenciesOverTime 
2017/07/21 11:50:12 INFO  - kg.apc.jmeter.PluginsCMDWorker: Using JMeterPluginsCMD v. N/A 
2017/07/21 11:50:12 WARN  - kg.apc.jmeter.JMeterPluginsUtils: JMeter env exists. No one should see this normally. 
2017/07/21 11:50:12 INFO  - kg.apc.charting.GraphPanelChart: Saving PNG to C:\perf_project_git\EAS_4.6\Output\List_Orders\20user\JmeterResults\ResponseCodesPerSecond.png 
2017/07/21 11:50:13 INFO  - kg.apc.jmeter.listener.GraphsGeneratorListener: Successful generation of file C:\perf_project_git\EAS_4.6\Output\List_Orders\20user\JmeterResults\ResponseCodesPerSecond by plugin:ResponseCodesPerSecond 
2017/07/21 11:50:13 INFO  - kg.apc.jmeter.PluginsCMDWorker: Using JMeterPluginsCMD v. N/A 
2017/07/21 11:50:13 WARN  - kg.apc.jmeter.JMeterPluginsUtils: JMeter env exists. No one should see this normally. 
2017/07/21 11:50:13 INFO  - kg.apc.charting.GraphPanelChart: Saving PNG to C:\perf_project_git\EAS_4.6\Output\List_Orders\20user\JmeterResults\TransactionsPerSecond.png 
2017/07/21 11:50:13 INFO  - kg.apc.jmeter.listener.GraphsGeneratorListener: Successful generation of file C:\perf_project_git\EAS_4.6\Output\List_Orders\20user\JmeterResults\TransactionsPerSecond by plugin:TransactionsPerSecond 
2017/07/21 11:50:13 INFO  - kg.apc.jmeter.PluginsCMDWorker: Using JMeterPluginsCMD v. N/A 
2017/07/21 11:50:13 WARN  - kg.apc.jmeter.JMeterPluginsUtils: JMeter env exists. No one should see this normally. 
2017/07/21 11:50:13 INFO  - kg.apc.charting.GraphPanelChart: Saving PNG to C:\perf_project_git\EAS_4.6\Output\List_Orders\20user\JmeterResults\ResponseTimesDistribution.png 
2017/07/21 11:50:13 INFO  - kg.apc.jmeter.listener.GraphsGeneratorListener: Successful generation of file C:\perf_project_git\EAS_4.6\Output\List_Orders\20user\JmeterResults\ResponseTimesDistribution by plugin:ResponseTimesDistribution 
2017/07/21 11:50:13 INFO  - kg.apc.jmeter.PluginsCMDWorker: Using JMeterPluginsCMD v. N/A 
2017/07/21 11:50:13 WARN  - kg.apc.jmeter.JMeterPluginsUtils: JMeter env exists. No one should see this normally. 
2017/07/21 11:50:14 INFO  - kg.apc.charting.GraphPanelChart: Saving PNG to C:\perf_project_git\EAS_4.6\Output\List_Orders\20user\JmeterResults\ResponseTimesPercentiles.png 
2017/07/21 11:50:14 INFO  - kg.apc.jmeter.listener.GraphsGeneratorListener: Successful generation of file C:\perf_project_git\EAS_4.6\Output\List_Orders\20user\JmeterResults\ResponseTimesPercentiles by plugin:ResponseTimesPercentiles 
2017/07/21 11:50:14 INFO  - kg.apc.jmeter.PluginsCMDWorker: Using JMeterPluginsCMD v. N/A 
2017/07/21 11:50:14 WARN  - kg.apc.jmeter.JMeterPluginsUtils: JMeter env exists. No one should see this normally. 
2017/07/21 11:50:14 INFO  - kg.apc.charting.GraphPanelChart: Saving PNG to C:\perf_project_git\EAS_4.6\Output\List_Orders\20user\JmeterResults\ThreadsStateOverTime.png 
2017/07/21 11:50:14 INFO  - kg.apc.jmeter.listener.GraphsGeneratorListener: Successful generation of file C:\perf_project_git\EAS_4.6\Output\List_Orders\20user\JmeterResults\ThreadsStateOverTime by plugin:ThreadsStateOverTime 
2017/07/21 11:50:14 INFO  - kg.apc.jmeter.PluginsCMDWorker: Using JMeterPluginsCMD v. N/A 
2017/07/21 11:50:14 WARN  - kg.apc.jmeter.JMeterPluginsUtils: JMeter env exists. No one should see this normally. 
2017/07/21 11:50:15 INFO  - kg.apc.charting.GraphPanelChart: Saving PNG to C:\perf_project_git\EAS_4.6\Output\List_Orders\20user\JmeterResults\TimesVsThreads.png 
2017/07/21 11:50:15 INFO  - kg.apc.jmeter.listener.GraphsGeneratorListener: Successful generation of file C:\perf_project_git\EAS_4.6\Output\List_Orders\20user\JmeterResults\TimesVsThreads by plugin:TimesVsThreads 
2017/07/21 11:50:15 INFO  - kg.apc.jmeter.PluginsCMDWorker: Using JMeterPluginsCMD v. N/A 
2017/07/21 11:50:15 WARN  - kg.apc.jmeter.JMeterPluginsUtils: JMeter env exists. No one should see this normally. 
2017/07/21 11:50:15 INFO  - kg.apc.charting.GraphPanelChart: Saving PNG to C:\perf_project_git\EAS_4.6\Output\List_Orders\20user\JmeterResults\ThroughputVsThreads.png 
2017/07/21 11:50:16 INFO  - kg.apc.jmeter.listener.GraphsGeneratorListener: Successful generation of file C:\perf_project_git\EAS_4.6\Output\List_Orders\20user\JmeterResults\ThroughputVsThreads by plugin:ThroughputVsThreads 
2017/07/21 11:50:16 INFO  - jmeter.reporters.Summariser: summary +    256 in 00:00:16 =   16.0/s Avg:   497 Min:     3 Max: 16895 Err:     0 (0.00%) Active: 0 Started: 20 Finished: 20 
2017/07/21 11:50:16 INFO  - jmeter.reporters.Summariser: summary =   1440 in 00:00:43 =   33.3/s Avg:   204 Min:     3 Max: 16895 Err:     0 (0.00%) 
