2017/06/12 19:24:11 INFO  - jmeter.util.JMeterUtils: Setting Locale to en_US 
2017/06/12 19:24:11 INFO  - jmeter.JMeter: Loading user properties from: C:\Users\Administrator\Desktop\apache-jmeter-3.1\apache-jmeter-3.1\bin\user.properties 
2017/06/12 19:24:11 INFO  - jmeter.JMeter: Loading system properties from: C:\Users\Administrator\Desktop\apache-jmeter-3.1\apache-jmeter-3.1\bin\system.properties 
2017/06/12 19:24:11 INFO  - jmeter.JMeter: Copyright (c) 1998-2016 The Apache Software Foundation 
2017/06/12 19:24:11 INFO  - jmeter.JMeter: Version 3.1 r1770033 
2017/06/12 19:24:11 INFO  - jmeter.JMeter: java.version=1.7.0_60 
2017/06/12 19:24:11 INFO  - jmeter.JMeter: java.vm.name=Java HotSpot(TM) 64-Bit Server VM 
2017/06/12 19:24:11 INFO  - jmeter.JMeter: os.name=Windows Server 2012 R2 
2017/06/12 19:24:11 INFO  - jmeter.JMeter: os.arch=amd64 
2017/06/12 19:24:11 INFO  - jmeter.JMeter: os.version=6.3 
2017/06/12 19:24:11 INFO  - jmeter.JMeter: file.encoding=Cp1252 
2017/06/12 19:24:11 INFO  - jmeter.JMeter: Max memory     =523763712 
2017/06/12 19:24:11 INFO  - jmeter.JMeter: Available Processors =4 
2017/06/12 19:24:11 INFO  - jmeter.JMeter: Default Locale=English (United States) 
2017/06/12 19:24:11 INFO  - jmeter.JMeter: JMeter  Locale=English (United States) 
2017/06/12 19:24:11 INFO  - jmeter.JMeter: JMeterHome=C:\Users\Administrator\Desktop\apache-jmeter-3.1\apache-jmeter-3.1 
2017/06/12 19:24:11 INFO  - jmeter.JMeter: user.dir  =C:\perf_project_git\EAS_4.6\Jmeter_scripts\Order_Search_from_SP_byOrder_Id\30users 
2017/06/12 19:24:11 INFO  - jmeter.JMeter: PWD       =C:\perf_project_git\EAS_4.6\Jmeter_scripts\Order_Search_from_SP_byOrder_Id\30users 
2017/06/12 19:24:11 INFO  - jmeter.JMeter: IP: 10.10.3.15 Name: ESCM-APP FullName: ESCM-APP 
2017/06/12 19:24:11 INFO  - jmeter.services.FileServer: Default base='C:\perf_project_git\EAS_4.6\Jmeter_scripts\Order_Search_from_SP_byOrder_Id\30users' 
2017/06/12 19:24:11 INFO  - jmeter.services.FileServer: Set new base='C:\perf_project_git\EAS_4.6\Jmeter_scripts\Order_Search_from_SP_byOrder_Id\30users' 
2017/06/12 19:24:12 INFO  - jmeter.save.SaveService: Testplan (JMX) version: 2.2. Testlog (JTL) version: 2.2 
2017/06/12 19:24:12 INFO  - jmeter.save.SaveService: Using SaveService properties file encoding UTF-8 
2017/06/12 19:24:12 INFO  - jmeter.save.SaveService: Using SaveService properties version 3.1 
2017/06/12 19:24:12 INFO  - jmeter.save.SaveService: All converter versions present and correct 
2017/06/12 19:24:12 INFO  - jmeter.save.SaveService: Loading file: Search_Order_by_OdreIdBySP.jmx 
2017/06/12 19:24:12 INFO  - jmeter.protocol.http.control.CacheManager: Will only cache the following methods: [GET] 
2017/06/12 19:24:12 INFO  - jmeter.protocol.http.control.CookieManager: Settings: Delete null: true Check: true Allow variable: true Save: false Prefix: COOKIE_ 
2017/06/12 19:24:12 INFO  - jmeter.protocol.http.sampler.HTTPSamplerBase: Parser for text/html is org.apache.jmeter.protocol.http.parser.LagartoBasedHtmlParser 
2017/06/12 19:24:12 INFO  - jmeter.protocol.http.sampler.HTTPSamplerBase: Parser for application/xhtml+xml is org.apache.jmeter.protocol.http.parser.LagartoBasedHtmlParser 
2017/06/12 19:24:12 INFO  - jmeter.protocol.http.sampler.HTTPSamplerBase: Parser for application/xml is org.apache.jmeter.protocol.http.parser.LagartoBasedHtmlParser 
2017/06/12 19:24:12 INFO  - jmeter.protocol.http.sampler.HTTPSamplerBase: Parser for text/xml is org.apache.jmeter.protocol.http.parser.LagartoBasedHtmlParser 
2017/06/12 19:24:12 INFO  - jmeter.protocol.http.sampler.HTTPSamplerBase: Parser for text/vnd.wap.wml is org.apache.jmeter.protocol.http.parser.RegexpHTMLParser 
2017/06/12 19:24:12 INFO  - jmeter.protocol.http.sampler.HTTPSamplerBase: Parser for text/css is org.apache.jmeter.protocol.http.parser.CssParser 
2017/06/12 19:24:14 INFO  - jmeter.JMeter: Creating summariser <summary> 
2017/06/12 19:24:14 INFO  - jmeter.engine.StandardJMeterEngine: Running the test! 
2017/06/12 19:24:14 INFO  - jmeter.samplers.SampleEvent: List of sample_variables: [] 
2017/06/12 19:24:14 INFO  - jmeter.samplers.SampleEvent: List of sample_variables: [] 
2017/06/12 19:24:14 INFO  - jmeter.engine.util.CompoundVariable: Note: Function class names must contain the string: '.functions.' 
2017/06/12 19:24:14 INFO  - jmeter.engine.util.CompoundVariable: Note: Function class names must not contain the string: '.gui.' 
2017/06/12 19:24:15 INFO  - jmeter.JMeter: Running test (1497275655190) 
2017/06/12 19:24:15 INFO  - jmeter.engine.StandardJMeterEngine: Starting ThreadGroup: 1 : Thread Group 
2017/06/12 19:24:15 INFO  - jmeter.engine.StandardJMeterEngine: Starting 30 threads for group Thread Group. 
2017/06/12 19:24:15 INFO  - jmeter.engine.StandardJMeterEngine: Thread will continue on error 
2017/06/12 19:24:15 INFO  - jmeter.threads.ThreadGroup: Starting thread group number 1 threads 30 ramp-up 30 perThread 1000.0 delayedStart=false 
2017/06/12 19:24:15 INFO  - jmeter.samplers.SampleResult: Note: Sample TimeStamps are START times 
2017/06/12 19:24:15 INFO  - jmeter.samplers.SampleResult: sampleresult.default.encoding is set to ISO-8859-1 
2017/06/12 19:24:15 INFO  - jmeter.samplers.SampleResult: sampleresult.useNanoTime=true 
2017/06/12 19:24:15 INFO  - jmeter.samplers.SampleResult: sampleresult.nanoThreadSleep=5000 
2017/06/12 19:24:15 INFO  - jmeter.threads.JMeterThread: Thread started: Thread Group 1-1 
2017/06/12 19:24:15 INFO  - jmeter.protocol.http.sampler.HTTPHCAbstractImpl: Local host = ESCM-APP 
2017/06/12 19:24:15 INFO  - jmeter.protocol.http.sampler.HTTPHC4Impl: HTTP request retry count = 0 
2017/06/12 19:24:16 INFO  - jmeter.threads.ThreadGroup: Started thread group number 1 
2017/06/12 19:24:16 INFO  - jmeter.engine.StandardJMeterEngine: All thread groups have been started 
2017/06/12 19:24:17 INFO  - jmeter.threads.JMeterThread: Thread started: Thread Group 1-2 
2017/06/12 19:24:17 INFO  - jmeter.services.FileServer: Stored: username.csv 
2017/06/12 19:24:18 INFO  - jmeter.threads.JMeterThread: Thread started: Thread Group 1-3 
2017/06/12 19:24:19 INFO  - jmeter.threads.JMeterThread: Thread started: Thread Group 1-4 
2017/06/12 19:24:20 INFO  - jmeter.threads.JMeterThread: Thread started: Thread Group 1-5 
2017/06/12 19:24:21 INFO  - jmeter.threads.JMeterThread: Thread started: Thread Group 1-6 
2017/06/12 19:24:22 INFO  - jmeter.threads.JMeterThread: Thread started: Thread Group 1-7 
2017/06/12 19:24:23 INFO  - jmeter.threads.JMeterThread: Thread started: Thread Group 1-8 
2017/06/12 19:24:24 INFO  - jmeter.threads.JMeterThread: Thread started: Thread Group 1-9 
2017/06/12 19:24:25 INFO  - jmeter.threads.JMeterThread: Thread started: Thread Group 1-10 
2017/06/12 19:24:26 INFO  - jmeter.threads.JMeterThread: Thread started: Thread Group 1-11 
2017/06/12 19:24:27 INFO  - jmeter.threads.JMeterThread: Thread started: Thread Group 1-12 
2017/06/12 19:24:28 INFO  - jmeter.threads.JMeterThread: Thread started: Thread Group 1-13 
2017/06/12 19:24:29 INFO  - jmeter.threads.JMeterThread: Thread started: Thread Group 1-14 
2017/06/12 19:24:30 INFO  - jmeter.reporters.Summariser: summary +    206 in 00:00:15 =   13.9/s Avg:    29 Min:     2 Max:   606 Err:    14 (6.80%) Active: 14 Started: 14 Finished: 0 
2017/06/12 19:24:30 INFO  - jmeter.threads.JMeterThread: Thread started: Thread Group 1-15 
2017/06/12 19:24:31 INFO  - jmeter.threads.JMeterThread: Thread started: Thread Group 1-16 
2017/06/12 19:24:32 INFO  - jmeter.threads.JMeterThread: Thread started: Thread Group 1-17 
2017/06/12 19:24:33 INFO  - jmeter.threads.JMeterThread: Thread started: Thread Group 1-18 
2017/06/12 19:24:34 INFO  - jmeter.threads.JMeterThread: Thread started: Thread Group 1-19 
2017/06/12 19:24:35 INFO  - jmeter.threads.JMeterThread: Thread started: Thread Group 1-20 
2017/06/12 19:24:36 INFO  - jmeter.threads.JMeterThread: Thread started: Thread Group 1-21 
2017/06/12 19:24:37 INFO  - jmeter.threads.JMeterThread: Thread started: Thread Group 1-22 
2017/06/12 19:24:38 INFO  - jmeter.threads.JMeterThread: Thread started: Thread Group 1-23 
2017/06/12 19:24:39 INFO  - jmeter.threads.JMeterThread: Thread started: Thread Group 1-24 
2017/06/12 19:24:40 INFO  - jmeter.threads.JMeterThread: Thread started: Thread Group 1-25 
2017/06/12 19:24:41 INFO  - jmeter.threads.JMeterThread: Thread started: Thread Group 1-26 
2017/06/12 19:24:42 INFO  - jmeter.threads.JMeterThread: Thread started: Thread Group 1-27 
2017/06/12 19:24:43 INFO  - jmeter.threads.JMeterThread: Thread started: Thread Group 1-28 
2017/06/12 19:24:44 INFO  - jmeter.threads.JMeterThread: Thread started: Thread Group 1-29 
2017/06/12 19:24:45 INFO  - jmeter.threads.JMeterThread: Thread started: Thread Group 1-30 
2017/06/12 19:25:00 INFO  - jmeter.reporters.Summariser: summary +    435 in 00:00:30 =   14.5/s Avg:   166 Min:     2 Max: 13828 Err:    16 (3.68%) Active: 30 Started: 30 Finished: 0 
2017/06/12 19:25:00 INFO  - jmeter.reporters.Summariser: summary =    641 in 00:00:45 =   14.3/s Avg:   122 Min:     2 Max: 13828 Err:    30 (4.68%) 
2017/06/12 19:25:26 INFO  - jmeter.services.FileServer: Stored: order_id.csv 
2017/06/12 19:25:26 WARN  - jmeter.timers.SyncTimer: SyncTimer Synchronizing Timer timeouted waiting for users after:1ms 
2017/06/12 19:25:26 WARN  - jmeter.timers.SyncTimer: SyncTimer Synchronizing Timer timeouted waiting for users after:1ms 
2017/06/12 19:25:26 WARN  - jmeter.timers.SyncTimer: SyncTimer Synchronizing Timer timeouted waiting for users after:1ms 
2017/06/12 19:25:26 WARN  - jmeter.timers.SyncTimer: SyncTimer Synchronizing Timer timeouted waiting for users after:1ms 
2017/06/12 19:25:27 WARN  - jmeter.timers.SyncTimer: SyncTimer Synchronizing Timer timeouted waiting for users after:1ms 
2017/06/12 19:25:27 WARN  - jmeter.timers.SyncTimer: SyncTimer Synchronizing Timer timeouted waiting for users after:1ms 
2017/06/12 19:25:28 WARN  - jmeter.timers.SyncTimer: SyncTimer Synchronizing Timer timeouted waiting for users after:1ms 
2017/06/12 19:25:28 WARN  - jmeter.timers.SyncTimer: SyncTimer Synchronizing Timer timeouted waiting for users after:1ms 
2017/06/12 19:25:28 WARN  - jmeter.timers.SyncTimer: SyncTimer Synchronizing Timer timeouted waiting for users after:1ms 
2017/06/12 19:25:28 WARN  - jmeter.timers.SyncTimer: SyncTimer Synchronizing Timer timeouted waiting for users after:1ms 
2017/06/12 19:25:28 WARN  - jmeter.timers.SyncTimer: SyncTimer Synchronizing Timer timeouted waiting for users after:1ms 
2017/06/12 19:25:29 WARN  - jmeter.timers.SyncTimer: SyncTimer Synchronizing Timer timeouted waiting for users after:1ms 
2017/06/12 19:25:29 WARN  - jmeter.timers.SyncTimer: SyncTimer Synchronizing Timer timeouted waiting for users after:1ms 
2017/06/12 19:25:29 WARN  - jmeter.timers.SyncTimer: SyncTimer Synchronizing Timer timeouted waiting for users after:1ms 
2017/06/12 19:25:29 WARN  - jmeter.timers.SyncTimer: SyncTimer Synchronizing Timer timeouted waiting for users after:1ms 
2017/06/12 19:25:30 INFO  - jmeter.reporters.Summariser: summary +   2091 in 00:00:30 =   69.7/s Avg:   501 Min:     2 Max: 19122 Err:     0 (0.00%) Active: 30 Started: 30 Finished: 0 
2017/06/12 19:25:30 INFO  - jmeter.reporters.Summariser: summary =   2732 in 00:01:15 =   36.5/s Avg:   412 Min:     2 Max: 19122 Err:    30 (1.10%) 
2017/06/12 19:25:30 WARN  - jmeter.timers.SyncTimer: SyncTimer Synchronizing Timer timeouted waiting for users after:1ms 
2017/06/12 19:25:30 WARN  - jmeter.timers.SyncTimer: SyncTimer Synchronizing Timer timeouted waiting for users after:1ms 
2017/06/12 19:25:30 WARN  - jmeter.timers.SyncTimer: SyncTimer Synchronizing Timer timeouted waiting for users after:1ms 
2017/06/12 19:25:32 WARN  - jmeter.timers.SyncTimer: SyncTimer Synchronizing Timer timeouted waiting for users after:1ms 
2017/06/12 19:25:32 WARN  - jmeter.timers.SyncTimer: SyncTimer Synchronizing Timer timeouted waiting for users after:1ms 
2017/06/12 19:25:33 WARN  - jmeter.timers.SyncTimer: SyncTimer Synchronizing Timer timeouted waiting for users after:1ms 
2017/06/12 19:25:33 WARN  - jmeter.timers.SyncTimer: SyncTimer Synchronizing Timer timeouted waiting for users after:1ms 
2017/06/12 19:25:33 WARN  - jmeter.timers.SyncTimer: SyncTimer Synchronizing Timer timeouted waiting for users after:1ms 
2017/06/12 19:25:34 WARN  - jmeter.timers.SyncTimer: SyncTimer Synchronizing Timer timeouted waiting for users after:1ms 
2017/06/12 19:25:34 WARN  - jmeter.timers.SyncTimer: SyncTimer Synchronizing Timer timeouted waiting for users after:1ms 
2017/06/12 19:25:34 WARN  - jmeter.timers.SyncTimer: SyncTimer Synchronizing Timer timeouted waiting for users after:1ms 
2017/06/12 19:25:34 INFO  - jmeter.threads.JMeterThread: Thread is done: Thread Group 1-3 
2017/06/12 19:25:34 INFO  - jmeter.threads.JMeterThread: Thread finished: Thread Group 1-3 
2017/06/12 19:25:34 WARN  - jmeter.timers.SyncTimer: SyncTimer Synchronizing Timer timeouted waiting for users after:1ms 
2017/06/12 19:25:35 INFO  - jmeter.threads.JMeterThread: Thread is done: Thread Group 1-6 
2017/06/12 19:25:35 INFO  - jmeter.threads.JMeterThread: Thread finished: Thread Group 1-6 
2017/06/12 19:25:35 INFO  - jmeter.threads.JMeterThread: Thread is done: Thread Group 1-29 
2017/06/12 19:25:35 INFO  - jmeter.threads.JMeterThread: Thread finished: Thread Group 1-29 
2017/06/12 19:25:35 INFO  - jmeter.threads.JMeterThread: Thread is done: Thread Group 1-21 
2017/06/12 19:25:35 INFO  - jmeter.threads.JMeterThread: Thread finished: Thread Group 1-21 
2017/06/12 19:25:35 INFO  - jmeter.threads.JMeterThread: Thread is done: Thread Group 1-23 
2017/06/12 19:25:35 INFO  - jmeter.threads.JMeterThread: Thread finished: Thread Group 1-23 
2017/06/12 19:25:35 INFO  - jmeter.threads.JMeterThread: Thread is done: Thread Group 1-4 
2017/06/12 19:25:35 INFO  - jmeter.threads.JMeterThread: Thread finished: Thread Group 1-4 
2017/06/12 19:25:35 INFO  - jmeter.threads.JMeterThread: Thread is done: Thread Group 1-24 
2017/06/12 19:25:35 INFO  - jmeter.threads.JMeterThread: Thread finished: Thread Group 1-24 
2017/06/12 19:25:35 INFO  - jmeter.threads.JMeterThread: Thread is done: Thread Group 1-26 
2017/06/12 19:25:35 INFO  - jmeter.threads.JMeterThread: Thread finished: Thread Group 1-26 
2017/06/12 19:25:35 INFO  - jmeter.threads.JMeterThread: Thread is done: Thread Group 1-25 
2017/06/12 19:25:35 INFO  - jmeter.threads.JMeterThread: Thread finished: Thread Group 1-25 
2017/06/12 19:25:35 INFO  - jmeter.threads.JMeterThread: Thread is done: Thread Group 1-15 
2017/06/12 19:25:35 INFO  - jmeter.threads.JMeterThread: Thread finished: Thread Group 1-15 
2017/06/12 19:25:35 INFO  - jmeter.threads.JMeterThread: Thread is done: Thread Group 1-27 
2017/06/12 19:25:35 INFO  - jmeter.threads.JMeterThread: Thread finished: Thread Group 1-27 
2017/06/12 19:25:36 WARN  - jmeter.timers.SyncTimer: SyncTimer Synchronizing Timer timeouted waiting for users after:1ms 
2017/06/12 19:25:36 INFO  - jmeter.threads.JMeterThread: Thread is done: Thread Group 1-19 
2017/06/12 19:25:36 INFO  - jmeter.threads.JMeterThread: Thread finished: Thread Group 1-19 
2017/06/12 19:25:36 WARN  - jmeter.timers.SyncTimer: SyncTimer Synchronizing Timer timeouted waiting for users after:1ms 
2017/06/12 19:25:37 WARN  - jmeter.timers.SyncTimer: SyncTimer Synchronizing Timer timeouted waiting for users after:1ms 
2017/06/12 19:25:40 INFO  - jmeter.threads.JMeterThread: Thread is done: Thread Group 1-12 
2017/06/12 19:25:40 INFO  - jmeter.threads.JMeterThread: Thread finished: Thread Group 1-12 
2017/06/12 19:25:40 INFO  - jmeter.threads.JMeterThread: Thread is done: Thread Group 1-20 
2017/06/12 19:25:40 INFO  - jmeter.threads.JMeterThread: Thread finished: Thread Group 1-20 
2017/06/12 19:25:40 INFO  - jmeter.threads.JMeterThread: Thread is done: Thread Group 1-9 
2017/06/12 19:25:40 INFO  - jmeter.threads.JMeterThread: Thread finished: Thread Group 1-9 
2017/06/12 19:25:40 INFO  - jmeter.threads.JMeterThread: Thread is done: Thread Group 1-14 
2017/06/12 19:25:40 INFO  - jmeter.threads.JMeterThread: Thread finished: Thread Group 1-14 
2017/06/12 19:25:41 INFO  - jmeter.threads.JMeterThread: Thread is done: Thread Group 1-10 
2017/06/12 19:25:41 INFO  - jmeter.threads.JMeterThread: Thread finished: Thread Group 1-10 
2017/06/12 19:25:41 INFO  - jmeter.threads.JMeterThread: Thread is done: Thread Group 1-11 
2017/06/12 19:25:41 INFO  - jmeter.threads.JMeterThread: Thread finished: Thread Group 1-11 
2017/06/12 19:25:41 INFO  - jmeter.threads.JMeterThread: Thread is done: Thread Group 1-2 
2017/06/12 19:25:41 INFO  - jmeter.threads.JMeterThread: Thread finished: Thread Group 1-2 
2017/06/12 19:25:41 INFO  - jmeter.threads.JMeterThread: Thread is done: Thread Group 1-8 
2017/06/12 19:25:41 INFO  - jmeter.threads.JMeterThread: Thread finished: Thread Group 1-8 
2017/06/12 19:25:41 INFO  - jmeter.threads.JMeterThread: Thread is done: Thread Group 1-7 
2017/06/12 19:25:41 INFO  - jmeter.threads.JMeterThread: Thread finished: Thread Group 1-7 
2017/06/12 19:25:41 INFO  - jmeter.threads.JMeterThread: Thread is done: Thread Group 1-1 
2017/06/12 19:25:41 INFO  - jmeter.threads.JMeterThread: Thread finished: Thread Group 1-1 
2017/06/12 19:25:41 INFO  - jmeter.threads.JMeterThread: Thread is done: Thread Group 1-5 
2017/06/12 19:25:41 INFO  - jmeter.threads.JMeterThread: Thread finished: Thread Group 1-5 
2017/06/12 19:25:41 INFO  - jmeter.threads.JMeterThread: Thread is done: Thread Group 1-17 
2017/06/12 19:25:41 INFO  - jmeter.threads.JMeterThread: Thread finished: Thread Group 1-17 
2017/06/12 19:25:41 INFO  - jmeter.threads.JMeterThread: Thread is done: Thread Group 1-18 
2017/06/12 19:25:41 INFO  - jmeter.threads.JMeterThread: Thread finished: Thread Group 1-18 
2017/06/12 19:25:41 INFO  - jmeter.threads.JMeterThread: Thread is done: Thread Group 1-13 
2017/06/12 19:25:41 INFO  - jmeter.threads.JMeterThread: Thread finished: Thread Group 1-13 
2017/06/12 19:25:41 INFO  - jmeter.threads.JMeterThread: Thread is done: Thread Group 1-30 
2017/06/12 19:25:41 INFO  - jmeter.threads.JMeterThread: Thread finished: Thread Group 1-30 
2017/06/12 19:25:41 INFO  - jmeter.threads.JMeterThread: Thread is done: Thread Group 1-22 
2017/06/12 19:25:41 INFO  - jmeter.threads.JMeterThread: Thread finished: Thread Group 1-22 
2017/06/12 19:25:41 INFO  - jmeter.threads.JMeterThread: Thread is done: Thread Group 1-16 
2017/06/12 19:25:41 INFO  - jmeter.threads.JMeterThread: Thread finished: Thread Group 1-16 
2017/06/12 19:25:41 INFO  - jmeter.threads.JMeterThread: Thread is done: Thread Group 1-28 
2017/06/12 19:25:41 INFO  - jmeter.threads.JMeterThread: Thread finished: Thread Group 1-28 
2017/06/12 19:25:41 INFO  - jmeter.engine.StandardJMeterEngine: Notifying test listeners of end of test 
2017/06/12 19:25:41 INFO  - jmeter.services.FileServer: Close: username.csv 
2017/06/12 19:25:41 INFO  - jmeter.services.FileServer: Close: order_id.csv 
2017/06/12 19:25:41 INFO  - kg.apc.jmeter.PluginsCMDWorker: Using JMeterPluginsCMD v. N/A 
2017/06/12 19:25:41 WARN  - kg.apc.jmeter.JMeterPluginsUtils: JMeter env exists. No one should see this normally. 
2017/06/12 19:25:42 INFO  - kg.apc.jmeter.vizualizers.SynthesisReportGui: Saving CSV to C:\perf_project_git\EAS_4.6\Output\30user\JmeterResults\SynthesisReportGui.csv 
2017/06/12 19:25:42 INFO  - kg.apc.jmeter.listener.GraphsGeneratorListener: Successful generation of file C:\perf_project_git\EAS_4.6\Output\30user\JmeterResults\SynthesisReportGui by plugin:SynthesisReportGui 
2017/06/12 19:25:42 INFO  - kg.apc.jmeter.PluginsCMDWorker: Using JMeterPluginsCMD v. N/A 
2017/06/12 19:25:42 WARN  - kg.apc.jmeter.JMeterPluginsUtils: JMeter env exists. No one should see this normally. 
2017/06/12 19:25:43 WARN  - jorphan.gui.ObjectTableModel: Header count=13 but classes count=11 
2017/06/12 19:25:43 WARN  - jorphan.gui.ObjectTableModel: Header count=13 but writeFunctor count=11 
2017/06/12 19:25:43 INFO  - kg.apc.jmeter.vizualizers.AggregateReportGui: Saving CSV to C:\perf_project_git\EAS_4.6\Output\30user\JmeterResults\AggregateReportGui.csv 
2017/06/12 19:25:43 INFO  - kg.apc.jmeter.listener.GraphsGeneratorListener: Successful generation of file C:\perf_project_git\EAS_4.6\Output\30user\JmeterResults\AggregateReportGui by plugin:AggregateReportGui 
2017/06/12 19:25:43 INFO  - kg.apc.jmeter.PluginsCMDWorker: Using JMeterPluginsCMD v. N/A 
2017/06/12 19:25:43 WARN  - kg.apc.jmeter.JMeterPluginsUtils: JMeter env exists. No one should see this normally. 
2017/06/12 19:25:43 INFO  - kg.apc.charting.GraphPanelChart: Saving PNG to C:\perf_project_git\EAS_4.6\Output\30user\JmeterResults\ResponseTimesOverTime.png 
2017/06/12 19:25:44 INFO  - kg.apc.jmeter.listener.GraphsGeneratorListener: Successful generation of file C:\perf_project_git\EAS_4.6\Output\30user\JmeterResults\ResponseTimesOverTime by plugin:ResponseTimesOverTime 
2017/06/12 19:25:44 INFO  - kg.apc.jmeter.PluginsCMDWorker: Using JMeterPluginsCMD v. N/A 
2017/06/12 19:25:44 WARN  - kg.apc.jmeter.JMeterPluginsUtils: JMeter env exists. No one should see this normally. 
2017/06/12 19:25:44 INFO  - kg.apc.charting.GraphPanelChart: Saving PNG to C:\perf_project_git\EAS_4.6\Output\30user\JmeterResults\HitsPerSecond.png 
2017/06/12 19:25:44 INFO  - kg.apc.jmeter.listener.GraphsGeneratorListener: Successful generation of file C:\perf_project_git\EAS_4.6\Output\30user\JmeterResults\HitsPerSecond by plugin:HitsPerSecond 
2017/06/12 19:25:44 INFO  - kg.apc.jmeter.PluginsCMDWorker: Using JMeterPluginsCMD v. N/A 
2017/06/12 19:25:44 WARN  - kg.apc.jmeter.JMeterPluginsUtils: JMeter env exists. No one should see this normally. 
2017/06/12 19:25:44 INFO  - kg.apc.charting.GraphPanelChart: Saving PNG to C:\perf_project_git\EAS_4.6\Output\30user\JmeterResults\BytesThroughputOverTime.png 
2017/06/12 19:25:45 INFO  - kg.apc.jmeter.listener.GraphsGeneratorListener: Successful generation of file C:\perf_project_git\EAS_4.6\Output\30user\JmeterResults\BytesThroughputOverTime by plugin:BytesThroughputOverTime 
2017/06/12 19:25:45 INFO  - kg.apc.jmeter.PluginsCMDWorker: Using JMeterPluginsCMD v. N/A 
2017/06/12 19:25:45 WARN  - kg.apc.jmeter.JMeterPluginsUtils: JMeter env exists. No one should see this normally. 
2017/06/12 19:25:45 INFO  - kg.apc.charting.GraphPanelChart: Saving PNG to C:\perf_project_git\EAS_4.6\Output\30user\JmeterResults\LatenciesOverTime.png 
2017/06/12 19:25:45 INFO  - kg.apc.jmeter.listener.GraphsGeneratorListener: Successful generation of file C:\perf_project_git\EAS_4.6\Output\30user\JmeterResults\LatenciesOverTime by plugin:LatenciesOverTime 
2017/06/12 19:25:45 INFO  - kg.apc.jmeter.PluginsCMDWorker: Using JMeterPluginsCMD v. N/A 
2017/06/12 19:25:45 WARN  - kg.apc.jmeter.JMeterPluginsUtils: JMeter env exists. No one should see this normally. 
2017/06/12 19:25:45 INFO  - kg.apc.charting.GraphPanelChart: Saving PNG to C:\perf_project_git\EAS_4.6\Output\30user\JmeterResults\ResponseCodesPerSecond.png 
2017/06/12 19:25:45 INFO  - kg.apc.jmeter.listener.GraphsGeneratorListener: Successful generation of file C:\perf_project_git\EAS_4.6\Output\30user\JmeterResults\ResponseCodesPerSecond by plugin:ResponseCodesPerSecond 
2017/06/12 19:25:45 INFO  - kg.apc.jmeter.PluginsCMDWorker: Using JMeterPluginsCMD v. N/A 
2017/06/12 19:25:45 WARN  - kg.apc.jmeter.JMeterPluginsUtils: JMeter env exists. No one should see this normally. 
2017/06/12 19:25:46 INFO  - kg.apc.charting.GraphPanelChart: Saving PNG to C:\perf_project_git\EAS_4.6\Output\30user\JmeterResults\TransactionsPerSecond.png 
2017/06/12 19:25:46 INFO  - kg.apc.jmeter.listener.GraphsGeneratorListener: Successful generation of file C:\perf_project_git\EAS_4.6\Output\30user\JmeterResults\TransactionsPerSecond by plugin:TransactionsPerSecond 
2017/06/12 19:25:46 INFO  - kg.apc.jmeter.PluginsCMDWorker: Using JMeterPluginsCMD v. N/A 
2017/06/12 19:25:46 WARN  - kg.apc.jmeter.JMeterPluginsUtils: JMeter env exists. No one should see this normally. 
2017/06/12 19:25:46 INFO  - kg.apc.charting.GraphPanelChart: Saving PNG to C:\perf_project_git\EAS_4.6\Output\30user\JmeterResults\ResponseTimesDistribution.png 
2017/06/12 19:25:46 INFO  - kg.apc.jmeter.listener.GraphsGeneratorListener: Successful generation of file C:\perf_project_git\EAS_4.6\Output\30user\JmeterResults\ResponseTimesDistribution by plugin:ResponseTimesDistribution 
2017/06/12 19:25:46 INFO  - kg.apc.jmeter.PluginsCMDWorker: Using JMeterPluginsCMD v. N/A 
2017/06/12 19:25:46 WARN  - kg.apc.jmeter.JMeterPluginsUtils: JMeter env exists. No one should see this normally. 
2017/06/12 19:25:47 INFO  - kg.apc.charting.GraphPanelChart: Saving PNG to C:\perf_project_git\EAS_4.6\Output\30user\JmeterResults\ResponseTimesPercentiles.png 
2017/06/12 19:25:47 INFO  - kg.apc.jmeter.listener.GraphsGeneratorListener: Successful generation of file C:\perf_project_git\EAS_4.6\Output\30user\JmeterResults\ResponseTimesPercentiles by plugin:ResponseTimesPercentiles 
2017/06/12 19:25:47 INFO  - kg.apc.jmeter.PluginsCMDWorker: Using JMeterPluginsCMD v. N/A 
2017/06/12 19:25:47 WARN  - kg.apc.jmeter.JMeterPluginsUtils: JMeter env exists. No one should see this normally. 
2017/06/12 19:25:47 INFO  - kg.apc.charting.GraphPanelChart: Saving PNG to C:\perf_project_git\EAS_4.6\Output\30user\JmeterResults\ThreadsStateOverTime.png 
2017/06/12 19:25:47 INFO  - kg.apc.jmeter.listener.GraphsGeneratorListener: Successful generation of file C:\perf_project_git\EAS_4.6\Output\30user\JmeterResults\ThreadsStateOverTime by plugin:ThreadsStateOverTime 
2017/06/12 19:25:47 INFO  - kg.apc.jmeter.PluginsCMDWorker: Using JMeterPluginsCMD v. N/A 
2017/06/12 19:25:47 WARN  - kg.apc.jmeter.JMeterPluginsUtils: JMeter env exists. No one should see this normally. 
2017/06/12 19:25:48 INFO  - kg.apc.charting.GraphPanelChart: Saving PNG to C:\perf_project_git\EAS_4.6\Output\30user\JmeterResults\TimesVsThreads.png 
2017/06/12 19:25:48 INFO  - kg.apc.jmeter.listener.GraphsGeneratorListener: Successful generation of file C:\perf_project_git\EAS_4.6\Output\30user\JmeterResults\TimesVsThreads by plugin:TimesVsThreads 
2017/06/12 19:25:48 INFO  - kg.apc.jmeter.PluginsCMDWorker: Using JMeterPluginsCMD v. N/A 
2017/06/12 19:25:48 WARN  - kg.apc.jmeter.JMeterPluginsUtils: JMeter env exists. No one should see this normally. 
2017/06/12 19:25:48 INFO  - kg.apc.charting.GraphPanelChart: Saving PNG to C:\perf_project_git\EAS_4.6\Output\30user\JmeterResults\ThroughputVsThreads.png 
2017/06/12 19:25:48 INFO  - kg.apc.jmeter.listener.GraphsGeneratorListener: Successful generation of file C:\perf_project_git\EAS_4.6\Output\30user\JmeterResults\ThroughputVsThreads by plugin:ThroughputVsThreads 
2017/06/12 19:25:48 INFO  - jmeter.reporters.Summariser: summary +    568 in 00:00:19 =   29.9/s Avg:   820 Min:     1 Max: 20287 Err:     0 (0.00%) Active: 0 Started: 30 Finished: 30 
2017/06/12 19:25:48 INFO  - jmeter.reporters.Summariser: summary =   3300 in 00:01:34 =   35.2/s Avg:   482 Min:     1 Max: 20287 Err:    30 (0.91%) 
