2017/10/16 16:01:37 INFO  - jmeter.util.JMeterUtils: Setting Locale to en_US 
2017/10/16 16:01:37 INFO  - jmeter.JMeter: Loading user properties from: C:\Users\Administrator\Desktop\apache-jmeter-3.1\apache-jmeter-3.1\bin\user.properties 
2017/10/16 16:01:37 INFO  - jmeter.JMeter: Loading system properties from: C:\Users\Administrator\Desktop\apache-jmeter-3.1\apache-jmeter-3.1\bin\system.properties 
2017/10/16 16:01:37 INFO  - jmeter.JMeter: Copyright (c) 1998-2016 The Apache Software Foundation 
2017/10/16 16:01:37 INFO  - jmeter.JMeter: Version 3.1 r1770033 
2017/10/16 16:01:37 INFO  - jmeter.JMeter: java.version=1.7.0_60 
2017/10/16 16:01:37 INFO  - jmeter.JMeter: java.vm.name=Java HotSpot(TM) 64-Bit Server VM 
2017/10/16 16:01:37 INFO  - jmeter.JMeter: os.name=Windows Server 2012 R2 
2017/10/16 16:01:37 INFO  - jmeter.JMeter: os.arch=amd64 
2017/10/16 16:01:37 INFO  - jmeter.JMeter: os.version=6.3 
2017/10/16 16:01:37 INFO  - jmeter.JMeter: file.encoding=Cp1252 
2017/10/16 16:01:37 INFO  - jmeter.JMeter: Max memory     =523763712 
2017/10/16 16:01:37 INFO  - jmeter.JMeter: Available Processors =4 
2017/10/16 16:01:37 INFO  - jmeter.JMeter: Default Locale=English (United States) 
2017/10/16 16:01:37 INFO  - jmeter.JMeter: JMeter  Locale=English (United States) 
2017/10/16 16:01:37 INFO  - jmeter.JMeter: JMeterHome=C:\Users\Administrator\Desktop\apache-jmeter-3.1\apache-jmeter-3.1 
2017/10/16 16:01:37 INFO  - jmeter.JMeter: user.dir  =C:\perf_project_git\EAS_4.6\Jmeter_scripts\List_Offers\10users 
2017/10/16 16:01:37 INFO  - jmeter.JMeter: PWD       =C:\perf_project_git\EAS_4.6\Jmeter_scripts\List_Offers\10users 
2017/10/16 16:01:37 INFO  - jmeter.JMeter: IP: 10.10.3.15 Name: ESCM-APP FullName: ESCM-APP 
2017/10/16 16:01:37 INFO  - jmeter.services.FileServer: Default base='C:\perf_project_git\EAS_4.6\Jmeter_scripts\List_Offers\10users' 
2017/10/16 16:01:37 INFO  - jmeter.services.FileServer: Set new base='C:\perf_project_git\EAS_4.6\Jmeter_scripts\List_Offers\10users' 
2017/10/16 16:01:38 INFO  - jmeter.save.SaveService: Testplan (JMX) version: 2.2. Testlog (JTL) version: 2.2 
2017/10/16 16:01:38 INFO  - jmeter.save.SaveService: Using SaveService properties file encoding UTF-8 
2017/10/16 16:01:38 INFO  - jmeter.save.SaveService: Using SaveService properties version 3.1 
2017/10/16 16:01:38 INFO  - jmeter.save.SaveService: All converter versions present and correct 
2017/10/16 16:01:38 INFO  - jmeter.save.SaveService: Loading file: List_offers.jmx 
2017/10/16 16:01:38 INFO  - jmeter.protocol.http.sampler.HTTPSamplerBase: Parser for text/html is org.apache.jmeter.protocol.http.parser.LagartoBasedHtmlParser 
2017/10/16 16:01:38 INFO  - jmeter.protocol.http.sampler.HTTPSamplerBase: Parser for application/xhtml+xml is org.apache.jmeter.protocol.http.parser.LagartoBasedHtmlParser 
2017/10/16 16:01:38 INFO  - jmeter.protocol.http.sampler.HTTPSamplerBase: Parser for application/xml is org.apache.jmeter.protocol.http.parser.LagartoBasedHtmlParser 
2017/10/16 16:01:38 INFO  - jmeter.protocol.http.sampler.HTTPSamplerBase: Parser for text/xml is org.apache.jmeter.protocol.http.parser.LagartoBasedHtmlParser 
2017/10/16 16:01:38 INFO  - jmeter.protocol.http.sampler.HTTPSamplerBase: Parser for text/vnd.wap.wml is org.apache.jmeter.protocol.http.parser.RegexpHTMLParser 
2017/10/16 16:01:38 INFO  - jmeter.protocol.http.sampler.HTTPSamplerBase: Parser for text/css is org.apache.jmeter.protocol.http.parser.CssParser 
2017/10/16 16:01:39 INFO  - jmeter.protocol.http.control.CacheManager: Will only cache the following methods: [GET] 
2017/10/16 16:01:39 INFO  - jmeter.protocol.http.control.CookieManager: Settings: Delete null: true Check: true Allow variable: true Save: false Prefix: COOKIE_ 
2017/10/16 16:01:39 INFO  - jmeter.JMeter: Creating summariser <summary> 
2017/10/16 16:01:39 INFO  - jmeter.engine.StandardJMeterEngine: Running the test! 
2017/10/16 16:01:39 INFO  - jmeter.samplers.SampleEvent: List of sample_variables: [] 
2017/10/16 16:01:39 INFO  - jmeter.samplers.SampleEvent: List of sample_variables: [] 
2017/10/16 16:01:39 INFO  - jmeter.engine.util.CompoundVariable: Note: Function class names must contain the string: '.functions.' 
2017/10/16 16:01:39 INFO  - jmeter.engine.util.CompoundVariable: Note: Function class names must not contain the string: '.gui.' 
2017/10/16 16:01:40 INFO  - jmeter.JMeter: Running test (1508149900438) 
2017/10/16 16:01:40 INFO  - jmeter.engine.StandardJMeterEngine: Starting ThreadGroup: 1 : Thread Group 
2017/10/16 16:01:40 INFO  - jmeter.engine.StandardJMeterEngine: Starting 10 threads for group Thread Group. 
2017/10/16 16:01:40 INFO  - jmeter.engine.StandardJMeterEngine: Thread will continue on error 
2017/10/16 16:01:40 INFO  - jmeter.threads.ThreadGroup: Starting thread group number 1 threads 10 ramp-up 10 perThread 1000.0 delayedStart=false 
2017/10/16 16:01:40 INFO  - jmeter.samplers.SampleResult: Note: Sample TimeStamps are START times 
2017/10/16 16:01:40 INFO  - jmeter.samplers.SampleResult: sampleresult.default.encoding is set to ISO-8859-1 
2017/10/16 16:01:40 INFO  - jmeter.samplers.SampleResult: sampleresult.useNanoTime=true 
2017/10/16 16:01:40 INFO  - jmeter.samplers.SampleResult: sampleresult.nanoThreadSleep=5000 
2017/10/16 16:01:40 INFO  - jmeter.threads.JMeterThread: Thread started: Thread Group 1-1 
2017/10/16 16:01:40 INFO  - jmeter.services.FileServer: Stored: user.csv 
2017/10/16 16:01:40 INFO  - jmeter.threads.ThreadGroup: Started thread group number 1 
2017/10/16 16:01:40 INFO  - jmeter.engine.StandardJMeterEngine: All thread groups have been started 
2017/10/16 16:01:40 INFO  - jmeter.protocol.http.sampler.HTTPHCAbstractImpl: Local host = ESCM-APP 
2017/10/16 16:01:40 INFO  - jmeter.protocol.http.sampler.HTTPHC4Impl: HTTP request retry count = 0 
2017/10/16 16:01:41 INFO  - jmeter.threads.JMeterThread: Thread started: Thread Group 1-2 
2017/10/16 16:01:42 INFO  - jmeter.threads.JMeterThread: Thread started: Thread Group 1-3 
2017/10/16 16:01:43 INFO  - jmeter.threads.JMeterThread: Thread started: Thread Group 1-4 
2017/10/16 16:01:44 INFO  - jmeter.threads.JMeterThread: Thread started: Thread Group 1-5 
2017/10/16 16:01:45 INFO  - jmeter.threads.JMeterThread: Thread started: Thread Group 1-6 
2017/10/16 16:01:46 INFO  - jmeter.threads.JMeterThread: Thread is done: Thread Group 1-1 
2017/10/16 16:01:46 INFO  - jmeter.threads.JMeterThread: Thread finished: Thread Group 1-1 
2017/10/16 16:01:46 INFO  - jmeter.threads.JMeterThread: Thread is done: Thread Group 1-2 
2017/10/16 16:01:46 INFO  - jmeter.threads.JMeterThread: Thread finished: Thread Group 1-2 
2017/10/16 16:01:46 INFO  - jmeter.threads.JMeterThread: Thread started: Thread Group 1-7 
2017/10/16 16:01:47 INFO  - jmeter.threads.JMeterThread: Thread started: Thread Group 1-8 
2017/10/16 16:01:47 INFO  - jmeter.threads.JMeterThread: Thread is done: Thread Group 1-3 
2017/10/16 16:01:47 INFO  - jmeter.threads.JMeterThread: Thread finished: Thread Group 1-3 
2017/10/16 16:01:48 INFO  - jmeter.threads.JMeterThread: Thread started: Thread Group 1-9 
2017/10/16 16:01:49 INFO  - jmeter.threads.JMeterThread: Thread is done: Thread Group 1-4 
2017/10/16 16:01:49 INFO  - jmeter.threads.JMeterThread: Thread finished: Thread Group 1-4 
2017/10/16 16:01:49 INFO  - jmeter.threads.JMeterThread: Thread started: Thread Group 1-10 
2017/10/16 16:01:50 INFO  - jmeter.threads.JMeterThread: Thread is done: Thread Group 1-5 
2017/10/16 16:01:50 INFO  - jmeter.threads.JMeterThread: Thread finished: Thread Group 1-5 
2017/10/16 16:01:52 INFO  - jmeter.threads.JMeterThread: Thread is done: Thread Group 1-6 
2017/10/16 16:01:52 INFO  - jmeter.threads.JMeterThread: Thread finished: Thread Group 1-6 
2017/10/16 16:01:53 INFO  - jmeter.threads.JMeterThread: Thread is done: Thread Group 1-7 
2017/10/16 16:01:53 INFO  - jmeter.threads.JMeterThread: Thread finished: Thread Group 1-7 
2017/10/16 16:01:53 INFO  - jmeter.threads.JMeterThread: Thread is done: Thread Group 1-8 
2017/10/16 16:01:53 INFO  - jmeter.threads.JMeterThread: Thread finished: Thread Group 1-8 
2017/10/16 16:01:54 INFO  - jmeter.threads.JMeterThread: Thread is done: Thread Group 1-9 
2017/10/16 16:01:54 INFO  - jmeter.threads.JMeterThread: Thread finished: Thread Group 1-9 
2017/10/16 16:01:55 INFO  - jmeter.threads.JMeterThread: Thread is done: Thread Group 1-10 
2017/10/16 16:01:55 INFO  - jmeter.threads.JMeterThread: Thread finished: Thread Group 1-10 
2017/10/16 16:01:55 INFO  - jmeter.engine.StandardJMeterEngine: Notifying test listeners of end of test 
2017/10/16 16:01:55 INFO  - jmeter.services.FileServer: Close: user.csv 
2017/10/16 16:01:55 INFO  - kg.apc.jmeter.PluginsCMDWorker: Using JMeterPluginsCMD v. N/A 
2017/10/16 16:01:55 WARN  - kg.apc.jmeter.JMeterPluginsUtils: JMeter env exists. No one should see this normally. 
2017/10/16 16:01:56 INFO  - kg.apc.jmeter.vizualizers.SynthesisReportGui: Saving CSV to C:\perf_project_git\EAS_4.6\Output\List_Offers\10user\JmeterResults\SynthesisReportGui.csv 
2017/10/16 16:01:56 INFO  - kg.apc.jmeter.listener.GraphsGeneratorListener: Successful generation of file C:\perf_project_git\EAS_4.6\Output\List_Offers\10user\JmeterResults\SynthesisReportGui by plugin:SynthesisReportGui 
2017/10/16 16:01:56 INFO  - kg.apc.jmeter.PluginsCMDWorker: Using JMeterPluginsCMD v. N/A 
2017/10/16 16:01:56 WARN  - kg.apc.jmeter.JMeterPluginsUtils: JMeter env exists. No one should see this normally. 
2017/10/16 16:01:56 WARN  - jorphan.gui.ObjectTableModel: Header count=13 but classes count=11 
2017/10/16 16:01:56 WARN  - jorphan.gui.ObjectTableModel: Header count=13 but writeFunctor count=11 
2017/10/16 16:01:56 INFO  - kg.apc.jmeter.vizualizers.AggregateReportGui: Saving CSV to C:\perf_project_git\EAS_4.6\Output\List_Offers\10user\JmeterResults\AggregateReportGui.csv 
2017/10/16 16:01:56 INFO  - kg.apc.jmeter.listener.GraphsGeneratorListener: Successful generation of file C:\perf_project_git\EAS_4.6\Output\List_Offers\10user\JmeterResults\AggregateReportGui by plugin:AggregateReportGui 
2017/10/16 16:01:56 INFO  - kg.apc.jmeter.PluginsCMDWorker: Using JMeterPluginsCMD v. N/A 
2017/10/16 16:01:56 WARN  - kg.apc.jmeter.JMeterPluginsUtils: JMeter env exists. No one should see this normally. 
2017/10/16 16:01:56 INFO  - kg.apc.charting.GraphPanelChart: Saving PNG to C:\perf_project_git\EAS_4.6\Output\List_Offers\10user\JmeterResults\ResponseTimesOverTime.png 
2017/10/16 16:01:57 INFO  - kg.apc.jmeter.listener.GraphsGeneratorListener: Successful generation of file C:\perf_project_git\EAS_4.6\Output\List_Offers\10user\JmeterResults\ResponseTimesOverTime by plugin:ResponseTimesOverTime 
2017/10/16 16:01:57 INFO  - kg.apc.jmeter.PluginsCMDWorker: Using JMeterPluginsCMD v. N/A 
2017/10/16 16:01:57 WARN  - kg.apc.jmeter.JMeterPluginsUtils: JMeter env exists. No one should see this normally. 
2017/10/16 16:01:57 INFO  - kg.apc.charting.GraphPanelChart: Saving PNG to C:\perf_project_git\EAS_4.6\Output\List_Offers\10user\JmeterResults\HitsPerSecond.png 
2017/10/16 16:01:57 INFO  - kg.apc.jmeter.listener.GraphsGeneratorListener: Successful generation of file C:\perf_project_git\EAS_4.6\Output\List_Offers\10user\JmeterResults\HitsPerSecond by plugin:HitsPerSecond 
2017/10/16 16:01:57 INFO  - kg.apc.jmeter.PluginsCMDWorker: Using JMeterPluginsCMD v. N/A 
2017/10/16 16:01:57 WARN  - kg.apc.jmeter.JMeterPluginsUtils: JMeter env exists. No one should see this normally. 
2017/10/16 16:01:58 INFO  - kg.apc.charting.GraphPanelChart: Saving PNG to C:\perf_project_git\EAS_4.6\Output\List_Offers\10user\JmeterResults\BytesThroughputOverTime.png 
2017/10/16 16:01:58 INFO  - kg.apc.jmeter.listener.GraphsGeneratorListener: Successful generation of file C:\perf_project_git\EAS_4.6\Output\List_Offers\10user\JmeterResults\BytesThroughputOverTime by plugin:BytesThroughputOverTime 
2017/10/16 16:01:58 INFO  - kg.apc.jmeter.PluginsCMDWorker: Using JMeterPluginsCMD v. N/A 
2017/10/16 16:01:58 WARN  - kg.apc.jmeter.JMeterPluginsUtils: JMeter env exists. No one should see this normally. 
2017/10/16 16:01:58 INFO  - kg.apc.charting.GraphPanelChart: Saving PNG to C:\perf_project_git\EAS_4.6\Output\List_Offers\10user\JmeterResults\LatenciesOverTime.png 
2017/10/16 16:01:58 INFO  - kg.apc.jmeter.listener.GraphsGeneratorListener: Successful generation of file C:\perf_project_git\EAS_4.6\Output\List_Offers\10user\JmeterResults\LatenciesOverTime by plugin:LatenciesOverTime 
2017/10/16 16:01:58 INFO  - kg.apc.jmeter.PluginsCMDWorker: Using JMeterPluginsCMD v. N/A 
2017/10/16 16:01:58 WARN  - kg.apc.jmeter.JMeterPluginsUtils: JMeter env exists. No one should see this normally. 
2017/10/16 16:01:58 INFO  - kg.apc.charting.GraphPanelChart: Saving PNG to C:\perf_project_git\EAS_4.6\Output\List_Offers\10user\JmeterResults\ResponseCodesPerSecond.png 
2017/10/16 16:01:58 INFO  - kg.apc.jmeter.listener.GraphsGeneratorListener: Successful generation of file C:\perf_project_git\EAS_4.6\Output\List_Offers\10user\JmeterResults\ResponseCodesPerSecond by plugin:ResponseCodesPerSecond 
2017/10/16 16:01:58 INFO  - kg.apc.jmeter.PluginsCMDWorker: Using JMeterPluginsCMD v. N/A 
2017/10/16 16:01:58 WARN  - kg.apc.jmeter.JMeterPluginsUtils: JMeter env exists. No one should see this normally. 
2017/10/16 16:01:59 INFO  - kg.apc.charting.GraphPanelChart: Saving PNG to C:\perf_project_git\EAS_4.6\Output\List_Offers\10user\JmeterResults\TransactionsPerSecond.png 
2017/10/16 16:01:59 INFO  - kg.apc.jmeter.listener.GraphsGeneratorListener: Successful generation of file C:\perf_project_git\EAS_4.6\Output\List_Offers\10user\JmeterResults\TransactionsPerSecond by plugin:TransactionsPerSecond 
2017/10/16 16:01:59 INFO  - kg.apc.jmeter.PluginsCMDWorker: Using JMeterPluginsCMD v. N/A 
2017/10/16 16:01:59 WARN  - kg.apc.jmeter.JMeterPluginsUtils: JMeter env exists. No one should see this normally. 
2017/10/16 16:01:59 INFO  - kg.apc.charting.GraphPanelChart: Saving PNG to C:\perf_project_git\EAS_4.6\Output\List_Offers\10user\JmeterResults\ResponseTimesDistribution.png 
2017/10/16 16:01:59 INFO  - kg.apc.jmeter.listener.GraphsGeneratorListener: Successful generation of file C:\perf_project_git\EAS_4.6\Output\List_Offers\10user\JmeterResults\ResponseTimesDistribution by plugin:ResponseTimesDistribution 
2017/10/16 16:01:59 INFO  - kg.apc.jmeter.PluginsCMDWorker: Using JMeterPluginsCMD v. N/A 
2017/10/16 16:01:59 WARN  - kg.apc.jmeter.JMeterPluginsUtils: JMeter env exists. No one should see this normally. 
2017/10/16 16:01:59 INFO  - kg.apc.charting.GraphPanelChart: Saving PNG to C:\perf_project_git\EAS_4.6\Output\List_Offers\10user\JmeterResults\ResponseTimesPercentiles.png 
2017/10/16 16:02:00 INFO  - kg.apc.jmeter.listener.GraphsGeneratorListener: Successful generation of file C:\perf_project_git\EAS_4.6\Output\List_Offers\10user\JmeterResults\ResponseTimesPercentiles by plugin:ResponseTimesPercentiles 
2017/10/16 16:02:00 INFO  - kg.apc.jmeter.PluginsCMDWorker: Using JMeterPluginsCMD v. N/A 
2017/10/16 16:02:00 WARN  - kg.apc.jmeter.JMeterPluginsUtils: JMeter env exists. No one should see this normally. 
2017/10/16 16:02:00 INFO  - kg.apc.charting.GraphPanelChart: Saving PNG to C:\perf_project_git\EAS_4.6\Output\List_Offers\10user\JmeterResults\ThreadsStateOverTime.png 
2017/10/16 16:02:00 INFO  - kg.apc.jmeter.listener.GraphsGeneratorListener: Successful generation of file C:\perf_project_git\EAS_4.6\Output\List_Offers\10user\JmeterResults\ThreadsStateOverTime by plugin:ThreadsStateOverTime 
2017/10/16 16:02:00 INFO  - kg.apc.jmeter.PluginsCMDWorker: Using JMeterPluginsCMD v. N/A 
2017/10/16 16:02:00 WARN  - kg.apc.jmeter.JMeterPluginsUtils: JMeter env exists. No one should see this normally. 
2017/10/16 16:02:00 INFO  - kg.apc.charting.GraphPanelChart: Saving PNG to C:\perf_project_git\EAS_4.6\Output\List_Offers\10user\JmeterResults\TimesVsThreads.png 
2017/10/16 16:02:01 INFO  - kg.apc.jmeter.listener.GraphsGeneratorListener: Successful generation of file C:\perf_project_git\EAS_4.6\Output\List_Offers\10user\JmeterResults\TimesVsThreads by plugin:TimesVsThreads 
2017/10/16 16:02:01 INFO  - kg.apc.jmeter.PluginsCMDWorker: Using JMeterPluginsCMD v. N/A 
2017/10/16 16:02:01 WARN  - kg.apc.jmeter.JMeterPluginsUtils: JMeter env exists. No one should see this normally. 
2017/10/16 16:02:01 INFO  - kg.apc.charting.GraphPanelChart: Saving PNG to C:\perf_project_git\EAS_4.6\Output\List_Offers\10user\JmeterResults\ThroughputVsThreads.png 
2017/10/16 16:02:01 INFO  - kg.apc.jmeter.listener.GraphsGeneratorListener: Successful generation of file C:\perf_project_git\EAS_4.6\Output\List_Offers\10user\JmeterResults\ThroughputVsThreads by plugin:ThroughputVsThreads 
2017/10/16 16:02:01 INFO  - jmeter.reporters.Summariser: summary =    110 in 00:00:21 =    5.2/s Avg:   513 Min:     9 Max:  1875 Err:     0 (0.00%) 
