2017/10/16 18:30:44 INFO  - jmeter.util.JMeterUtils: Setting Locale to en_US 
2017/10/16 18:30:44 INFO  - jmeter.JMeter: Loading user properties from: C:\Users\Administrator\Desktop\apache-jmeter-3.1\apache-jmeter-3.1\bin\user.properties 
2017/10/16 18:30:44 INFO  - jmeter.JMeter: Loading system properties from: C:\Users\Administrator\Desktop\apache-jmeter-3.1\apache-jmeter-3.1\bin\system.properties 
2017/10/16 18:30:44 INFO  - jmeter.JMeter: Copyright (c) 1998-2016 The Apache Software Foundation 
2017/10/16 18:30:44 INFO  - jmeter.JMeter: Version 3.1 r1770033 
2017/10/16 18:30:44 INFO  - jmeter.JMeter: java.version=1.7.0_60 
2017/10/16 18:30:44 INFO  - jmeter.JMeter: java.vm.name=Java HotSpot(TM) 64-Bit Server VM 
2017/10/16 18:30:44 INFO  - jmeter.JMeter: os.name=Windows Server 2012 R2 
2017/10/16 18:30:44 INFO  - jmeter.JMeter: os.arch=amd64 
2017/10/16 18:30:44 INFO  - jmeter.JMeter: os.version=6.3 
2017/10/16 18:30:44 INFO  - jmeter.JMeter: file.encoding=Cp1252 
2017/10/16 18:30:44 INFO  - jmeter.JMeter: Max memory     =523763712 
2017/10/16 18:30:44 INFO  - jmeter.JMeter: Available Processors =4 
2017/10/16 18:30:44 INFO  - jmeter.JMeter: Default Locale=English (United States) 
2017/10/16 18:30:44 INFO  - jmeter.JMeter: JMeter  Locale=English (United States) 
2017/10/16 18:30:44 INFO  - jmeter.JMeter: JMeterHome=C:\Users\Administrator\Desktop\apache-jmeter-3.1\apache-jmeter-3.1 
2017/10/16 18:30:44 INFO  - jmeter.JMeter: user.dir  =C:\perf_project_git\EAS_4.6\Jmeter_scripts\List_Offers\30Users 
2017/10/16 18:30:44 INFO  - jmeter.JMeter: PWD       =C:\perf_project_git\EAS_4.6\Jmeter_scripts\List_Offers\30Users 
2017/10/16 18:30:44 INFO  - jmeter.JMeter: IP: 10.10.3.15 Name: ESCM-APP FullName: ESCM-APP 
2017/10/16 18:30:44 INFO  - jmeter.services.FileServer: Default base='C:\perf_project_git\EAS_4.6\Jmeter_scripts\List_Offers\30Users' 
2017/10/16 18:30:44 INFO  - jmeter.services.FileServer: Set new base='C:\perf_project_git\EAS_4.6\Jmeter_scripts\List_Offers\30Users' 
2017/10/16 18:30:45 INFO  - jmeter.save.SaveService: Testplan (JMX) version: 2.2. Testlog (JTL) version: 2.2 
2017/10/16 18:30:45 INFO  - jmeter.save.SaveService: Using SaveService properties file encoding UTF-8 
2017/10/16 18:30:45 INFO  - jmeter.save.SaveService: Using SaveService properties version 3.1 
2017/10/16 18:30:45 INFO  - jmeter.save.SaveService: All converter versions present and correct 
2017/10/16 18:30:45 INFO  - jmeter.save.SaveService: Loading file: List_offers.jmx 
2017/10/16 18:30:45 INFO  - jmeter.protocol.http.sampler.HTTPSamplerBase: Parser for text/html is org.apache.jmeter.protocol.http.parser.LagartoBasedHtmlParser 
2017/10/16 18:30:45 INFO  - jmeter.protocol.http.sampler.HTTPSamplerBase: Parser for application/xhtml+xml is org.apache.jmeter.protocol.http.parser.LagartoBasedHtmlParser 
2017/10/16 18:30:45 INFO  - jmeter.protocol.http.sampler.HTTPSamplerBase: Parser for application/xml is org.apache.jmeter.protocol.http.parser.LagartoBasedHtmlParser 
2017/10/16 18:30:45 INFO  - jmeter.protocol.http.sampler.HTTPSamplerBase: Parser for text/xml is org.apache.jmeter.protocol.http.parser.LagartoBasedHtmlParser 
2017/10/16 18:30:45 INFO  - jmeter.protocol.http.sampler.HTTPSamplerBase: Parser for text/vnd.wap.wml is org.apache.jmeter.protocol.http.parser.RegexpHTMLParser 
2017/10/16 18:30:45 INFO  - jmeter.protocol.http.sampler.HTTPSamplerBase: Parser for text/css is org.apache.jmeter.protocol.http.parser.CssParser 
2017/10/16 18:30:46 INFO  - jmeter.protocol.http.control.CacheManager: Will only cache the following methods: [GET] 
2017/10/16 18:30:46 INFO  - jmeter.protocol.http.control.CookieManager: Settings: Delete null: true Check: true Allow variable: true Save: false Prefix: COOKIE_ 
2017/10/16 18:30:46 INFO  - jmeter.JMeter: Creating summariser <summary> 
2017/10/16 18:30:46 INFO  - jmeter.engine.StandardJMeterEngine: Running the test! 
2017/10/16 18:30:46 INFO  - jmeter.samplers.SampleEvent: List of sample_variables: [] 
2017/10/16 18:30:46 INFO  - jmeter.samplers.SampleEvent: List of sample_variables: [] 
2017/10/16 18:30:46 INFO  - jmeter.engine.util.CompoundVariable: Note: Function class names must contain the string: '.functions.' 
2017/10/16 18:30:46 INFO  - jmeter.engine.util.CompoundVariable: Note: Function class names must not contain the string: '.gui.' 
2017/10/16 18:30:47 INFO  - jmeter.JMeter: Running test (1508158847601) 
2017/10/16 18:30:47 INFO  - jmeter.engine.StandardJMeterEngine: Starting ThreadGroup: 1 : Thread Group 
2017/10/16 18:30:47 INFO  - jmeter.engine.StandardJMeterEngine: Starting 30 threads for group Thread Group. 
2017/10/16 18:30:47 INFO  - jmeter.engine.StandardJMeterEngine: Thread will continue on error 
2017/10/16 18:30:47 INFO  - jmeter.threads.ThreadGroup: Starting thread group number 1 threads 30 ramp-up 30 perThread 1000.0 delayedStart=false 
2017/10/16 18:30:47 INFO  - jmeter.samplers.SampleResult: Note: Sample TimeStamps are START times 
2017/10/16 18:30:47 INFO  - jmeter.samplers.SampleResult: sampleresult.default.encoding is set to ISO-8859-1 
2017/10/16 18:30:47 INFO  - jmeter.samplers.SampleResult: sampleresult.useNanoTime=true 
2017/10/16 18:30:47 INFO  - jmeter.samplers.SampleResult: sampleresult.nanoThreadSleep=5000 
2017/10/16 18:30:47 INFO  - jmeter.threads.JMeterThread: Thread started: Thread Group 1-1 
2017/10/16 18:30:47 INFO  - jmeter.services.FileServer: Stored: user.csv 
2017/10/16 18:30:47 INFO  - jmeter.protocol.http.sampler.HTTPHCAbstractImpl: Local host = ESCM-APP 
2017/10/16 18:30:47 INFO  - jmeter.protocol.http.sampler.HTTPHC4Impl: HTTP request retry count = 0 
2017/10/16 18:30:48 INFO  - jmeter.threads.ThreadGroup: Started thread group number 1 
2017/10/16 18:30:48 INFO  - jmeter.engine.StandardJMeterEngine: All thread groups have been started 
2017/10/16 18:30:48 INFO  - jmeter.threads.JMeterThread: Thread started: Thread Group 1-2 
2017/10/16 18:30:49 INFO  - jmeter.threads.JMeterThread: Thread started: Thread Group 1-3 
2017/10/16 18:30:50 INFO  - jmeter.threads.JMeterThread: Thread started: Thread Group 1-4 
2017/10/16 18:30:51 INFO  - jmeter.threads.JMeterThread: Thread started: Thread Group 1-5 
2017/10/16 18:30:52 INFO  - jmeter.threads.JMeterThread: Thread started: Thread Group 1-6 
2017/10/16 18:30:53 INFO  - jmeter.threads.JMeterThread: Thread started: Thread Group 1-7 
2017/10/16 18:30:54 INFO  - jmeter.threads.JMeterThread: Thread is done: Thread Group 1-1 
2017/10/16 18:30:54 INFO  - jmeter.threads.JMeterThread: Thread finished: Thread Group 1-1 
2017/10/16 18:30:54 INFO  - jmeter.threads.JMeterThread: Thread is done: Thread Group 1-2 
2017/10/16 18:30:54 INFO  - jmeter.threads.JMeterThread: Thread finished: Thread Group 1-2 
2017/10/16 18:30:54 INFO  - jmeter.threads.JMeterThread: Thread started: Thread Group 1-8 
2017/10/16 18:30:55 INFO  - jmeter.threads.JMeterThread: Thread is done: Thread Group 1-3 
2017/10/16 18:30:55 INFO  - jmeter.threads.JMeterThread: Thread finished: Thread Group 1-3 
2017/10/16 18:30:55 INFO  - jmeter.threads.JMeterThread: Thread started: Thread Group 1-9 
2017/10/16 18:30:56 INFO  - jmeter.threads.JMeterThread: Thread is done: Thread Group 1-4 
2017/10/16 18:30:56 INFO  - jmeter.threads.JMeterThread: Thread finished: Thread Group 1-4 
2017/10/16 18:30:56 INFO  - jmeter.threads.JMeterThread: Thread started: Thread Group 1-10 
2017/10/16 18:30:57 INFO  - jmeter.threads.JMeterThread: Thread is done: Thread Group 1-5 
2017/10/16 18:30:57 INFO  - jmeter.threads.JMeterThread: Thread finished: Thread Group 1-5 
2017/10/16 18:30:58 INFO  - jmeter.threads.JMeterThread: Thread started: Thread Group 1-11 
2017/10/16 18:30:58 INFO  - jmeter.threads.JMeterThread: Thread is done: Thread Group 1-6 
2017/10/16 18:30:58 INFO  - jmeter.threads.JMeterThread: Thread finished: Thread Group 1-6 
2017/10/16 18:30:59 INFO  - jmeter.threads.JMeterThread: Thread started: Thread Group 1-12 
2017/10/16 18:31:00 INFO  - jmeter.reporters.Summariser: summary +     81 in 00:00:12 =    6.5/s Avg:   604 Min:    10 Max:  2097 Err:     0 (0.00%) Active: 6 Started: 12 Finished: 6 
2017/10/16 18:31:00 INFO  - jmeter.threads.JMeterThread: Thread started: Thread Group 1-13 
2017/10/16 18:31:01 INFO  - jmeter.threads.JMeterThread: Thread started: Thread Group 1-14 
2017/10/16 18:31:01 INFO  - jmeter.threads.JMeterThread: Thread is done: Thread Group 1-7 
2017/10/16 18:31:01 INFO  - jmeter.threads.JMeterThread: Thread finished: Thread Group 1-7 
2017/10/16 18:31:02 INFO  - jmeter.threads.JMeterThread: Thread started: Thread Group 1-15 
2017/10/16 18:31:02 INFO  - jmeter.threads.JMeterThread: Thread is done: Thread Group 1-8 
2017/10/16 18:31:02 INFO  - jmeter.threads.JMeterThread: Thread finished: Thread Group 1-8 
2017/10/16 18:31:03 INFO  - jmeter.threads.JMeterThread: Thread started: Thread Group 1-16 
2017/10/16 18:31:03 INFO  - jmeter.threads.JMeterThread: Thread is done: Thread Group 1-9 
2017/10/16 18:31:03 INFO  - jmeter.threads.JMeterThread: Thread finished: Thread Group 1-9 
2017/10/16 18:31:04 INFO  - jmeter.threads.JMeterThread: Thread started: Thread Group 1-17 
2017/10/16 18:31:04 INFO  - jmeter.threads.JMeterThread: Thread is done: Thread Group 1-10 
2017/10/16 18:31:04 INFO  - jmeter.threads.JMeterThread: Thread finished: Thread Group 1-10 
2017/10/16 18:31:05 INFO  - jmeter.threads.JMeterThread: Thread started: Thread Group 1-18 
2017/10/16 18:31:06 INFO  - jmeter.threads.JMeterThread: Thread started: Thread Group 1-19 
2017/10/16 18:31:07 INFO  - jmeter.threads.JMeterThread: Thread is done: Thread Group 1-11 
2017/10/16 18:31:07 INFO  - jmeter.threads.JMeterThread: Thread finished: Thread Group 1-11 
2017/10/16 18:31:07 INFO  - jmeter.threads.JMeterThread: Thread started: Thread Group 1-20 
2017/10/16 18:31:07 INFO  - jmeter.threads.JMeterThread: Thread is done: Thread Group 1-12 
2017/10/16 18:31:07 INFO  - jmeter.threads.JMeterThread: Thread finished: Thread Group 1-12 
2017/10/16 18:31:08 INFO  - jmeter.threads.JMeterThread: Thread started: Thread Group 1-21 
2017/10/16 18:31:09 INFO  - jmeter.threads.JMeterThread: Thread started: Thread Group 1-22 
2017/10/16 18:31:09 INFO  - jmeter.threads.JMeterThread: Thread is done: Thread Group 1-14 
2017/10/16 18:31:09 INFO  - jmeter.threads.JMeterThread: Thread finished: Thread Group 1-14 
2017/10/16 18:31:10 INFO  - jmeter.threads.JMeterThread: Thread started: Thread Group 1-23 
2017/10/16 18:31:10 INFO  - jmeter.threads.JMeterThread: Thread is done: Thread Group 1-13 
2017/10/16 18:31:10 INFO  - jmeter.threads.JMeterThread: Thread finished: Thread Group 1-13 
2017/10/16 18:31:11 INFO  - jmeter.threads.JMeterThread: Thread started: Thread Group 1-24 
2017/10/16 18:31:12 INFO  - jmeter.threads.JMeterThread: Thread started: Thread Group 1-25 
2017/10/16 18:31:12 INFO  - jmeter.threads.JMeterThread: Thread is done: Thread Group 1-15 
2017/10/16 18:31:12 INFO  - jmeter.threads.JMeterThread: Thread finished: Thread Group 1-15 
2017/10/16 18:31:13 INFO  - jmeter.threads.JMeterThread: Thread started: Thread Group 1-26 
2017/10/16 18:31:14 INFO  - jmeter.threads.JMeterThread: Thread is done: Thread Group 1-16 
2017/10/16 18:31:14 INFO  - jmeter.threads.JMeterThread: Thread finished: Thread Group 1-16 
2017/10/16 18:31:14 INFO  - jmeter.threads.JMeterThread: Thread started: Thread Group 1-27 
2017/10/16 18:31:14 INFO  - jmeter.threads.JMeterThread: Thread is done: Thread Group 1-17 
2017/10/16 18:31:14 INFO  - jmeter.threads.JMeterThread: Thread finished: Thread Group 1-17 
2017/10/16 18:31:15 INFO  - jmeter.threads.JMeterThread: Thread started: Thread Group 1-28 
2017/10/16 18:31:15 INFO  - jmeter.threads.JMeterThread: Thread is done: Thread Group 1-19 
2017/10/16 18:31:15 INFO  - jmeter.threads.JMeterThread: Thread finished: Thread Group 1-19 
2017/10/16 18:31:16 INFO  - jmeter.threads.JMeterThread: Thread started: Thread Group 1-29 
2017/10/16 18:31:16 INFO  - jmeter.threads.JMeterThread: Thread is done: Thread Group 1-18 
2017/10/16 18:31:16 INFO  - jmeter.threads.JMeterThread: Thread finished: Thread Group 1-18 
2017/10/16 18:31:17 INFO  - jmeter.threads.JMeterThread: Thread started: Thread Group 1-30 
2017/10/16 18:31:19 INFO  - jmeter.threads.JMeterThread: Thread is done: Thread Group 1-20 
2017/10/16 18:31:19 INFO  - jmeter.threads.JMeterThread: Thread finished: Thread Group 1-20 
2017/10/16 18:31:19 INFO  - jmeter.threads.JMeterThread: Thread is done: Thread Group 1-21 
2017/10/16 18:31:19 INFO  - jmeter.threads.JMeterThread: Thread finished: Thread Group 1-21 
2017/10/16 18:31:20 INFO  - jmeter.threads.JMeterThread: Thread is done: Thread Group 1-22 
2017/10/16 18:31:20 INFO  - jmeter.threads.JMeterThread: Thread finished: Thread Group 1-22 
2017/10/16 18:31:22 INFO  - jmeter.threads.JMeterThread: Thread is done: Thread Group 1-23 
2017/10/16 18:31:22 INFO  - jmeter.threads.JMeterThread: Thread finished: Thread Group 1-23 
2017/10/16 18:31:22 INFO  - jmeter.threads.JMeterThread: Thread is done: Thread Group 1-24 
2017/10/16 18:31:22 INFO  - jmeter.threads.JMeterThread: Thread finished: Thread Group 1-24 
2017/10/16 18:31:23 INFO  - jmeter.threads.JMeterThread: Thread is done: Thread Group 1-25 
2017/10/16 18:31:23 INFO  - jmeter.threads.JMeterThread: Thread finished: Thread Group 1-25 
2017/10/16 18:31:23 INFO  - jmeter.threads.JMeterThread: Thread is done: Thread Group 1-26 
2017/10/16 18:31:23 INFO  - jmeter.threads.JMeterThread: Thread finished: Thread Group 1-26 
2017/10/16 18:31:23 INFO  - jmeter.threads.JMeterThread: Thread is done: Thread Group 1-27 
2017/10/16 18:31:23 INFO  - jmeter.threads.JMeterThread: Thread finished: Thread Group 1-27 
2017/10/16 18:31:24 INFO  - jmeter.threads.JMeterThread: Thread is done: Thread Group 1-28 
2017/10/16 18:31:24 INFO  - jmeter.threads.JMeterThread: Thread finished: Thread Group 1-28 
2017/10/16 18:31:24 INFO  - jmeter.threads.JMeterThread: Thread is done: Thread Group 1-30 
2017/10/16 18:31:24 INFO  - jmeter.threads.JMeterThread: Thread finished: Thread Group 1-30 
2017/10/16 18:31:24 INFO  - jmeter.threads.JMeterThread: Thread is done: Thread Group 1-29 
2017/10/16 18:31:24 INFO  - jmeter.threads.JMeterThread: Thread finished: Thread Group 1-29 
2017/10/16 18:31:24 INFO  - jmeter.engine.StandardJMeterEngine: Notifying test listeners of end of test 
2017/10/16 18:31:24 INFO  - jmeter.services.FileServer: Close: user.csv 
2017/10/16 18:31:24 INFO  - kg.apc.jmeter.PluginsCMDWorker: Using JMeterPluginsCMD v. N/A 
2017/10/16 18:31:24 WARN  - kg.apc.jmeter.JMeterPluginsUtils: JMeter env exists. No one should see this normally. 
2017/10/16 18:31:26 INFO  - kg.apc.jmeter.vizualizers.SynthesisReportGui: Saving CSV to C:\perf_project_git\EAS_4.6\Output\List_Offers\30user\JmeterResults\SynthesisReportGui.csv 
2017/10/16 18:31:26 INFO  - kg.apc.jmeter.listener.GraphsGeneratorListener: Successful generation of file C:\perf_project_git\EAS_4.6\Output\List_Offers\30user\JmeterResults\SynthesisReportGui by plugin:SynthesisReportGui 
2017/10/16 18:31:26 INFO  - kg.apc.jmeter.PluginsCMDWorker: Using JMeterPluginsCMD v. N/A 
2017/10/16 18:31:26 WARN  - kg.apc.jmeter.JMeterPluginsUtils: JMeter env exists. No one should see this normally. 
2017/10/16 18:31:26 WARN  - jorphan.gui.ObjectTableModel: Header count=13 but classes count=11 
2017/10/16 18:31:26 WARN  - jorphan.gui.ObjectTableModel: Header count=13 but writeFunctor count=11 
2017/10/16 18:31:26 INFO  - kg.apc.jmeter.vizualizers.AggregateReportGui: Saving CSV to C:\perf_project_git\EAS_4.6\Output\List_Offers\30user\JmeterResults\AggregateReportGui.csv 
2017/10/16 18:31:26 INFO  - kg.apc.jmeter.listener.GraphsGeneratorListener: Successful generation of file C:\perf_project_git\EAS_4.6\Output\List_Offers\30user\JmeterResults\AggregateReportGui by plugin:AggregateReportGui 
2017/10/16 18:31:26 INFO  - kg.apc.jmeter.PluginsCMDWorker: Using JMeterPluginsCMD v. N/A 
2017/10/16 18:31:26 WARN  - kg.apc.jmeter.JMeterPluginsUtils: JMeter env exists. No one should see this normally. 
2017/10/16 18:31:26 INFO  - kg.apc.charting.GraphPanelChart: Saving PNG to C:\perf_project_git\EAS_4.6\Output\List_Offers\30user\JmeterResults\ResponseTimesOverTime.png 
2017/10/16 18:31:27 INFO  - kg.apc.jmeter.listener.GraphsGeneratorListener: Successful generation of file C:\perf_project_git\EAS_4.6\Output\List_Offers\30user\JmeterResults\ResponseTimesOverTime by plugin:ResponseTimesOverTime 
2017/10/16 18:31:27 INFO  - kg.apc.jmeter.PluginsCMDWorker: Using JMeterPluginsCMD v. N/A 
2017/10/16 18:31:27 WARN  - kg.apc.jmeter.JMeterPluginsUtils: JMeter env exists. No one should see this normally. 
2017/10/16 18:31:27 INFO  - kg.apc.charting.GraphPanelChart: Saving PNG to C:\perf_project_git\EAS_4.6\Output\List_Offers\30user\JmeterResults\HitsPerSecond.png 
2017/10/16 18:31:27 INFO  - kg.apc.jmeter.listener.GraphsGeneratorListener: Successful generation of file C:\perf_project_git\EAS_4.6\Output\List_Offers\30user\JmeterResults\HitsPerSecond by plugin:HitsPerSecond 
2017/10/16 18:31:27 INFO  - kg.apc.jmeter.PluginsCMDWorker: Using JMeterPluginsCMD v. N/A 
2017/10/16 18:31:27 WARN  - kg.apc.jmeter.JMeterPluginsUtils: JMeter env exists. No one should see this normally. 
2017/10/16 18:31:28 INFO  - kg.apc.charting.GraphPanelChart: Saving PNG to C:\perf_project_git\EAS_4.6\Output\List_Offers\30user\JmeterResults\BytesThroughputOverTime.png 
2017/10/16 18:31:28 INFO  - kg.apc.jmeter.listener.GraphsGeneratorListener: Successful generation of file C:\perf_project_git\EAS_4.6\Output\List_Offers\30user\JmeterResults\BytesThroughputOverTime by plugin:BytesThroughputOverTime 
2017/10/16 18:31:28 INFO  - kg.apc.jmeter.PluginsCMDWorker: Using JMeterPluginsCMD v. N/A 
2017/10/16 18:31:28 WARN  - kg.apc.jmeter.JMeterPluginsUtils: JMeter env exists. No one should see this normally. 
2017/10/16 18:31:28 INFO  - kg.apc.charting.GraphPanelChart: Saving PNG to C:\perf_project_git\EAS_4.6\Output\List_Offers\30user\JmeterResults\LatenciesOverTime.png 
2017/10/16 18:31:28 INFO  - kg.apc.jmeter.listener.GraphsGeneratorListener: Successful generation of file C:\perf_project_git\EAS_4.6\Output\List_Offers\30user\JmeterResults\LatenciesOverTime by plugin:LatenciesOverTime 
2017/10/16 18:31:28 INFO  - kg.apc.jmeter.PluginsCMDWorker: Using JMeterPluginsCMD v. N/A 
2017/10/16 18:31:28 WARN  - kg.apc.jmeter.JMeterPluginsUtils: JMeter env exists. No one should see this normally. 
2017/10/16 18:31:28 INFO  - kg.apc.charting.GraphPanelChart: Saving PNG to C:\perf_project_git\EAS_4.6\Output\List_Offers\30user\JmeterResults\ResponseCodesPerSecond.png 
2017/10/16 18:31:28 INFO  - kg.apc.jmeter.listener.GraphsGeneratorListener: Successful generation of file C:\perf_project_git\EAS_4.6\Output\List_Offers\30user\JmeterResults\ResponseCodesPerSecond by plugin:ResponseCodesPerSecond 
2017/10/16 18:31:28 INFO  - kg.apc.jmeter.PluginsCMDWorker: Using JMeterPluginsCMD v. N/A 
2017/10/16 18:31:28 WARN  - kg.apc.jmeter.JMeterPluginsUtils: JMeter env exists. No one should see this normally. 
2017/10/16 18:31:29 INFO  - kg.apc.charting.GraphPanelChart: Saving PNG to C:\perf_project_git\EAS_4.6\Output\List_Offers\30user\JmeterResults\TransactionsPerSecond.png 
2017/10/16 18:31:29 INFO  - kg.apc.jmeter.listener.GraphsGeneratorListener: Successful generation of file C:\perf_project_git\EAS_4.6\Output\List_Offers\30user\JmeterResults\TransactionsPerSecond by plugin:TransactionsPerSecond 
2017/10/16 18:31:29 INFO  - kg.apc.jmeter.PluginsCMDWorker: Using JMeterPluginsCMD v. N/A 
2017/10/16 18:31:29 WARN  - kg.apc.jmeter.JMeterPluginsUtils: JMeter env exists. No one should see this normally. 
2017/10/16 18:31:29 INFO  - kg.apc.charting.GraphPanelChart: Saving PNG to C:\perf_project_git\EAS_4.6\Output\List_Offers\30user\JmeterResults\ResponseTimesDistribution.png 
2017/10/16 18:31:29 INFO  - kg.apc.jmeter.listener.GraphsGeneratorListener: Successful generation of file C:\perf_project_git\EAS_4.6\Output\List_Offers\30user\JmeterResults\ResponseTimesDistribution by plugin:ResponseTimesDistribution 
2017/10/16 18:31:29 INFO  - kg.apc.jmeter.PluginsCMDWorker: Using JMeterPluginsCMD v. N/A 
2017/10/16 18:31:29 WARN  - kg.apc.jmeter.JMeterPluginsUtils: JMeter env exists. No one should see this normally. 
2017/10/16 18:31:30 INFO  - kg.apc.charting.GraphPanelChart: Saving PNG to C:\perf_project_git\EAS_4.6\Output\List_Offers\30user\JmeterResults\ResponseTimesPercentiles.png 
2017/10/16 18:31:30 INFO  - kg.apc.jmeter.listener.GraphsGeneratorListener: Successful generation of file C:\perf_project_git\EAS_4.6\Output\List_Offers\30user\JmeterResults\ResponseTimesPercentiles by plugin:ResponseTimesPercentiles 
2017/10/16 18:31:30 INFO  - kg.apc.jmeter.PluginsCMDWorker: Using JMeterPluginsCMD v. N/A 
2017/10/16 18:31:30 WARN  - kg.apc.jmeter.JMeterPluginsUtils: JMeter env exists. No one should see this normally. 
2017/10/16 18:31:30 INFO  - kg.apc.charting.GraphPanelChart: Saving PNG to C:\perf_project_git\EAS_4.6\Output\List_Offers\30user\JmeterResults\ThreadsStateOverTime.png 
2017/10/16 18:31:30 INFO  - kg.apc.jmeter.listener.GraphsGeneratorListener: Successful generation of file C:\perf_project_git\EAS_4.6\Output\List_Offers\30user\JmeterResults\ThreadsStateOverTime by plugin:ThreadsStateOverTime 
2017/10/16 18:31:30 INFO  - kg.apc.jmeter.PluginsCMDWorker: Using JMeterPluginsCMD v. N/A 
2017/10/16 18:31:30 WARN  - kg.apc.jmeter.JMeterPluginsUtils: JMeter env exists. No one should see this normally. 
2017/10/16 18:31:30 INFO  - kg.apc.charting.GraphPanelChart: Saving PNG to C:\perf_project_git\EAS_4.6\Output\List_Offers\30user\JmeterResults\TimesVsThreads.png 
2017/10/16 18:31:31 INFO  - kg.apc.jmeter.listener.GraphsGeneratorListener: Successful generation of file C:\perf_project_git\EAS_4.6\Output\List_Offers\30user\JmeterResults\TimesVsThreads by plugin:TimesVsThreads 
2017/10/16 18:31:31 INFO  - kg.apc.jmeter.PluginsCMDWorker: Using JMeterPluginsCMD v. N/A 
2017/10/16 18:31:31 WARN  - kg.apc.jmeter.JMeterPluginsUtils: JMeter env exists. No one should see this normally. 
2017/10/16 18:31:31 INFO  - kg.apc.charting.GraphPanelChart: Saving PNG to C:\perf_project_git\EAS_4.6\Output\List_Offers\30user\JmeterResults\ThroughputVsThreads.png 
2017/10/16 18:31:31 INFO  - kg.apc.jmeter.listener.GraphsGeneratorListener: Successful generation of file C:\perf_project_git\EAS_4.6\Output\List_Offers\30user\JmeterResults\ThroughputVsThreads by plugin:ThroughputVsThreads 
2017/10/16 18:31:31 INFO  - jmeter.reporters.Summariser: summary +    249 in 00:00:32 =    7.9/s Avg:   882 Min:     7 Max:  3318 Err:     0 (0.00%) Active: 0 Started: 30 Finished: 30 
2017/10/16 18:31:31 INFO  - jmeter.reporters.Summariser: summary =    330 in 00:00:44 =    7.5/s Avg:   814 Min:     7 Max:  3318 Err:     0 (0.00%) 
